[0.097s] DEBUG:colcon:Command line arguments: ['/usr/bin/colcon', 'build']
[0.097s] DEBUG:colcon:Parsed command line arguments: Namespace(log_base=None, log_level=None, verb_name='build', build_base='build', install_base='install', merge_install=False, symlink_install=False, test_result_base=None, continue_on_error=False, executor='parallel', parallel_workers=8, event_handlers=None, ignore_user_meta=False, metas=['./colcon.meta'], base_paths=['.'], packages_ignore=None, packages_ignore_regex=None, paths=None, packages_up_to=None, packages_up_to_regex=None, packages_above=None, packages_above_and_dependencies=None, packages_above_depth=None, packages_select_by_dep=None, packages_skip_by_dep=None, packages_skip_up_to=None, packages_select_build_failed=False, packages_skip_build_finished=False, packages_select_test_failures=False, packages_skip_test_passed=False, packages_select=None, packages_skip=None, packages_select_regex=None, packages_skip_regex=None, packages_start=None, packages_end=None, allow_overriding=[], cmake_args=None, cmake_target=None, cmake_target_skip_unavailable=False, cmake_clean_cache=False, cmake_clean_first=False, cmake_force_configure=False, ament_cmake_args=None, catkin_cmake_args=None, catkin_skip_building_tests=False, mixin_files=None, mixin=None, verb_parser=<colcon_mixin.mixin.mixin_argument.MixinArgumentDecorator object at 0x749c41885660>, verb_extension=<colcon_core.verb.build.BuildVerb object at 0x749c41884ca0>, main=<bound method BuildVerb.main of <colcon_core.verb.build.BuildVerb object at 0x749c41884ca0>>, mixin_verb=('build',))
[0.281s] Level 1:colcon.colcon_core.package_discovery:discover_packages(colcon_meta) check parameters
[0.281s] Level 1:colcon.colcon_core.package_discovery:discover_packages(recursive) check parameters
[0.281s] Level 1:colcon.colcon_core.package_discovery:discover_packages(ignore) check parameters
[0.281s] Level 1:colcon.colcon_core.package_discovery:discover_packages(path) check parameters
[0.281s] Level 1:colcon.colcon_core.package_discovery:discover_packages(colcon_meta) discover
[0.282s] Level 1:colcon.colcon_core.package_discovery:discover_packages(recursive) discover
[0.282s] INFO:colcon.colcon_core.package_discovery:Crawling recursively for packages in '/home/vyom/ros2_ws'
[0.282s] Level 1:colcon.colcon_core.package_identification:_identify(.) by extensions ['ignore', 'ignore_ament_install']
[0.282s] Level 1:colcon.colcon_core.package_identification:_identify(.) by extension 'ignore'
[0.282s] Level 1:colcon.colcon_core.package_identification:_identify(.) by extension 'ignore_ament_install'
[0.282s] Level 1:colcon.colcon_core.package_identification:_identify(.) by extensions ['colcon_pkg']
[0.282s] Level 1:colcon.colcon_core.package_identification:_identify(.) by extension 'colcon_pkg'
[0.282s] Level 1:colcon.colcon_core.package_identification:_identify(.) by extensions ['colcon_meta']
[0.282s] Level 1:colcon.colcon_core.package_identification:_identify(.) by extension 'colcon_meta'
[0.282s] Level 1:colcon.colcon_core.package_identification:_identify(.) by extensions ['ros']
[0.282s] Level 1:colcon.colcon_core.package_identification:_identify(.) by extension 'ros'
[0.300s] Level 1:colcon.colcon_core.package_identification:_identify(.) by extensions ['cmake', 'python']
[0.300s] Level 1:colcon.colcon_core.package_identification:_identify(.) by extension 'cmake'
[0.300s] Level 1:colcon.colcon_core.package_identification:_identify(.) by extension 'python'
[0.300s] Level 1:colcon.colcon_core.package_identification:_identify(.) by extensions ['python_setup_py']
[0.301s] Level 1:colcon.colcon_core.package_identification:_identify(.) by extension 'python_setup_py'
[0.301s] Level 1:colcon.colcon_core.package_identification:_identify(build) by extensions ['ignore', 'ignore_ament_install']
[0.301s] Level 1:colcon.colcon_core.package_identification:_identify(build) by extension 'ignore'
[0.301s] Level 1:colcon.colcon_core.package_identification:_identify(build) ignored
[0.301s] Level 1:colcon.colcon_core.package_identification:_identify(install) by extensions ['ignore', 'ignore_ament_install']
[0.301s] Level 1:colcon.colcon_core.package_identification:_identify(install) by extension 'ignore'
[0.301s] Level 1:colcon.colcon_core.package_identification:_identify(install) ignored
[0.301s] Level 1:colcon.colcon_core.package_identification:_identify(log) by extensions ['ignore', 'ignore_ament_install']
[0.301s] Level 1:colcon.colcon_core.package_identification:_identify(log) by extension 'ignore'
[0.301s] Level 1:colcon.colcon_core.package_identification:_identify(log) ignored
[0.301s] Level 1:colcon.colcon_core.package_identification:_identify(media) by extensions ['ignore', 'ignore_ament_install']
[0.301s] Level 1:colcon.colcon_core.package_identification:_identify(media) by extension 'ignore'
[0.301s] Level 1:colcon.colcon_core.package_identification:_identify(media) by extension 'ignore_ament_install'
[0.301s] Level 1:colcon.colcon_core.package_identification:_identify(media) by extensions ['colcon_pkg']
[0.301s] Level 1:colcon.colcon_core.package_identification:_identify(media) by extension 'colcon_pkg'
[0.301s] Level 1:colcon.colcon_core.package_identification:_identify(media) by extensions ['colcon_meta']
[0.301s] Level 1:colcon.colcon_core.package_identification:_identify(media) by extension 'colcon_meta'
[0.301s] Level 1:colcon.colcon_core.package_identification:_identify(media) by extensions ['ros']
[0.301s] Level 1:colcon.colcon_core.package_identification:_identify(media) by extension 'ros'
[0.301s] Level 1:colcon.colcon_core.package_identification:_identify(media) by extensions ['cmake', 'python']
[0.302s] Level 1:colcon.colcon_core.package_identification:_identify(media) by extension 'cmake'
[0.302s] Level 1:colcon.colcon_core.package_identification:_identify(media) by extension 'python'
[0.302s] Level 1:colcon.colcon_core.package_identification:_identify(media) by extensions ['python_setup_py']
[0.302s] Level 1:colcon.colcon_core.package_identification:_identify(media) by extension 'python_setup_py'
[0.302s] Level 1:colcon.colcon_core.package_identification:_identify(src) by extensions ['ignore', 'ignore_ament_install']
[0.302s] Level 1:colcon.colcon_core.package_identification:_identify(src) by extension 'ignore'
[0.302s] Level 1:colcon.colcon_core.package_identification:_identify(src) by extension 'ignore_ament_install'
[0.302s] Level 1:colcon.colcon_core.package_identification:_identify(src) by extensions ['colcon_pkg']
[0.302s] Level 1:colcon.colcon_core.package_identification:_identify(src) by extension 'colcon_pkg'
[0.302s] Level 1:colcon.colcon_core.package_identification:_identify(src) by extensions ['colcon_meta']
[0.302s] Level 1:colcon.colcon_core.package_identification:_identify(src) by extension 'colcon_meta'
[0.302s] Level 1:colcon.colcon_core.package_identification:_identify(src) by extensions ['ros']
[0.302s] Level 1:colcon.colcon_core.package_identification:_identify(src) by extension 'ros'
[0.302s] Level 1:colcon.colcon_core.package_identification:_identify(src) by extensions ['cmake', 'python']
[0.302s] Level 1:colcon.colcon_core.package_identification:_identify(src) by extension 'cmake'
[0.302s] Level 1:colcon.colcon_core.package_identification:_identify(src) by extension 'python'
[0.302s] Level 1:colcon.colcon_core.package_identification:_identify(src) by extensions ['python_setup_py']
[0.302s] Level 1:colcon.colcon_core.package_identification:_identify(src) by extension 'python_setup_py'
[0.302s] Level 1:colcon.colcon_core.package_identification:_identify(src/cpp_pubsub) by extensions ['ignore', 'ignore_ament_install']
[0.302s] Level 1:colcon.colcon_core.package_identification:_identify(src/cpp_pubsub) by extension 'ignore'
[0.302s] Level 1:colcon.colcon_core.package_identification:_identify(src/cpp_pubsub) by extension 'ignore_ament_install'
[0.302s] Level 1:colcon.colcon_core.package_identification:_identify(src/cpp_pubsub) by extensions ['colcon_pkg']
[0.302s] Level 1:colcon.colcon_core.package_identification:_identify(src/cpp_pubsub) by extension 'colcon_pkg'
[0.302s] Level 1:colcon.colcon_core.package_identification:_identify(src/cpp_pubsub) by extensions ['colcon_meta']
[0.302s] Level 1:colcon.colcon_core.package_identification:_identify(src/cpp_pubsub) by extension 'colcon_meta'
[0.302s] Level 1:colcon.colcon_core.package_identification:_identify(src/cpp_pubsub) by extensions ['ros']
[0.302s] Level 1:colcon.colcon_core.package_identification:_identify(src/cpp_pubsub) by extension 'ros'
[0.311s] DEBUG:colcon.colcon_core.package_identification:Package 'src/cpp_pubsub' with type 'ros.ament_cmake' and name 'cpp_pubsub'
[0.311s] Level 1:colcon.colcon_core.package_identification:_identify(src/maps) by extensions ['ignore', 'ignore_ament_install']
[0.312s] Level 1:colcon.colcon_core.package_identification:_identify(src/maps) by extension 'ignore'
[0.312s] Level 1:colcon.colcon_core.package_identification:_identify(src/maps) by extension 'ignore_ament_install'
[0.312s] Level 1:colcon.colcon_core.package_identification:_identify(src/maps) by extensions ['colcon_pkg']
[0.312s] Level 1:colcon.colcon_core.package_identification:_identify(src/maps) by extension 'colcon_pkg'
[0.312s] Level 1:colcon.colcon_core.package_identification:_identify(src/maps) by extensions ['colcon_meta']
[0.312s] Level 1:colcon.colcon_core.package_identification:_identify(src/maps) by extension 'colcon_meta'
[0.312s] Level 1:colcon.colcon_core.package_identification:_identify(src/maps) by extensions ['ros']
[0.312s] Level 1:colcon.colcon_core.package_identification:_identify(src/maps) by extension 'ros'
[0.312s] Level 1:colcon.colcon_core.package_identification:_identify(src/maps) by extensions ['cmake', 'python']
[0.312s] Level 1:colcon.colcon_core.package_identification:_identify(src/maps) by extension 'cmake'
[0.312s] Level 1:colcon.colcon_core.package_identification:_identify(src/maps) by extension 'python'
[0.312s] Level 1:colcon.colcon_core.package_identification:_identify(src/maps) by extensions ['python_setup_py']
[0.312s] Level 1:colcon.colcon_core.package_identification:_identify(src/maps) by extension 'python_setup_py'
[0.312s] Level 1:colcon.colcon_core.package_identification:_identify(src/my_launch_files) by extensions ['ignore', 'ignore_ament_install']
[0.312s] Level 1:colcon.colcon_core.package_identification:_identify(src/my_launch_files) by extension 'ignore'
[0.312s] Level 1:colcon.colcon_core.package_identification:_identify(src/my_launch_files) by extension 'ignore_ament_install'
[0.312s] Level 1:colcon.colcon_core.package_identification:_identify(src/my_launch_files) by extensions ['colcon_pkg']
[0.312s] Level 1:colcon.colcon_core.package_identification:_identify(src/my_launch_files) by extension 'colcon_pkg'
[0.312s] Level 1:colcon.colcon_core.package_identification:_identify(src/my_launch_files) by extensions ['colcon_meta']
[0.313s] Level 1:colcon.colcon_core.package_identification:_identify(src/my_launch_files) by extension 'colcon_meta'
[0.313s] Level 1:colcon.colcon_core.package_identification:_identify(src/my_launch_files) by extensions ['ros']
[0.313s] Level 1:colcon.colcon_core.package_identification:_identify(src/my_launch_files) by extension 'ros'
[0.313s] DEBUG:colcon.colcon_core.package_identification:Package 'src/my_launch_files' with type 'ros.ament_python' and name 'my_launch_files'
[0.314s] Level 1:colcon.colcon_core.package_identification:_identify(src/py_pubsub) by extensions ['ignore', 'ignore_ament_install']
[0.314s] Level 1:colcon.colcon_core.package_identification:_identify(src/py_pubsub) by extension 'ignore'
[0.314s] Level 1:colcon.colcon_core.package_identification:_identify(src/py_pubsub) by extension 'ignore_ament_install'
[0.314s] Level 1:colcon.colcon_core.package_identification:_identify(src/py_pubsub) by extensions ['colcon_pkg']
[0.314s] Level 1:colcon.colcon_core.package_identification:_identify(src/py_pubsub) by extension 'colcon_pkg'
[0.314s] Level 1:colcon.colcon_core.package_identification:_identify(src/py_pubsub) by extensions ['colcon_meta']
[0.314s] Level 1:colcon.colcon_core.package_identification:_identify(src/py_pubsub) by extension 'colcon_meta'
[0.314s] Level 1:colcon.colcon_core.package_identification:_identify(src/py_pubsub) by extensions ['ros']
[0.314s] Level 1:colcon.colcon_core.package_identification:_identify(src/py_pubsub) by extension 'ros'
[0.315s] DEBUG:colcon.colcon_core.package_identification:Package 'src/py_pubsub' with type 'ros.ament_python' and name 'py_pubsub'
[0.315s] Level 1:colcon.colcon_core.package_identification:_identify(src/worlds) by extensions ['ignore', 'ignore_ament_install']
[0.315s] Level 1:colcon.colcon_core.package_identification:_identify(src/worlds) by extension 'ignore'
[0.315s] Level 1:colcon.colcon_core.package_identification:_identify(src/worlds) by extension 'ignore_ament_install'
[0.315s] Level 1:colcon.colcon_core.package_identification:_identify(src/worlds) by extensions ['colcon_pkg']
[0.315s] Level 1:colcon.colcon_core.package_identification:_identify(src/worlds) by extension 'colcon_pkg'
[0.315s] Level 1:colcon.colcon_core.package_identification:_identify(src/worlds) by extensions ['colcon_meta']
[0.315s] Level 1:colcon.colcon_core.package_identification:_identify(src/worlds) by extension 'colcon_meta'
[0.315s] Level 1:colcon.colcon_core.package_identification:_identify(src/worlds) by extensions ['ros']
[0.315s] Level 1:colcon.colcon_core.package_identification:_identify(src/worlds) by extension 'ros'
[0.315s] Level 1:colcon.colcon_core.package_identification:_identify(src/worlds) by extensions ['cmake', 'python']
[0.315s] Level 1:colcon.colcon_core.package_identification:_identify(src/worlds) by extension 'cmake'
[0.315s] Level 1:colcon.colcon_core.package_identification:_identify(src/worlds) by extension 'python'
[0.315s] Level 1:colcon.colcon_core.package_identification:_identify(src/worlds) by extensions ['python_setup_py']
[0.315s] Level 1:colcon.colcon_core.package_identification:_identify(src/worlds) by extension 'python_setup_py'
[0.315s] Level 1:colcon.colcon_core.package_discovery:discover_packages(recursive) using defaults
[0.315s] Level 1:colcon.colcon_core.package_discovery:discover_packages(ignore) discover
[0.315s] Level 1:colcon.colcon_core.package_discovery:discover_packages(ignore) using defaults
[0.315s] Level 1:colcon.colcon_core.package_discovery:discover_packages(path) discover
[0.315s] Level 1:colcon.colcon_core.package_discovery:discover_packages(path) using defaults
[0.333s] Level 1:colcon.colcon_core.package_discovery:discover_packages(prefix_path) check parameters
[0.333s] Level 1:colcon.colcon_core.package_discovery:discover_packages(prefix_path) discover
[0.335s] DEBUG:colcon.colcon_installed_package_information.package_discovery:Found 1 installed packages in /home/vyom/ldlidar_ros2_ws/install
[0.335s] DEBUG:colcon.colcon_installed_package_information.package_discovery:Found 1 installed packages in /home/vyom/ydlidar_ros2_ws/install
[0.336s] DEBUG:colcon.colcon_installed_package_information.package_discovery:Found 3 installed packages in /home/vyom/turtlebot3_ws/install
[0.336s] DEBUG:colcon.colcon_installed_package_information.package_discovery:Found 3 installed packages in /home/vyom/ros2_ws/install
[0.336s] DEBUG:colcon.colcon_installed_package_information.package_discovery:Found 22 installed packages in /home/vyom/install
[0.337s] DEBUG:colcon.colcon_installed_package_information.package_discovery:Found 3 installed packages in /home/vyom/microros_ws/install
[0.337s] DEBUG:colcon.colcon_installed_package_information.package_discovery:Found 2 installed packages in /home/vyom/drishti_6otu(1)/install
[0.338s] DEBUG:colcon.colcon_installed_package_information.package_discovery:Found 396 installed packages in /opt/ros/humble
[0.341s] Level 1:colcon.colcon_core.package_discovery:discover_packages(prefix_path) using defaults
[0.386s] Level 5:colcon.colcon_core.verb:set package 'cpp_pubsub' build argument 'cmake_args' from command line to 'None'
[0.386s] Level 5:colcon.colcon_core.verb:set package 'cpp_pubsub' build argument 'cmake_target' from command line to 'None'
[0.386s] Level 5:colcon.colcon_core.verb:set package 'cpp_pubsub' build argument 'cmake_target_skip_unavailable' from command line to 'False'
[0.386s] Level 5:colcon.colcon_core.verb:set package 'cpp_pubsub' build argument 'cmake_clean_cache' from command line to 'False'
[0.386s] Level 5:colcon.colcon_core.verb:set package 'cpp_pubsub' build argument 'cmake_clean_first' from command line to 'False'
[0.386s] Level 5:colcon.colcon_core.verb:set package 'cpp_pubsub' build argument 'cmake_force_configure' from command line to 'False'
[0.386s] Level 5:colcon.colcon_core.verb:set package 'cpp_pubsub' build argument 'ament_cmake_args' from command line to 'None'
[0.386s] Level 5:colcon.colcon_core.verb:set package 'cpp_pubsub' build argument 'catkin_cmake_args' from command line to 'None'
[0.386s] Level 5:colcon.colcon_core.verb:set package 'cpp_pubsub' build argument 'catkin_skip_building_tests' from command line to 'False'
[0.386s] DEBUG:colcon.colcon_core.verb:Building package 'cpp_pubsub' with the following arguments: {'ament_cmake_args': None, 'build_base': '/home/vyom/ros2_ws/build/cpp_pubsub', 'catkin_cmake_args': None, 'catkin_skip_building_tests': False, 'cmake_args': None, 'cmake_clean_cache': False, 'cmake_clean_first': False, 'cmake_force_configure': False, 'cmake_target': None, 'cmake_target_skip_unavailable': False, 'install_base': '/home/vyom/ros2_ws/install/cpp_pubsub', 'merge_install': False, 'path': '/home/vyom/ros2_ws/src/cpp_pubsub', 'symlink_install': False, 'test_result_base': None}
[0.387s] Level 5:colcon.colcon_core.verb:set package 'my_launch_files' build argument 'cmake_args' from command line to 'None'
[0.387s] Level 5:colcon.colcon_core.verb:set package 'my_launch_files' build argument 'cmake_target' from command line to 'None'
[0.387s] Level 5:colcon.colcon_core.verb:set package 'my_launch_files' build argument 'cmake_target_skip_unavailable' from command line to 'False'
[0.387s] Level 5:colcon.colcon_core.verb:set package 'my_launch_files' build argument 'cmake_clean_cache' from command line to 'False'
[0.387s] Level 5:colcon.colcon_core.verb:set package 'my_launch_files' build argument 'cmake_clean_first' from command line to 'False'
[0.387s] Level 5:colcon.colcon_core.verb:set package 'my_launch_files' build argument 'cmake_force_configure' from command line to 'False'
[0.387s] Level 5:colcon.colcon_core.verb:set package 'my_launch_files' build argument 'ament_cmake_args' from command line to 'None'
[0.387s] Level 5:colcon.colcon_core.verb:set package 'my_launch_files' build argument 'catkin_cmake_args' from command line to 'None'
[0.387s] Level 5:colcon.colcon_core.verb:set package 'my_launch_files' build argument 'catkin_skip_building_tests' from command line to 'False'
[0.387s] DEBUG:colcon.colcon_core.verb:Building package 'my_launch_files' with the following arguments: {'ament_cmake_args': None, 'build_base': '/home/vyom/ros2_ws/build/my_launch_files', 'catkin_cmake_args': None, 'catkin_skip_building_tests': False, 'cmake_args': None, 'cmake_clean_cache': False, 'cmake_clean_first': False, 'cmake_force_configure': False, 'cmake_target': None, 'cmake_target_skip_unavailable': False, 'install_base': '/home/vyom/ros2_ws/install/my_launch_files', 'merge_install': False, 'path': '/home/vyom/ros2_ws/src/my_launch_files', 'symlink_install': False, 'test_result_base': None}
[0.387s] Level 5:colcon.colcon_core.verb:set package 'py_pubsub' build argument 'cmake_args' from command line to 'None'
[0.387s] Level 5:colcon.colcon_core.verb:set package 'py_pubsub' build argument 'cmake_target' from command line to 'None'
[0.387s] Level 5:colcon.colcon_core.verb:set package 'py_pubsub' build argument 'cmake_target_skip_unavailable' from command line to 'False'
[0.387s] Level 5:colcon.colcon_core.verb:set package 'py_pubsub' build argument 'cmake_clean_cache' from command line to 'False'
[0.387s] Level 5:colcon.colcon_core.verb:set package 'py_pubsub' build argument 'cmake_clean_first' from command line to 'False'
[0.387s] Level 5:colcon.colcon_core.verb:set package 'py_pubsub' build argument 'cmake_force_configure' from command line to 'False'
[0.387s] Level 5:colcon.colcon_core.verb:set package 'py_pubsub' build argument 'ament_cmake_args' from command line to 'None'
[0.387s] Level 5:colcon.colcon_core.verb:set package 'py_pubsub' build argument 'catkin_cmake_args' from command line to 'None'
[0.387s] Level 5:colcon.colcon_core.verb:set package 'py_pubsub' build argument 'catkin_skip_building_tests' from command line to 'False'
[0.387s] DEBUG:colcon.colcon_core.verb:Building package 'py_pubsub' with the following arguments: {'ament_cmake_args': None, 'build_base': '/home/vyom/ros2_ws/build/py_pubsub', 'catkin_cmake_args': None, 'catkin_skip_building_tests': False, 'cmake_args': None, 'cmake_clean_cache': False, 'cmake_clean_first': False, 'cmake_force_configure': False, 'cmake_target': None, 'cmake_target_skip_unavailable': False, 'install_base': '/home/vyom/ros2_ws/install/py_pubsub', 'merge_install': False, 'path': '/home/vyom/ros2_ws/src/py_pubsub', 'symlink_install': False, 'test_result_base': None}
[0.387s] INFO:colcon.colcon_core.executor:Executing jobs using 'parallel' executor
[0.389s] DEBUG:colcon.colcon_parallel_executor.executor.parallel:run_until_complete
[0.389s] INFO:colcon.colcon_ros.task.ament_cmake.build:Building ROS package in '/home/vyom/ros2_ws/src/cpp_pubsub' with build type 'ament_cmake'
[0.389s] INFO:colcon.colcon_cmake.task.cmake.build:Building CMake package in '/home/vyom/ros2_ws/src/cpp_pubsub'
[0.391s] INFO:colcon.colcon_core.plugin_system:Skipping extension 'colcon_core.shell.bat': Not used on non-Windows systems
[0.391s] INFO:colcon.colcon_core.shell:Skip shell extension 'powershell' for command environment: Not usable outside of PowerShell
[0.391s] DEBUG:colcon.colcon_core.shell:Skip shell extension 'dsv' for command environment
[0.398s] INFO:colcon.colcon_ros.task.ament_python.build:Building ROS package in '/home/vyom/ros2_ws/src/my_launch_files' with build type 'ament_python'
[0.398s] Level 1:colcon.colcon_core.shell:create_environment_hook('my_launch_files', 'ament_prefix_path')
[0.399s] INFO:colcon.colcon_core.shell:Creating environment hook '/home/vyom/ros2_ws/install/my_launch_files/share/my_launch_files/hook/ament_prefix_path.ps1'
[0.400s] INFO:colcon.colcon_core.shell:Creating environment descriptor '/home/vyom/ros2_ws/install/my_launch_files/share/my_launch_files/hook/ament_prefix_path.dsv'
[0.400s] INFO:colcon.colcon_core.shell:Creating environment hook '/home/vyom/ros2_ws/install/my_launch_files/share/my_launch_files/hook/ament_prefix_path.sh'
[0.401s] INFO:colcon.colcon_core.shell:Skip shell extension 'powershell' for command environment: Not usable outside of PowerShell
[0.401s] DEBUG:colcon.colcon_core.shell:Skip shell extension 'dsv' for command environment
[0.409s] INFO:colcon.colcon_ros.task.ament_python.build:Building ROS package in '/home/vyom/ros2_ws/src/py_pubsub' with build type 'ament_python'
[0.410s] Level 1:colcon.colcon_core.shell:create_environment_hook('py_pubsub', 'ament_prefix_path')
[0.410s] INFO:colcon.colcon_core.shell:Creating environment hook '/home/vyom/ros2_ws/install/py_pubsub/share/py_pubsub/hook/ament_prefix_path.ps1'
[0.411s] INFO:colcon.colcon_core.shell:Creating environment descriptor '/home/vyom/ros2_ws/install/py_pubsub/share/py_pubsub/hook/ament_prefix_path.dsv'
[0.412s] INFO:colcon.colcon_core.shell:Creating environment hook '/home/vyom/ros2_ws/install/py_pubsub/share/py_pubsub/hook/ament_prefix_path.sh'
[0.412s] INFO:colcon.colcon_core.shell:Skip shell extension 'powershell' for command environment: Not usable outside of PowerShell
[0.413s] DEBUG:colcon.colcon_core.shell:Skip shell extension 'dsv' for command environment
[0.428s] DEBUG:colcon.colcon_core.event_handler.log_command:Invoking command in '/home/vyom/ros2_ws/build/cpp_pubsub': CMAKE_PREFIX_PATH=${CMAKE_PREFIX_PATH}:/home/vyom/ros2_ws/install/py_pubsub:/home/vyom/ros2_ws/install/my_launch_files:/home/vyom/install/launch_testing_examples:/home/vyom/install/examples_rclpy_pointcloud_publisher:/home/vyom/install/examples_rclpy_minimal_subscriber:/home/vyom/install/examples_rclpy_minimal_service:/home/vyom/install/examples_rclpy_minimal_publisher:/home/vyom/install/examples_rclpy_minimal_client:/home/vyom/install/examples_rclpy_minimal_action_server:/home/vyom/install/examples_rclpy_minimal_action_client:/home/vyom/install/examples_rclpy_guard_conditions:/home/vyom/install/examples_rclpy_executors:/opt/ros/humble /usr/bin/cmake --build /home/vyom/ros2_ws/build/cpp_pubsub -- -j8 -l8
[0.810s] INFO:colcon.colcon_core.task.python.build:Building Python package in '/home/vyom/ros2_ws/src/my_launch_files'
[0.810s] INFO:colcon.colcon_core.shell:Skip shell extension 'powershell' for command environment: Not usable outside of PowerShell
[0.810s] DEBUG:colcon.colcon_core.shell:Skip shell extension 'dsv' for command environment
[1.155s] INFO:colcon.colcon_core.task.python.build:Building Python package in '/home/vyom/ros2_ws/src/py_pubsub'
[1.158s] INFO:colcon.colcon_core.shell:Skip shell extension 'powershell' for command environment: Not usable outside of PowerShell
[1.158s] DEBUG:colcon.colcon_core.shell:Skip shell extension 'dsv' for command environment
[1.167s] DEBUG:colcon.colcon_core.event_handler.log_command:Invoked command in '/home/vyom/ros2_ws/build/cpp_pubsub' returned '0': CMAKE_PREFIX_PATH=${CMAKE_PREFIX_PATH}:/home/vyom/ros2_ws/install/py_pubsub:/home/vyom/ros2_ws/install/my_launch_files:/home/vyom/install/launch_testing_examples:/home/vyom/install/examples_rclpy_pointcloud_publisher:/home/vyom/install/examples_rclpy_minimal_subscriber:/home/vyom/install/examples_rclpy_minimal_service:/home/vyom/install/examples_rclpy_minimal_publisher:/home/vyom/install/examples_rclpy_minimal_client:/home/vyom/install/examples_rclpy_minimal_action_server:/home/vyom/install/examples_rclpy_minimal_action_client:/home/vyom/install/examples_rclpy_guard_conditions:/home/vyom/install/examples_rclpy_executors:/opt/ros/humble /usr/bin/cmake --build /home/vyom/ros2_ws/build/cpp_pubsub -- -j8 -l8
[1.181s] DEBUG:colcon.colcon_core.event_handler.log_command:Invoking command in '/home/vyom/ros2_ws/build/cpp_pubsub': CMAKE_PREFIX_PATH=${CMAKE_PREFIX_PATH}:/home/vyom/ros2_ws/install/py_pubsub:/home/vyom/ros2_ws/install/my_launch_files:/home/vyom/install/launch_testing_examples:/home/vyom/install/examples_rclpy_pointcloud_publisher:/home/vyom/install/examples_rclpy_minimal_subscriber:/home/vyom/install/examples_rclpy_minimal_service:/home/vyom/install/examples_rclpy_minimal_publisher:/home/vyom/install/examples_rclpy_minimal_client:/home/vyom/install/examples_rclpy_minimal_action_server:/home/vyom/install/examples_rclpy_minimal_action_client:/home/vyom/install/examples_rclpy_guard_conditions:/home/vyom/install/examples_rclpy_executors:/opt/ros/humble /usr/bin/cmake --install /home/vyom/ros2_ws/build/cpp_pubsub
[1.200s] Level 1:colcon.colcon_core.environment:create_environment_scripts_only(cpp_pubsub)
[1.200s] DEBUG:colcon.colcon_core.event_handler.log_command:Invoked command in '/home/vyom/ros2_ws/build/cpp_pubsub' returned '0': CMAKE_PREFIX_PATH=${CMAKE_PREFIX_PATH}:/home/vyom/ros2_ws/install/py_pubsub:/home/vyom/ros2_ws/install/my_launch_files:/home/vyom/install/launch_testing_examples:/home/vyom/install/examples_rclpy_pointcloud_publisher:/home/vyom/install/examples_rclpy_minimal_subscriber:/home/vyom/install/examples_rclpy_minimal_service:/home/vyom/install/examples_rclpy_minimal_publisher:/home/vyom/install/examples_rclpy_minimal_client:/home/vyom/install/examples_rclpy_minimal_action_server:/home/vyom/install/examples_rclpy_minimal_action_client:/home/vyom/install/examples_rclpy_guard_conditions:/home/vyom/install/examples_rclpy_executors:/opt/ros/humble /usr/bin/cmake --install /home/vyom/ros2_ws/build/cpp_pubsub
[1.205s] Level 1:colcon.colcon_core.environment:checking '/home/vyom/ros2_ws/install/cpp_pubsub' for CMake module files
[1.206s] Level 1:colcon.colcon_core.environment:checking '/home/vyom/ros2_ws/install/cpp_pubsub' for CMake config files
[1.206s] Level 1:colcon.colcon_core.shell:create_environment_hook('cpp_pubsub', 'cmake_prefix_path')
[1.207s] INFO:colcon.colcon_core.shell:Creating environment hook '/home/vyom/ros2_ws/install/cpp_pubsub/share/cpp_pubsub/hook/cmake_prefix_path.ps1'
[1.208s] INFO:colcon.colcon_core.shell:Creating environment descriptor '/home/vyom/ros2_ws/install/cpp_pubsub/share/cpp_pubsub/hook/cmake_prefix_path.dsv'
[1.208s] INFO:colcon.colcon_core.shell:Creating environment hook '/home/vyom/ros2_ws/install/cpp_pubsub/share/cpp_pubsub/hook/cmake_prefix_path.sh'
[1.210s] Level 1:colcon.colcon_core.environment:checking '/home/vyom/ros2_ws/install/cpp_pubsub/lib'
[1.210s] Level 1:colcon.colcon_core.environment:checking '/home/vyom/ros2_ws/install/cpp_pubsub/bin'
[1.210s] Level 1:colcon.colcon_core.environment:checking '/home/vyom/ros2_ws/install/cpp_pubsub/lib/pkgconfig/cpp_pubsub.pc'
[1.211s] Level 1:colcon.colcon_core.environment:checking '/home/vyom/ros2_ws/install/cpp_pubsub/lib/python3.10/site-packages'
[1.211s] Level 1:colcon.colcon_core.environment:checking '/home/vyom/ros2_ws/install/cpp_pubsub/bin'
[1.212s] INFO:colcon.colcon_core.shell:Creating package script '/home/vyom/ros2_ws/install/cpp_pubsub/share/cpp_pubsub/package.ps1'
[1.214s] INFO:colcon.colcon_core.shell:Creating package descriptor '/home/vyom/ros2_ws/install/cpp_pubsub/share/cpp_pubsub/package.dsv'
[1.215s] INFO:colcon.colcon_core.shell:Creating package script '/home/vyom/ros2_ws/install/cpp_pubsub/share/cpp_pubsub/package.sh'
[1.216s] INFO:colcon.colcon_core.shell:Creating package script '/home/vyom/ros2_ws/install/cpp_pubsub/share/cpp_pubsub/package.bash'
[1.218s] INFO:colcon.colcon_core.shell:Creating package script '/home/vyom/ros2_ws/install/cpp_pubsub/share/cpp_pubsub/package.zsh'
[1.219s] Level 1:colcon.colcon_core.environment:create_file_with_runtime_dependencies(/home/vyom/ros2_ws/install/cpp_pubsub/share/colcon-core/packages/cpp_pubsub)
[1.220s] Level 1:colcon.colcon_core.environment:create_environment_scripts_only(cpp_pubsub)
[1.221s] Level 1:colcon.colcon_core.environment:checking '/home/vyom/ros2_ws/install/cpp_pubsub' for CMake module files
[1.222s] Level 1:colcon.colcon_core.environment:checking '/home/vyom/ros2_ws/install/cpp_pubsub' for CMake config files
[1.222s] Level 1:colcon.colcon_core.shell:create_environment_hook('cpp_pubsub', 'cmake_prefix_path')
[1.223s] INFO:colcon.colcon_core.shell:Creating environment hook '/home/vyom/ros2_ws/install/cpp_pubsub/share/cpp_pubsub/hook/cmake_prefix_path.ps1'
[1.225s] INFO:colcon.colcon_core.shell:Creating environment descriptor '/home/vyom/ros2_ws/install/cpp_pubsub/share/cpp_pubsub/hook/cmake_prefix_path.dsv'
[1.225s] INFO:colcon.colcon_core.shell:Creating environment hook '/home/vyom/ros2_ws/install/cpp_pubsub/share/cpp_pubsub/hook/cmake_prefix_path.sh'
[1.226s] Level 1:colcon.colcon_core.environment:checking '/home/vyom/ros2_ws/install/cpp_pubsub/lib'
[1.227s] Level 1:colcon.colcon_core.environment:checking '/home/vyom/ros2_ws/install/cpp_pubsub/bin'
[1.227s] Level 1:colcon.colcon_core.environment:checking '/home/vyom/ros2_ws/install/cpp_pubsub/lib/pkgconfig/cpp_pubsub.pc'
[1.227s] Level 1:colcon.colcon_core.environment:checking '/home/vyom/ros2_ws/install/cpp_pubsub/lib/python3.10/site-packages'
[1.228s] Level 1:colcon.colcon_core.environment:checking '/home/vyom/ros2_ws/install/cpp_pubsub/bin'
[1.228s] INFO:colcon.colcon_core.shell:Creating package script '/home/vyom/ros2_ws/install/cpp_pubsub/share/cpp_pubsub/package.ps1'
[1.230s] INFO:colcon.colcon_core.shell:Creating package descriptor '/home/vyom/ros2_ws/install/cpp_pubsub/share/cpp_pubsub/package.dsv'
[1.231s] INFO:colcon.colcon_core.shell:Creating package script '/home/vyom/ros2_ws/install/cpp_pubsub/share/cpp_pubsub/package.sh'
[1.232s] INFO:colcon.colcon_core.shell:Creating package script '/home/vyom/ros2_ws/install/cpp_pubsub/share/cpp_pubsub/package.bash'
[1.233s] INFO:colcon.colcon_core.shell:Creating package script '/home/vyom/ros2_ws/install/cpp_pubsub/share/cpp_pubsub/package.zsh'
[1.233s] Level 1:colcon.colcon_core.environment:create_file_with_runtime_dependencies(/home/vyom/ros2_ws/install/cpp_pubsub/share/colcon-core/packages/cpp_pubsub)
[1.676s] DEBUG:colcon.colcon_core.event_handler.log_command:Invoking command in '/home/vyom/ros2_ws/src/my_launch_files': PYTHONPATH=/home/vyom/ros2_ws/build/my_launch_files/prefix_override:/usr/lib/python3/dist-packages/colcon_core/task/python/colcon_distutils_commands:/home/vyom/ros2_ws/install/my_launch_files/lib/python3.10/site-packages:${PYTHONPATH} /usr/bin/python3 -W ignore:setup.py install is deprecated -W ignore:easy_install command is deprecated setup.py egg_info --egg-base ../../build/my_launch_files build --build-base /home/vyom/ros2_ws/build/my_launch_files/build install --record /home/vyom/ros2_ws/build/my_launch_files/install.log --single-version-externally-managed install_data
[1.701s] DEBUG:colcon.colcon_core.event_handler.log_command:Invoking command in '/home/vyom/ros2_ws/src/py_pubsub': PYTHONPATH=/home/vyom/ros2_ws/build/py_pubsub/prefix_override:/usr/lib/python3/dist-packages/colcon_core/task/python/colcon_distutils_commands:/home/vyom/ros2_ws/install/py_pubsub/lib/python3.10/site-packages:${PYTHONPATH} /usr/bin/python3 -W ignore:setup.py install is deprecated -W ignore:easy_install command is deprecated setup.py egg_info --egg-base ../../build/py_pubsub build --build-base /home/vyom/ros2_ws/build/py_pubsub/build install --record /home/vyom/ros2_ws/build/py_pubsub/install.log --single-version-externally-managed install_data
[2.067s] Level 1:colcon.colcon_core.environment:checking '/home/vyom/ros2_ws/install/my_launch_files' for CMake module files
[2.068s] DEBUG:colcon.colcon_core.event_handler.log_command:Invoked command in '/home/vyom/ros2_ws/src/my_launch_files' returned '0': PYTHONPATH=/home/vyom/ros2_ws/build/my_launch_files/prefix_override:/usr/lib/python3/dist-packages/colcon_core/task/python/colcon_distutils_commands:/home/vyom/ros2_ws/install/my_launch_files/lib/python3.10/site-packages:${PYTHONPATH} /usr/bin/python3 -W ignore:setup.py install is deprecated -W ignore:easy_install command is deprecated setup.py egg_info --egg-base ../../build/my_launch_files build --build-base /home/vyom/ros2_ws/build/my_launch_files/build install --record /home/vyom/ros2_ws/build/my_launch_files/install.log --single-version-externally-managed install_data
[2.069s] Level 1:colcon.colcon_core.environment:checking '/home/vyom/ros2_ws/install/my_launch_files' for CMake config files
[2.070s] Level 1:colcon.colcon_core.environment:checking '/home/vyom/ros2_ws/install/my_launch_files/lib'
[2.070s] Level 1:colcon.colcon_core.environment:checking '/home/vyom/ros2_ws/install/my_launch_files/bin'
[2.070s] Level 1:colcon.colcon_core.environment:checking '/home/vyom/ros2_ws/install/my_launch_files/lib/pkgconfig/my_launch_files.pc'
[2.070s] Level 1:colcon.colcon_core.environment:checking '/home/vyom/ros2_ws/install/my_launch_files/lib/python3.10/site-packages'
[2.070s] Level 1:colcon.colcon_core.shell:create_environment_hook('my_launch_files', 'pythonpath')
[2.071s] INFO:colcon.colcon_core.shell:Creating environment hook '/home/vyom/ros2_ws/install/my_launch_files/share/my_launch_files/hook/pythonpath.ps1'
[2.071s] INFO:colcon.colcon_core.shell:Creating environment descriptor '/home/vyom/ros2_ws/install/my_launch_files/share/my_launch_files/hook/pythonpath.dsv'
[2.072s] INFO:colcon.colcon_core.shell:Creating environment hook '/home/vyom/ros2_ws/install/my_launch_files/share/my_launch_files/hook/pythonpath.sh'
[2.072s] Level 1:colcon.colcon_core.environment:checking '/home/vyom/ros2_ws/install/my_launch_files/bin'
[2.073s] Level 1:colcon.colcon_core.environment:create_environment_scripts_only(my_launch_files)
[2.073s] INFO:colcon.colcon_core.shell:Creating package script '/home/vyom/ros2_ws/install/my_launch_files/share/my_launch_files/package.ps1'
[2.074s] INFO:colcon.colcon_core.shell:Creating package descriptor '/home/vyom/ros2_ws/install/my_launch_files/share/my_launch_files/package.dsv'
[2.074s] INFO:colcon.colcon_core.shell:Creating package script '/home/vyom/ros2_ws/install/my_launch_files/share/my_launch_files/package.sh'
[2.075s] INFO:colcon.colcon_core.shell:Creating package script '/home/vyom/ros2_ws/install/my_launch_files/share/my_launch_files/package.bash'
[2.075s] INFO:colcon.colcon_core.shell:Creating package script '/home/vyom/ros2_ws/install/my_launch_files/share/my_launch_files/package.zsh'
[2.075s] Level 1:colcon.colcon_core.environment:create_file_with_runtime_dependencies(/home/vyom/ros2_ws/install/my_launch_files/share/colcon-core/packages/my_launch_files)
[2.099s] Level 1:colcon.colcon_core.environment:checking '/home/vyom/ros2_ws/install/py_pubsub' for CMake module files
[2.100s] DEBUG:colcon.colcon_core.event_handler.log_command:Invoked command in '/home/vyom/ros2_ws/src/py_pubsub' returned '0': PYTHONPATH=/home/vyom/ros2_ws/build/py_pubsub/prefix_override:/usr/lib/python3/dist-packages/colcon_core/task/python/colcon_distutils_commands:/home/vyom/ros2_ws/install/py_pubsub/lib/python3.10/site-packages:${PYTHONPATH} /usr/bin/python3 -W ignore:setup.py install is deprecated -W ignore:easy_install command is deprecated setup.py egg_info --egg-base ../../build/py_pubsub build --build-base /home/vyom/ros2_ws/build/py_pubsub/build install --record /home/vyom/ros2_ws/build/py_pubsub/install.log --single-version-externally-managed install_data
[2.101s] Level 1:colcon.colcon_core.environment:checking '/home/vyom/ros2_ws/install/py_pubsub' for CMake config files
[2.101s] Level 1:colcon.colcon_core.environment:checking '/home/vyom/ros2_ws/install/py_pubsub/lib'
[2.101s] Level 1:colcon.colcon_core.environment:checking '/home/vyom/ros2_ws/install/py_pubsub/bin'
[2.101s] Level 1:colcon.colcon_core.environment:checking '/home/vyom/ros2_ws/install/py_pubsub/lib/pkgconfig/py_pubsub.pc'
[2.101s] Level 1:colcon.colcon_core.environment:checking '/home/vyom/ros2_ws/install/py_pubsub/lib/python3.10/site-packages'
[2.102s] Level 1:colcon.colcon_core.shell:create_environment_hook('py_pubsub', 'pythonpath')
[2.102s] INFO:colcon.colcon_core.shell:Creating environment hook '/home/vyom/ros2_ws/install/py_pubsub/share/py_pubsub/hook/pythonpath.ps1'
[2.102s] INFO:colcon.colcon_core.shell:Creating environment descriptor '/home/vyom/ros2_ws/install/py_pubsub/share/py_pubsub/hook/pythonpath.dsv'
[2.103s] INFO:colcon.colcon_core.shell:Creating environment hook '/home/vyom/ros2_ws/install/py_pubsub/share/py_pubsub/hook/pythonpath.sh'
[2.103s] Level 1:colcon.colcon_core.environment:checking '/home/vyom/ros2_ws/install/py_pubsub/bin'
[2.104s] Level 1:colcon.colcon_core.environment:create_environment_scripts_only(py_pubsub)
[2.104s] INFO:colcon.colcon_core.shell:Creating package script '/home/vyom/ros2_ws/install/py_pubsub/share/py_pubsub/package.ps1'
[2.105s] INFO:colcon.colcon_core.shell:Creating package descriptor '/home/vyom/ros2_ws/install/py_pubsub/share/py_pubsub/package.dsv'
[2.106s] INFO:colcon.colcon_core.shell:Creating package script '/home/vyom/ros2_ws/install/py_pubsub/share/py_pubsub/package.sh'
[2.106s] INFO:colcon.colcon_core.shell:Creating package script '/home/vyom/ros2_ws/install/py_pubsub/share/py_pubsub/package.bash'
[2.106s] INFO:colcon.colcon_core.shell:Creating package script '/home/vyom/ros2_ws/install/py_pubsub/share/py_pubsub/package.zsh'
[2.107s] Level 1:colcon.colcon_core.environment:create_file_with_runtime_dependencies(/home/vyom/ros2_ws/install/py_pubsub/share/colcon-core/packages/py_pubsub)
[2.107s] DEBUG:colcon.colcon_parallel_executor.executor.parallel:closing loop
[2.107s] DEBUG:colcon.colcon_parallel_executor.executor.parallel:loop closed
[2.107s] DEBUG:colcon.colcon_parallel_executor.executor.parallel:run_until_complete finished with '0'
[2.107s] DEBUG:colcon.colcon_core.event_reactor:joining thread
[2.114s] INFO:colcon.colcon_core.plugin_system:Skipping extension 'colcon_notification.desktop_notification.terminal_notifier': Not used on non-Darwin systems
[2.114s] INFO:colcon.colcon_core.plugin_system:Skipping extension 'colcon_notification.desktop_notification.win32': Not used on non-Windows systems
[2.114s] INFO:colcon.colcon_notification.desktop_notification:Sending desktop notification using 'notify2'
[2.126s] DEBUG:colcon.colcon_core.event_reactor:joined thread
[2.127s] INFO:colcon.colcon_core.shell:Creating prefix script '/home/vyom/ros2_ws/install/local_setup.ps1'
[2.130s] INFO:colcon.colcon_core.shell:Creating prefix util module '/home/vyom/ros2_ws/install/_local_setup_util_ps1.py'
[2.132s] INFO:colcon.colcon_core.shell:Creating prefix chain script '/home/vyom/ros2_ws/install/setup.ps1'
[2.136s] INFO:colcon.colcon_core.shell:Creating prefix script '/home/vyom/ros2_ws/install/local_setup.sh'
[2.137s] INFO:colcon.colcon_core.shell:Creating prefix util module '/home/vyom/ros2_ws/install/_local_setup_util_sh.py'
[2.138s] INFO:colcon.colcon_core.shell:Creating prefix chain script '/home/vyom/ros2_ws/install/setup.sh'
[2.141s] INFO:colcon.colcon_core.shell:Creating prefix script '/home/vyom/ros2_ws/install/local_setup.bash'
[2.142s] INFO:colcon.colcon_core.shell:Creating prefix chain script '/home/vyom/ros2_ws/install/setup.bash'
[2.145s] INFO:colcon.colcon_core.shell:Creating prefix script '/home/vyom/ros2_ws/install/local_setup.zsh'
[2.146s] INFO:colcon.colcon_core.shell:Creating prefix chain script '/home/vyom/ros2_ws/install/setup.zsh'
