running egg_info
writing ../../build/py_pubsub/py_pubsub.egg-info/PKG-INFO
writing dependency_links to ../../build/py_pubsub/py_pubsub.egg-info/dependency_links.txt
writing entry points to ../../build/py_pubsub/py_pubsub.egg-info/entry_points.txt
writing requirements to ../../build/py_pubsub/py_pubsub.egg-info/requires.txt
writing top-level names to ../../build/py_pubsub/py_pubsub.egg-info/top_level.txt
reading manifest file '../../build/py_pubsub/py_pubsub.egg-info/SOURCES.txt'
adding license file 'LICENSE'
writing manifest file '../../build/py_pubsub/py_pubsub.egg-info/SOURCES.txt'
running build
running build_py
running install
running install_lib
running install_data
running install_egg_info
removing '/home/vyom/ros2_ws/install/py_pubsub/lib/python3.10/site-packages/py_pubsub-0.0.0-py3.10.egg-info' (and everything under it)
Copying ../../build/py_pubsub/py_pubsub.egg-info to /home/vyom/ros2_ws/install/py_pubsub/lib/python3.10/site-packages/py_pubsub-0.0.0-py3.10.egg-info
running install_scripts
Installing ekf_slam script to /home/vyom/ros2_ws/install/py_pubsub/lib/py_pubsub
Installing gd script to /home/vyom/ros2_ws/install/py_pubsub/lib/py_pubsub
Installing localization script to /home/vyom/ros2_ws/install/py_pubsub/lib/py_pubsub
Installing m2C script to /home/vyom/ros2_ws/install/py_pubsub/lib/py_pubsub
Installing slam_d script to /home/vyom/ros2_ws/install/py_pubsub/lib/py_pubsub
writing list of installed files to '/home/vyom/ros2_ws/build/py_pubsub/install.log'
