running egg_info
writing ../../build/py_pubsub/py_pubsub.egg-info/PKG-INFO
writing dependency_links to ../../build/py_pubsub/py_pubsub.egg-info/dependency_links.txt
writing entry points to ../../build/py_pubsub/py_pubsub.egg-info/entry_points.txt
writing requirements to ../../build/py_pubsub/py_pubsub.egg-info/requires.txt
writing top-level names to ../../build/py_pubsub/py_pubsub.egg-info/top_level.txt
reading manifest file '../../build/py_pubsub/py_pubsub.egg-info/SOURCES.txt'
adding license file 'LICENSE'
writing manifest file '../../build/py_pubsub/py_pubsub.egg-info/SOURCES.txt'
running build
running build_py
copying py_pubsub/gnd_obj_det.py -> /home/vyom/ros2_ws/build/py_pubsub/build/lib/py_pubsub
copying py_pubsub/EKF_localization.py -> /home/vyom/ros2_ws/build/py_pubsub/build/lib/py_pubsub
running install
running install_lib
copying /home/vyom/ros2_ws/build/py_pubsub/build/lib/py_pubsub/gnd_obj_det.py -> /home/vyom/ros2_ws/install/py_pubsub/lib/python3.10/site-packages/py_pubsub
copying /home/vyom/ros2_ws/build/py_pubsub/build/lib/py_pubsub/EKF_localization.py -> /home/vyom/ros2_ws/install/py_pubsub/lib/python3.10/site-packages/py_pubsub
byte-compiling /home/vyom/ros2_ws/install/py_pubsub/lib/python3.10/site-packages/py_pubsub/gnd_obj_det.py to gnd_obj_det.cpython-310.pyc
byte-compiling /home/vyom/ros2_ws/install/py_pubsub/lib/python3.10/site-packages/py_pubsub/EKF_localization.py to EKF_localization.cpython-310.pyc
running install_data
running install_egg_info
removing '/home/vyom/ros2_ws/install/py_pubsub/lib/python3.10/site-packages/py_pubsub-0.0.0-py3.10.egg-info' (and everything under it)
Copying ../../build/py_pubsub/py_pubsub.egg-info to /home/vyom/ros2_ws/install/py_pubsub/lib/python3.10/site-packages/py_pubsub-0.0.0-py3.10.egg-info
running install_scripts
Installing binary_im script to /home/vyom/ros2_ws/install/py_pubsub/lib/py_pubsub
Installing ekf_slam script to /home/vyom/ros2_ws/install/py_pubsub/lib/py_pubsub
Installing gd script to /home/vyom/ros2_ws/install/py_pubsub/lib/py_pubsub
Installing localization script to /home/vyom/ros2_ws/install/py_pubsub/lib/py_pubsub
Installing m2C script to /home/vyom/ros2_ws/install/py_pubsub/lib/py_pubsub
Installing slam_d script to /home/vyom/ros2_ws/install/py_pubsub/lib/py_pubsub
writing list of installed files to '/home/vyom/ros2_ws/build/py_pubsub/install.log'
