[1.184s] Invoking command in '/home/vyom/ros2_ws/src/py_pubsub': PYTHONPATH=/home/vyom/ros2_ws/build/py_pubsub/prefix_override:/usr/lib/python3/dist-packages/colcon_core/task/python/colcon_distutils_commands:/home/vyom/ros2_ws/install/py_pubsub/lib/python3.10/site-packages:${PYTHONPATH} /usr/bin/python3 -W ignore:setup.py install is deprecated -W ignore:easy_install command is deprecated setup.py egg_info --egg-base ../../build/py_pubsub build --build-base /home/vyom/ros2_ws/build/py_pubsub/build install --record /home/vyom/ros2_ws/build/py_pubsub/install.log --single-version-externally-managed install_data
[1.480s] running egg_info
[1.481s] writing ../../build/py_pubsub/py_pubsub.egg-info/PKG-INFO
[1.481s] writing dependency_links to ../../build/py_pubsub/py_pubsub.egg-info/dependency_links.txt
[1.482s] writing entry points to ../../build/py_pubsub/py_pubsub.egg-info/entry_points.txt
[1.482s] writing requirements to ../../build/py_pubsub/py_pubsub.egg-info/requires.txt
[1.482s] writing top-level names to ../../build/py_pubsub/py_pubsub.egg-info/top_level.txt
[1.484s] reading manifest file '../../build/py_pubsub/py_pubsub.egg-info/SOURCES.txt'
[1.485s] adding license file 'LICENSE'
[1.485s] writing manifest file '../../build/py_pubsub/py_pubsub.egg-info/SOURCES.txt'
[1.485s] running build
[1.486s] running build_py
[1.486s] copying py_pubsub/gnd_obj_det.py -> /home/vyom/ros2_ws/build/py_pubsub/build/lib/py_pubsub
[1.486s] copying py_pubsub/EKF_localization.py -> /home/vyom/ros2_ws/build/py_pubsub/build/lib/py_pubsub
[1.487s] running install
[1.487s] running install_lib
[1.488s] copying /home/vyom/ros2_ws/build/py_pubsub/build/lib/py_pubsub/gnd_obj_det.py -> /home/vyom/ros2_ws/install/py_pubsub/lib/python3.10/site-packages/py_pubsub
[1.489s] copying /home/vyom/ros2_ws/build/py_pubsub/build/lib/py_pubsub/EKF_localization.py -> /home/vyom/ros2_ws/install/py_pubsub/lib/python3.10/site-packages/py_pubsub
[1.490s] byte-compiling /home/vyom/ros2_ws/install/py_pubsub/lib/python3.10/site-packages/py_pubsub/gnd_obj_det.py to gnd_obj_det.cpython-310.pyc
[1.492s] byte-compiling /home/vyom/ros2_ws/install/py_pubsub/lib/python3.10/site-packages/py_pubsub/EKF_localization.py to EKF_localization.cpython-310.pyc
[1.497s] running install_data
[1.497s] running install_egg_info
[1.499s] removing '/home/vyom/ros2_ws/install/py_pubsub/lib/python3.10/site-packages/py_pubsub-0.0.0-py3.10.egg-info' (and everything under it)
[1.500s] Copying ../../build/py_pubsub/py_pubsub.egg-info to /home/vyom/ros2_ws/install/py_pubsub/lib/python3.10/site-packages/py_pubsub-0.0.0-py3.10.egg-info
[1.501s] running install_scripts
[1.527s] Installing binary_im script to /home/vyom/ros2_ws/install/py_pubsub/lib/py_pubsub
[1.527s] Installing ekf_slam script to /home/vyom/ros2_ws/install/py_pubsub/lib/py_pubsub
[1.527s] Installing gd script to /home/vyom/ros2_ws/install/py_pubsub/lib/py_pubsub
[1.527s] Installing localization script to /home/vyom/ros2_ws/install/py_pubsub/lib/py_pubsub
[1.527s] Installing m2C script to /home/vyom/ros2_ws/install/py_pubsub/lib/py_pubsub
[1.528s] Installing slam_d script to /home/vyom/ros2_ws/install/py_pubsub/lib/py_pubsub
[1.528s] writing list of installed files to '/home/vyom/ros2_ws/build/py_pubsub/install.log'
