-- The C compiler identification is GNU 11.4.0
-- The CXX compiler identification is GNU 11.4.0
-- Detecting C compiler ABI info
-- Detecting C compiler ABI info - done
-- Check for working C compiler: /usr/bin/cc - skipped
-- Detecting C compile features
-- Detecting C compile features - done
-- Detecting CXX compiler ABI info
-- Detecting CXX compiler ABI info - done
-- Check for working CXX compiler: /usr/bin/c++ - skipped
-- Detecting CXX compile features
-- Detecting CXX compile features - done
-- Found ament_cmake: 1.3.11 (/opt/ros/humble/share/ament_cmake/cmake)
-- Found Python3: /usr/bin/python3 (found version "3.10.12") found components: Interpreter 
-- Found rclcpp: 16.0.11 (/opt/ros/humble/share/rclcpp/cmake)
-- Found rosidl_generator_c: 3.1.6 (/opt/ros/humble/share/rosidl_generator_c/cmake)
-- Found rosidl_adapter: 3.1.6 (/opt/ros/humble/share/rosidl_adapter/cmake)
-- Found rosidl_generator_cpp: 3.1.6 (/opt/ros/humble/share/rosidl_generator_cpp/cmake)
-- Using all available rosidl_typesupport_c: rosidl_typesupport_fastrtps_c;rosidl_typesupport_introspection_c
-- Using all available rosidl_typesupport_cpp: rosidl_typesupport_fastrtps_cpp;rosidl_typesupport_introspection_cpp
-- Found rmw_implementation_cmake: 6.1.2 (/opt/ros/humble/share/rmw_implementation_cmake/cmake)
-- Found rmw_cyclonedds_cpp: 1.3.4 (/opt/ros/humble/share/rmw_cyclonedds_cpp/cmake)
-- Using RMW implementation 'rmw_cyclonedds_cpp' as default
-- Looking for pthread.h
-- Looking for pthread.h - found
-- Performing Test CMAKE_HAVE_LIBC_PTHREAD
-- Performing Test CMAKE_HAVE_LIBC_PTHREAD - Success
-- Found Threads: TRUE  
-- Found turtlesim: 1.4.2 (/opt/ros/humble/share/turtlesim/cmake)
-- Found geometry_msgs: 4.2.4 (/opt/ros/humble/share/geometry_msgs/cmake)
-- Found nav_msgs: 4.2.4 (/opt/ros/humble/share/nav_msgs/cmake)
-- Found nmea_msgs: 2.0.0 (/opt/ros/humble/share/nmea_msgs/cmake)
-- Found sensor_msgs: 4.2.4 (/opt/ros/humble/share/sensor_msgs/cmake)
-- Found tf2: 0.25.12 (/opt/ros/humble/share/tf2/cmake)
-- Found tf2_geometry_msgs: 0.25.12 (/opt/ros/humble/share/tf2_geometry_msgs/cmake)
-- Found eigen3_cmake_module: 0.1.1 (/opt/ros/humble/share/eigen3_cmake_module/cmake)
-- Found Eigen3: TRUE (found version "3.4.0") 
-- Ensuring Eigen3 include directory is part of orocos-kdl CMake target
-- Found ament_lint_auto: 0.12.11 (/opt/ros/humble/share/ament_lint_auto/cmake)
-- Added test 'cppcheck' to perform static code analysis on C / C++ code
-- Configured cppcheck include dirs: /home/vyom/ros2_ws/src/cpp_pubsub/include
-- Configured cppcheck exclude dirs and/or files: 
-- Added test 'lint_cmake' to check CMake code style
-- Added test 'uncrustify' to check C / C++ code style
-- Configured uncrustify additional arguments: 
-- Added test 'xmllint' to check XML markup files
-- Configuring done
-- Generating done
-- Build files have been written to: /home/vyom/ros2_ws/build/cpp_pubsub
[  3%] [32mBuilding CXX object CMakeFiles/pstryNode.dir/src/ps4_try.cpp.o[0m
[ 10%] [32mBuilding CXX object CMakeFiles/tb3Node.dir/src/first_node.cpp.o[0m
[ 10%] [32mBuilding CXX object CMakeFiles/ps4Node.dir/src/ps4.cpp.o[0m
[ 14%] [32mBuilding CXX object CMakeFiles/gpsNode.dir/src/gps.cpp.o[0m
[ 17%] [32mBuilding CXX object CMakeFiles/autoNode.dir/src/autonomous.cpp.o[0m
[ 21%] [32mBuilding CXX object CMakeFiles/dNode.dir/src/g2g_obs_avoidance_hardware.cpp.o[0m
[ 25%] [32mBuilding CXX object CMakeFiles/xbox_node.dir/src/xbox_node.cpp.o[0m
[ 28%] [32mBuilding CXX object CMakeFiles/finalNode.dir/src/g2g_obs_avoidance_software.cpp.o[0m
[ 32%] [32m[1mLinking CXX executable gpsNode[0m
[ 35%] [32m[1mLinking CXX executable ps4Node[0m
[ 39%] [32m[1mLinking CXX executable pstryNode[0m
[ 42%] [32m[1mLinking CXX executable xbox_node[0m
[ 42%] Built target gpsNode
[ 46%] [32mBuilding CXX object CMakeFiles/armNode.dir/src/arm.cpp.o[0m
[ 46%] Built target ps4Node
[ 50%] [32mBuilding CXX object CMakeFiles/ircNode.dir/src/autex.cpp.o[0m
[ 50%] Built target pstryNode
[ 53%] [32mBuilding CXX object CMakeFiles/IrcNode.dir/src/autex_hardware.cpp.o[0m
[ 53%] Built target xbox_node
[ 57%] [32mBuilding CXX object CMakeFiles/CamNode.dir/src/3d_cam.cpp.o[0m
[ 60%] [32m[1mLinking CXX executable finalNode[0m
[ 64%] [32m[1mLinking CXX executable tb3Node[0m
[ 67%] [32m[1mLinking CXX executable autoNode[0m
[ 67%] Built target finalNode
[ 71%] [32mBuilding CXX object CMakeFiles/combine.dir/src/combined_drive_arm.cpp.o[0m
[ 71%] Built target tb3Node
[ 75%] [32mBuilding CXX object CMakeFiles/lidar.dir/src/lidar.cpp.o[0m
[ 75%] Built target autoNode
[ 78%] [32m[1mLinking CXX executable armNode[0m
[ 78%] Built target armNode
[ 82%] [32m[1mLinking CXX executable dNode[0m
[ 82%] Built target dNode
[ 85%] [32m[1mLinking CXX executable CamNode[0m
[ 85%] Built target CamNode
[ 89%] [32m[1mLinking CXX executable IrcNode[0m
[ 89%] Built target IrcNode
[ 92%] [32m[1mLinking CXX executable combine[0m
[ 92%] Built target combine
[ 96%] [32m[1mLinking CXX executable lidar[0m
[100%] [32m[1mLinking CXX executable ircNode[0m
[100%] Built target lidar
[100%] Built target ircNode
-- Install configuration: ""
-- Installing: /home/vyom/ros2_ws/install/cpp_pubsub/lib/cpp_pubsub/xbox_node
-- Set runtime path of "/home/vyom/ros2_ws/install/cpp_pubsub/lib/cpp_pubsub/xbox_node" to ""
-- Installing: /home/vyom/ros2_ws/install/cpp_pubsub/lib/cpp_pubsub/finalNode
-- Set runtime path of "/home/vyom/ros2_ws/install/cpp_pubsub/lib/cpp_pubsub/finalNode" to ""
-- Installing: /home/vyom/ros2_ws/install/cpp_pubsub/lib/cpp_pubsub/tb3Node
-- Set runtime path of "/home/vyom/ros2_ws/install/cpp_pubsub/lib/cpp_pubsub/tb3Node" to ""
-- Installing: /home/vyom/ros2_ws/install/cpp_pubsub/lib/cpp_pubsub/ps4Node
-- Set runtime path of "/home/vyom/ros2_ws/install/cpp_pubsub/lib/cpp_pubsub/ps4Node" to ""
-- Installing: /home/vyom/ros2_ws/install/cpp_pubsub/lib/cpp_pubsub/pstryNode
-- Set runtime path of "/home/vyom/ros2_ws/install/cpp_pubsub/lib/cpp_pubsub/pstryNode" to ""
-- Installing: /home/vyom/ros2_ws/install/cpp_pubsub/lib/cpp_pubsub/autoNode
-- Set runtime path of "/home/vyom/ros2_ws/install/cpp_pubsub/lib/cpp_pubsub/autoNode" to ""
-- Installing: /home/vyom/ros2_ws/install/cpp_pubsub/lib/cpp_pubsub/gpsNode
-- Set runtime path of "/home/vyom/ros2_ws/install/cpp_pubsub/lib/cpp_pubsub/gpsNode" to ""
-- Installing: /home/vyom/ros2_ws/install/cpp_pubsub/lib/cpp_pubsub/dNode
-- Set runtime path of "/home/vyom/ros2_ws/install/cpp_pubsub/lib/cpp_pubsub/dNode" to ""
-- Installing: /home/vyom/ros2_ws/install/cpp_pubsub/lib/cpp_pubsub/armNode
-- Set runtime path of "/home/vyom/ros2_ws/install/cpp_pubsub/lib/cpp_pubsub/armNode" to ""
-- Installing: /home/vyom/ros2_ws/install/cpp_pubsub/lib/cpp_pubsub/ircNode
-- Set runtime path of "/home/vyom/ros2_ws/install/cpp_pubsub/lib/cpp_pubsub/ircNode" to ""
-- Installing: /home/vyom/ros2_ws/install/cpp_pubsub/lib/cpp_pubsub/IrcNode
-- Set runtime path of "/home/vyom/ros2_ws/install/cpp_pubsub/lib/cpp_pubsub/IrcNode" to ""
-- Installing: /home/vyom/ros2_ws/install/cpp_pubsub/lib/cpp_pubsub/CamNode
-- Set runtime path of "/home/vyom/ros2_ws/install/cpp_pubsub/lib/cpp_pubsub/CamNode" to ""
-- Installing: /home/vyom/ros2_ws/install/cpp_pubsub/lib/cpp_pubsub/combine
-- Set runtime path of "/home/vyom/ros2_ws/install/cpp_pubsub/lib/cpp_pubsub/combine" to ""
-- Installing: /home/vyom/ros2_ws/install/cpp_pubsub/lib/cpp_pubsub/lidar
-- Set runtime path of "/home/vyom/ros2_ws/install/cpp_pubsub/lib/cpp_pubsub/lidar" to ""
-- Installing: /home/vyom/ros2_ws/install/cpp_pubsub/share/ament_index/resource_index/package_run_dependencies/cpp_pubsub
-- Installing: /home/vyom/ros2_ws/install/cpp_pubsub/share/ament_index/resource_index/parent_prefix_path/cpp_pubsub
-- Installing: /home/vyom/ros2_ws/install/cpp_pubsub/share/cpp_pubsub/environment/ament_prefix_path.sh
-- Installing: /home/vyom/ros2_ws/install/cpp_pubsub/share/cpp_pubsub/environment/ament_prefix_path.dsv
-- Installing: /home/vyom/ros2_ws/install/cpp_pubsub/share/cpp_pubsub/environment/path.sh
-- Installing: /home/vyom/ros2_ws/install/cpp_pubsub/share/cpp_pubsub/environment/path.dsv
-- Installing: /home/vyom/ros2_ws/install/cpp_pubsub/share/cpp_pubsub/local_setup.bash
-- Installing: /home/vyom/ros2_ws/install/cpp_pubsub/share/cpp_pubsub/local_setup.sh
-- Installing: /home/vyom/ros2_ws/install/cpp_pubsub/share/cpp_pubsub/local_setup.zsh
-- Installing: /home/vyom/ros2_ws/install/cpp_pubsub/share/cpp_pubsub/local_setup.dsv
-- Installing: /home/vyom/ros2_ws/install/cpp_pubsub/share/cpp_pubsub/package.dsv
-- Installing: /home/vyom/ros2_ws/install/cpp_pubsub/share/ament_index/resource_index/packages/cpp_pubsub
-- Installing: /home/vyom/ros2_ws/install/cpp_pubsub/share/cpp_pubsub/cmake/cpp_pubsubConfig.cmake
-- Installing: /home/vyom/ros2_ws/install/cpp_pubsub/share/cpp_pubsub/cmake/cpp_pubsubConfig-version.cmake
-- Installing: /home/vyom/ros2_ws/install/cpp_pubsub/share/cpp_pubsub/package.xml
