[0.026s] Invoking command in '/home/vyom/ros2_ws/build/cpp_pubsub': CMAKE_PREFIX_PATH=${CMAKE_PREFIX_PATH}:/home/vyom/ros2_ws/install/py_pubsub:/home/vyom/ros2_ws/install/my_launch_files:/home/vyom/install/launch_testing_examples:/home/vyom/install/examples_rclpy_pointcloud_publisher:/home/vyom/install/examples_rclpy_minimal_subscriber:/home/vyom/install/examples_rclpy_minimal_service:/home/vyom/install/examples_rclpy_minimal_publisher:/home/vyom/install/examples_rclpy_minimal_client:/home/vyom/install/examples_rclpy_minimal_action_server:/home/vyom/install/examples_rclpy_minimal_action_client:/home/vyom/install/examples_rclpy_guard_conditions:/home/vyom/install/examples_rclpy_executors:/opt/ros/humble /usr/bin/cmake /home/vyom/ros2_ws/src/cpp_pubsub -DCMAKE_INSTALL_PREFIX=/home/vyom/ros2_ws/install/cpp_pubsub
[0.313s] -- The C compiler identification is GNU 11.4.0
[0.313s] -- The CXX compiler identification is GNU 11.4.0
[0.313s] -- Detecting C compiler ABI info
[0.313s] -- Detecting C compiler ABI info - done
[0.313s] -- Check for working C compiler: /usr/bin/cc - skipped
[0.314s] -- Detecting C compile features
[0.314s] -- Detecting C compile features - done
[0.314s] -- Detecting CXX compiler ABI info
[0.314s] -- Detecting CXX compiler ABI info - done
[0.318s] -- Check for working CXX compiler: /usr/bin/c++ - skipped
[0.318s] -- Detecting CXX compile features
[0.318s] -- Detecting CXX compile features - done
[0.323s] -- Found ament_cmake: 1.3.11 (/opt/ros/humble/share/ament_cmake/cmake)
[0.487s] -- Found Python3: /usr/bin/python3 (found version "3.10.12") found components: Interpreter 
[0.619s] -- Found rclcpp: 16.0.11 (/opt/ros/humble/share/rclcpp/cmake)
[0.695s] -- Found rosidl_generator_c: 3.1.6 (/opt/ros/humble/share/rosidl_generator_c/cmake)
[0.705s] -- Found rosidl_adapter: 3.1.6 (/opt/ros/humble/share/rosidl_adapter/cmake)
[0.718s] -- Found rosidl_generator_cpp: 3.1.6 (/opt/ros/humble/share/rosidl_generator_cpp/cmake)
[0.737s] -- Using all available rosidl_typesupport_c: rosidl_typesupport_fastrtps_c;rosidl_typesupport_introspection_c
[0.762s] -- Using all available rosidl_typesupport_cpp: rosidl_typesupport_fastrtps_cpp;rosidl_typesupport_introspection_cpp
[0.832s] -- Found rmw_implementation_cmake: 6.1.2 (/opt/ros/humble/share/rmw_implementation_cmake/cmake)
[0.838s] -- Found rmw_cyclonedds_cpp: 1.3.4 (/opt/ros/humble/share/rmw_cyclonedds_cpp/cmake)
[0.881s] -- Using RMW implementation 'rmw_cyclonedds_cpp' as default
[0.899s] -- Looking for pthread.h
[0.974s] -- Looking for pthread.h - found
[0.974s] -- Performing Test CMAKE_HAVE_LIBC_PTHREAD
[1.053s] -- Performing Test CMAKE_HAVE_LIBC_PTHREAD - Success
[1.054s] -- Found Threads: TRUE  
[1.119s] -- Found turtlesim: 1.4.2 (/opt/ros/humble/share/turtlesim/cmake)
[1.167s] -- Found geometry_msgs: 4.2.4 (/opt/ros/humble/share/geometry_msgs/cmake)
[1.183s] -- Found nav_msgs: 4.2.4 (/opt/ros/humble/share/nav_msgs/cmake)
[1.204s] -- Found nmea_msgs: 2.0.0 (/opt/ros/humble/share/nmea_msgs/cmake)
[1.220s] -- Found sensor_msgs: 4.2.4 (/opt/ros/humble/share/sensor_msgs/cmake)
[1.249s] -- Found tf2: 0.25.12 (/opt/ros/humble/share/tf2/cmake)
[1.265s] -- Found tf2_geometry_msgs: 0.25.12 (/opt/ros/humble/share/tf2_geometry_msgs/cmake)
[1.289s] -- Found eigen3_cmake_module: 0.1.1 (/opt/ros/humble/share/eigen3_cmake_module/cmake)
[1.291s] -- Found Eigen3: TRUE (found version "3.4.0") 
[1.291s] -- Ensuring Eigen3 include directory is part of orocos-kdl CMake target
[1.491s] -- Found ament_lint_auto: 0.12.11 (/opt/ros/humble/share/ament_lint_auto/cmake)
[1.578s] -- Added test 'cppcheck' to perform static code analysis on C / C++ code
[1.579s] -- Configured cppcheck include dirs: /home/vyom/ros2_ws/src/cpp_pubsub/include
[1.579s] -- Configured cppcheck exclude dirs and/or files: 
[1.581s] -- Added test 'lint_cmake' to check CMake code style
[1.582s] -- Added test 'uncrustify' to check C / C++ code style
[1.582s] -- Configured uncrustify additional arguments: 
[1.583s] -- Added test 'xmllint' to check XML markup files
[1.585s] -- Configuring done
[1.637s] -- Generating done
[1.660s] -- Build files have been written to: /home/vyom/ros2_ws/build/cpp_pubsub
[1.669s] Invoked command in '/home/vyom/ros2_ws/build/cpp_pubsub' returned '0': CMAKE_PREFIX_PATH=${CMAKE_PREFIX_PATH}:/home/vyom/ros2_ws/install/py_pubsub:/home/vyom/ros2_ws/install/my_launch_files:/home/vyom/install/launch_testing_examples:/home/vyom/install/examples_rclpy_pointcloud_publisher:/home/vyom/install/examples_rclpy_minimal_subscriber:/home/vyom/install/examples_rclpy_minimal_service:/home/vyom/install/examples_rclpy_minimal_publisher:/home/vyom/install/examples_rclpy_minimal_client:/home/vyom/install/examples_rclpy_minimal_action_server:/home/vyom/install/examples_rclpy_minimal_action_client:/home/vyom/install/examples_rclpy_guard_conditions:/home/vyom/install/examples_rclpy_executors:/opt/ros/humble /usr/bin/cmake /home/vyom/ros2_ws/src/cpp_pubsub -DCMAKE_INSTALL_PREFIX=/home/vyom/ros2_ws/install/cpp_pubsub
[1.671s] Invoking command in '/home/vyom/ros2_ws/build/cpp_pubsub': CMAKE_PREFIX_PATH=${CMAKE_PREFIX_PATH}:/home/vyom/ros2_ws/install/py_pubsub:/home/vyom/ros2_ws/install/my_launch_files:/home/vyom/install/launch_testing_examples:/home/vyom/install/examples_rclpy_pointcloud_publisher:/home/vyom/install/examples_rclpy_minimal_subscriber:/home/vyom/install/examples_rclpy_minimal_service:/home/vyom/install/examples_rclpy_minimal_publisher:/home/vyom/install/examples_rclpy_minimal_client:/home/vyom/install/examples_rclpy_minimal_action_server:/home/vyom/install/examples_rclpy_minimal_action_client:/home/vyom/install/examples_rclpy_guard_conditions:/home/vyom/install/examples_rclpy_executors:/opt/ros/humble /usr/bin/cmake --build /home/vyom/ros2_ws/build/cpp_pubsub -- -j8 -l8
[1.728s] [  3%] [32mBuilding CXX object CMakeFiles/pstryNode.dir/src/ps4_try.cpp.o[0m
[1.729s] [ 10%] [32mBuilding CXX object CMakeFiles/tb3Node.dir/src/first_node.cpp.o[0m
[1.729s] [ 10%] [32mBuilding CXX object CMakeFiles/ps4Node.dir/src/ps4.cpp.o[0m
[1.733s] [ 14%] [32mBuilding CXX object CMakeFiles/gpsNode.dir/src/gps.cpp.o[0m
[1.733s] [ 17%] [32mBuilding CXX object CMakeFiles/autoNode.dir/src/autonomous.cpp.o[0m
[1.733s] [ 21%] [32mBuilding CXX object CMakeFiles/dNode.dir/src/g2g_obs_avoidance_hardware.cpp.o[0m
[1.737s] [ 25%] [32mBuilding CXX object CMakeFiles/xbox_node.dir/src/xbox_node.cpp.o[0m
[1.744s] [ 28%] [32mBuilding CXX object CMakeFiles/finalNode.dir/src/g2g_obs_avoidance_software.cpp.o[0m
[19.537s] [ 32%] [32m[1mLinking CXX executable gpsNode[0m
[19.893s] [ 35%] [32m[1mLinking CXX executable ps4Node[0m
[20.155s] [ 39%] [32m[1mLinking CXX executable pstryNode[0m
[20.561s] [ 42%] [32m[1mLinking CXX executable xbox_node[0m
[20.745s] [ 42%] Built target gpsNode
[20.811s] [ 46%] [32mBuilding CXX object CMakeFiles/armNode.dir/src/arm.cpp.o[0m
[21.001s] [ 46%] Built target ps4Node
[21.055s] [ 50%] [32mBuilding CXX object CMakeFiles/ircNode.dir/src/autex.cpp.o[0m
[21.253s] [ 50%] Built target pstryNode
[21.303s] [ 53%] [32mBuilding CXX object CMakeFiles/IrcNode.dir/src/autex_hardware.cpp.o[0m
[21.629s] [ 53%] Built target xbox_node
[21.683s] [ 57%] [32mBuilding CXX object CMakeFiles/CamNode.dir/src/3d_cam.cpp.o[0m
[29.307s] [ 60%] [32m[1mLinking CXX executable finalNode[0m
[29.488s] [ 64%] [32m[1mLinking CXX executable tb3Node[0m
[30.054s] [ 67%] [32m[1mLinking CXX executable autoNode[0m
[31.137s] [ 67%] Built target finalNode
[31.192s] [ 71%] [32mBuilding CXX object CMakeFiles/combine.dir/src/combined_drive_arm.cpp.o[0m
[31.320s] [ 71%] Built target tb3Node
[31.375s] [ 75%] [32mBuilding CXX object CMakeFiles/lidar.dir/src/lidar.cpp.o[0m
[31.749s] [ 75%] Built target autoNode
[32.013s] [ 78%] [32m[1mLinking CXX executable armNode[0m
[32.520s] [ 78%] Built target armNode
[36.022s] [ 82%] [32m[1mLinking CXX executable dNode[0m
[38.022s] [ 82%] Built target dNode
[42.522s] [ 85%] [32m[1mLinking CXX executable CamNode[0m
[43.493s] [ 85%] Built target CamNode
[45.320s] [ 89%] [32m[1mLinking CXX executable IrcNode[0m
[46.328s] [ 89%] Built target IrcNode
[46.854s] [ 92%] [32m[1mLinking CXX executable combine[0m
[47.573s] [ 92%] Built target combine
[49.975s] [ 96%] [32m[1mLinking CXX executable lidar[0m
[50.288s] [100%] [32m[1mLinking CXX executable ircNode[0m
[50.591s] [100%] Built target lidar
[51.279s] [100%] Built target ircNode
[51.291s] Invoked command in '/home/vyom/ros2_ws/build/cpp_pubsub' returned '0': CMAKE_PREFIX_PATH=${CMAKE_PREFIX_PATH}:/home/vyom/ros2_ws/install/py_pubsub:/home/vyom/ros2_ws/install/my_launch_files:/home/vyom/install/launch_testing_examples:/home/vyom/install/examples_rclpy_pointcloud_publisher:/home/vyom/install/examples_rclpy_minimal_subscriber:/home/vyom/install/examples_rclpy_minimal_service:/home/vyom/install/examples_rclpy_minimal_publisher:/home/vyom/install/examples_rclpy_minimal_client:/home/vyom/install/examples_rclpy_minimal_action_server:/home/vyom/install/examples_rclpy_minimal_action_client:/home/vyom/install/examples_rclpy_guard_conditions:/home/vyom/install/examples_rclpy_executors:/opt/ros/humble /usr/bin/cmake --build /home/vyom/ros2_ws/build/cpp_pubsub -- -j8 -l8
[51.302s] Invoking command in '/home/vyom/ros2_ws/build/cpp_pubsub': CMAKE_PREFIX_PATH=${CMAKE_PREFIX_PATH}:/home/vyom/ros2_ws/install/py_pubsub:/home/vyom/ros2_ws/install/my_launch_files:/home/vyom/install/launch_testing_examples:/home/vyom/install/examples_rclpy_pointcloud_publisher:/home/vyom/install/examples_rclpy_minimal_subscriber:/home/vyom/install/examples_rclpy_minimal_service:/home/vyom/install/examples_rclpy_minimal_publisher:/home/vyom/install/examples_rclpy_minimal_client:/home/vyom/install/examples_rclpy_minimal_action_server:/home/vyom/install/examples_rclpy_minimal_action_client:/home/vyom/install/examples_rclpy_guard_conditions:/home/vyom/install/examples_rclpy_executors:/opt/ros/humble /usr/bin/cmake --install /home/vyom/ros2_ws/build/cpp_pubsub
[51.310s] -- Install configuration: ""
[51.310s] -- Installing: /home/vyom/ros2_ws/install/cpp_pubsub/lib/cpp_pubsub/xbox_node
[51.313s] -- Set runtime path of "/home/vyom/ros2_ws/install/cpp_pubsub/lib/cpp_pubsub/xbox_node" to ""
[51.313s] -- Installing: /home/vyom/ros2_ws/install/cpp_pubsub/lib/cpp_pubsub/finalNode
[51.316s] -- Set runtime path of "/home/vyom/ros2_ws/install/cpp_pubsub/lib/cpp_pubsub/finalNode" to ""
[51.316s] -- Installing: /home/vyom/ros2_ws/install/cpp_pubsub/lib/cpp_pubsub/tb3Node
[51.320s] -- Set runtime path of "/home/vyom/ros2_ws/install/cpp_pubsub/lib/cpp_pubsub/tb3Node" to ""
[51.320s] -- Installing: /home/vyom/ros2_ws/install/cpp_pubsub/lib/cpp_pubsub/ps4Node
[51.322s] -- Set runtime path of "/home/vyom/ros2_ws/install/cpp_pubsub/lib/cpp_pubsub/ps4Node" to ""
[51.322s] -- Installing: /home/vyom/ros2_ws/install/cpp_pubsub/lib/cpp_pubsub/pstryNode
[51.325s] -- Set runtime path of "/home/vyom/ros2_ws/install/cpp_pubsub/lib/cpp_pubsub/pstryNode" to ""
[51.325s] -- Installing: /home/vyom/ros2_ws/install/cpp_pubsub/lib/cpp_pubsub/autoNode
[51.329s] -- Set runtime path of "/home/vyom/ros2_ws/install/cpp_pubsub/lib/cpp_pubsub/autoNode" to ""
[51.329s] -- Installing: /home/vyom/ros2_ws/install/cpp_pubsub/lib/cpp_pubsub/gpsNode
[51.331s] -- Set runtime path of "/home/vyom/ros2_ws/install/cpp_pubsub/lib/cpp_pubsub/gpsNode" to ""
[51.331s] -- Installing: /home/vyom/ros2_ws/install/cpp_pubsub/lib/cpp_pubsub/dNode
[51.336s] -- Set runtime path of "/home/vyom/ros2_ws/install/cpp_pubsub/lib/cpp_pubsub/dNode" to ""
[51.336s] -- Installing: /home/vyom/ros2_ws/install/cpp_pubsub/lib/cpp_pubsub/armNode
[51.337s] -- Set runtime path of "/home/vyom/ros2_ws/install/cpp_pubsub/lib/cpp_pubsub/armNode" to ""
[51.337s] -- Installing: /home/vyom/ros2_ws/install/cpp_pubsub/lib/cpp_pubsub/ircNode
[51.342s] -- Set runtime path of "/home/vyom/ros2_ws/install/cpp_pubsub/lib/cpp_pubsub/ircNode" to ""
[51.342s] -- Installing: /home/vyom/ros2_ws/install/cpp_pubsub/lib/cpp_pubsub/IrcNode
[51.346s] -- Set runtime path of "/home/vyom/ros2_ws/install/cpp_pubsub/lib/cpp_pubsub/IrcNode" to ""
[51.346s] -- Installing: /home/vyom/ros2_ws/install/cpp_pubsub/lib/cpp_pubsub/CamNode
[51.348s] -- Set runtime path of "/home/vyom/ros2_ws/install/cpp_pubsub/lib/cpp_pubsub/CamNode" to ""
[51.348s] -- Installing: /home/vyom/ros2_ws/install/cpp_pubsub/lib/cpp_pubsub/combine
[51.351s] -- Set runtime path of "/home/vyom/ros2_ws/install/cpp_pubsub/lib/cpp_pubsub/combine" to ""
[51.351s] -- Installing: /home/vyom/ros2_ws/install/cpp_pubsub/lib/cpp_pubsub/lidar
[51.354s] -- Set runtime path of "/home/vyom/ros2_ws/install/cpp_pubsub/lib/cpp_pubsub/lidar" to ""
[51.354s] -- Installing: /home/vyom/ros2_ws/install/cpp_pubsub/share/ament_index/resource_index/package_run_dependencies/cpp_pubsub
[51.354s] -- Installing: /home/vyom/ros2_ws/install/cpp_pubsub/share/ament_index/resource_index/parent_prefix_path/cpp_pubsub
[51.354s] -- Installing: /home/vyom/ros2_ws/install/cpp_pubsub/share/cpp_pubsub/environment/ament_prefix_path.sh
[51.354s] -- Installing: /home/vyom/ros2_ws/install/cpp_pubsub/share/cpp_pubsub/environment/ament_prefix_path.dsv
[51.354s] -- Installing: /home/vyom/ros2_ws/install/cpp_pubsub/share/cpp_pubsub/environment/path.sh
[51.355s] -- Installing: /home/vyom/ros2_ws/install/cpp_pubsub/share/cpp_pubsub/environment/path.dsv
[51.355s] -- Installing: /home/vyom/ros2_ws/install/cpp_pubsub/share/cpp_pubsub/local_setup.bash
[51.355s] -- Installing: /home/vyom/ros2_ws/install/cpp_pubsub/share/cpp_pubsub/local_setup.sh
[51.355s] -- Installing: /home/vyom/ros2_ws/install/cpp_pubsub/share/cpp_pubsub/local_setup.zsh
[51.355s] -- Installing: /home/vyom/ros2_ws/install/cpp_pubsub/share/cpp_pubsub/local_setup.dsv
[51.355s] -- Installing: /home/vyom/ros2_ws/install/cpp_pubsub/share/cpp_pubsub/package.dsv
[51.356s] -- Installing: /home/vyom/ros2_ws/install/cpp_pubsub/share/ament_index/resource_index/packages/cpp_pubsub
[51.356s] -- Installing: /home/vyom/ros2_ws/install/cpp_pubsub/share/cpp_pubsub/cmake/cpp_pubsubConfig.cmake
[51.356s] -- Installing: /home/vyom/ros2_ws/install/cpp_pubsub/share/cpp_pubsub/cmake/cpp_pubsubConfig-version.cmake
[51.357s] -- Installing: /home/vyom/ros2_ws/install/cpp_pubsub/share/cpp_pubsub/package.xml
[51.359s] Invoked command in '/home/vyom/ros2_ws/build/cpp_pubsub' returned '0': CMAKE_PREFIX_PATH=${CMAKE_PREFIX_PATH}:/home/vyom/ros2_ws/install/py_pubsub:/home/vyom/ros2_ws/install/my_launch_files:/home/vyom/install/launch_testing_examples:/home/vyom/install/examples_rclpy_pointcloud_publisher:/home/vyom/install/examples_rclpy_minimal_subscriber:/home/vyom/install/examples_rclpy_minimal_service:/home/vyom/install/examples_rclpy_minimal_publisher:/home/vyom/install/examples_rclpy_minimal_client:/home/vyom/install/examples_rclpy_minimal_action_server:/home/vyom/install/examples_rclpy_minimal_action_client:/home/vyom/install/examples_rclpy_guard_conditions:/home/vyom/install/examples_rclpy_executors:/opt/ros/humble /usr/bin/cmake --install /home/vyom/ros2_ws/build/cpp_pubsub
