/home/vyom/ros2_ws/install/py_pubsub/lib/python3.10/site-packages/py_pubsub/__init__.py
/home/vyom/ros2_ws/install/py_pubsub/lib/python3.10/site-packages/py_pubsub/m2C.py
/home/vyom/ros2_ws/install/py_pubsub/lib/python3.10/site-packages/py_pubsub/ekf_slam_d.py
/home/vyom/ros2_ws/install/py_pubsub/lib/python3.10/site-packages/py_pubsub/EKF_slam.py
/home/vyom/ros2_ws/install/py_pubsub/lib/python3.10/site-packages/py_pubsub/EKF_localization.py
/home/vyom/ros2_ws/install/py_pubsub/lib/python3.10/site-packages/py_pubsub/Ground_det.py
/home/vyom/ros2_ws/install/py_pubsub/lib/python3.10/site-packages/py_pubsub/__pycache__/__init__.cpython-310.pyc
/home/vyom/ros2_ws/install/py_pubsub/lib/python3.10/site-packages/py_pubsub/__pycache__/m2C.cpython-310.pyc
/home/vyom/ros2_ws/install/py_pubsub/lib/python3.10/site-packages/py_pubsub/__pycache__/ekf_slam_d.cpython-310.pyc
/home/vyom/ros2_ws/install/py_pubsub/lib/python3.10/site-packages/py_pubsub/__pycache__/EKF_slam.cpython-310.pyc
/home/vyom/ros2_ws/install/py_pubsub/lib/python3.10/site-packages/py_pubsub/__pycache__/EKF_localization.cpython-310.pyc
/home/vyom/ros2_ws/install/py_pubsub/lib/python3.10/site-packages/py_pubsub/__pycache__/Ground_det.cpython-310.pyc
/home/vyom/ros2_ws/install/py_pubsub/share/ament_index/resource_index/packages/py_pubsub
/home/vyom/ros2_ws/install/py_pubsub/share/py_pubsub/package.xml
/home/vyom/ros2_ws/install/py_pubsub/lib/python3.10/site-packages/py_pubsub-0.0.0-py3.10.egg-info/requires.txt
/home/vyom/ros2_ws/install/py_pubsub/lib/python3.10/site-packages/py_pubsub-0.0.0-py3.10.egg-info/dependency_links.txt
/home/vyom/ros2_ws/install/py_pubsub/lib/python3.10/site-packages/py_pubsub-0.0.0-py3.10.egg-info/zip-safe
/home/vyom/ros2_ws/install/py_pubsub/lib/python3.10/site-packages/py_pubsub-0.0.0-py3.10.egg-info/SOURCES.txt
/home/vyom/ros2_ws/install/py_pubsub/lib/python3.10/site-packages/py_pubsub-0.0.0-py3.10.egg-info/PKG-INFO
/home/vyom/ros2_ws/install/py_pubsub/lib/python3.10/site-packages/py_pubsub-0.0.0-py3.10.egg-info/top_level.txt
/home/vyom/ros2_ws/install/py_pubsub/lib/python3.10/site-packages/py_pubsub-0.0.0-py3.10.egg-info/entry_points.txt
/home/vyom/ros2_ws/install/py_pubsub/lib/py_pubsub/ekf_slam
/home/vyom/ros2_ws/install/py_pubsub/lib/py_pubsub/gd
/home/vyom/ros2_ws/install/py_pubsub/lib/py_pubsub/localization
/home/vyom/ros2_ws/install/py_pubsub/lib/py_pubsub/m2C
/home/vyom/ros2_ws/install/py_pubsub/lib/py_pubsub/slam_d
