running develop
Removing /home/vyom/ros2_ws/install/my_launch_files/lib/python3.10/site-packages/my-launch-files.egg-link (link to .)
running egg_info
writing ../../build/my_launch_files/my_launch_files.egg-info/PKG-INFO
writing dependency_links to ../../build/my_launch_files/my_launch_files.egg-info/dependency_links.txt
writing requirements to ../../build/my_launch_files/my_launch_files.egg-info/requires.txt
writing top-level names to ../../build/my_launch_files/my_launch_files.egg-info/top_level.txt
reading manifest file '../../build/my_launch_files/my_launch_files.egg-info/SOURCES.txt'
writing manifest file '../../build/my_launch_files/my_launch_files.egg-info/SOURCES.txt'
running build
running build_py
copying my_launch_files/__init__.py -> /home/vyom/ros2_ws/build/my_launch_files/build/lib/my_launch_files
running install
running install_lib
creating /home/vyom/ros2_ws/install/my_launch_files/lib/python3.10/site-packages/my_launch_files
copying /home/vyom/ros2_ws/build/my_launch_files/build/lib/my_launch_files/__init__.py -> /home/vyom/ros2_ws/install/my_launch_files/lib/python3.10/site-packages/my_launch_files
byte-compiling /home/vyom/ros2_ws/install/my_launch_files/lib/python3.10/site-packages/my_launch_files/__init__.py to __init__.cpython-310.pyc
running install_data
copying resource/my_launch_files -> /home/vyom/ros2_ws/install/my_launch_files/share/ament_index/resource_index/packages
copying package.xml -> /home/vyom/ros2_ws/install/my_launch_files/share/my_launch_files
copying launch/cylin_world.launch.py -> /home/vyom/ros2_ws/install/my_launch_files/share/my_launch_files/launch
copying launch/ekf_launch.py -> /home/vyom/ros2_ws/install/my_launch_files/share/my_launch_files/launch
running install_egg_info
Copying ../../build/my_launch_files/my_launch_files.egg-info to /home/vyom/ros2_ws/install/my_launch_files/lib/python3.10/site-packages/my_launch_files-0.0.0-py3.10.egg-info
running install_scripts
writing list of installed files to '/home/vyom/ros2_ws/build/my_launch_files/install.log'
