[3.722s] Invoking command in '/home/vyom/ros2_ws/build/py_pubsub': PYTHONPATH=/home/vyom/ros2_ws/build/py_pubsub/prefix_override:/usr/lib/python3/dist-packages/colcon_core/task/python/colcon_distutils_commands:/home/vyom/ros2_ws/install/py_pubsub/lib/python3.10/site-packages:${PYTHONPATH} /usr/bin/python3 -W ignore:setup.py install is deprecated -W ignore:easy_install command is deprecated setup.py develop --editable --build-directory /home/vyom/ros2_ws/build/py_pubsub/build --no-deps symlink_data
[4.976s] running develop
[5.849s] running egg_info
[5.898s] writing py_pubsub.egg-info/PKG-INFO
[5.899s] writing dependency_links to py_pubsub.egg-info/dependency_links.txt
[5.900s] writing entry points to py_pubsub.egg-info/entry_points.txt
[5.900s] writing requirements to py_pubsub.egg-info/requires.txt
[5.901s] writing top-level names to py_pubsub.egg-info/top_level.txt
[6.060s] reading manifest file 'py_pubsub.egg-info/SOURCES.txt'
[6.062s] writing manifest file 'py_pubsub.egg-info/SOURCES.txt'
[6.127s] running build_ext
[6.130s] Creating /home/vyom/ros2_ws/install/py_pubsub/lib/python3.10/site-packages/py-pubsub.egg-link (link to .)
[6.135s] Installing binary_im script to /home/vyom/ros2_ws/install/py_pubsub/lib/py_pubsub
[6.135s] Installing ekf_slam script to /home/vyom/ros2_ws/install/py_pubsub/lib/py_pubsub
[6.136s] Installing gd script to /home/vyom/ros2_ws/install/py_pubsub/lib/py_pubsub
[6.136s] Installing localization script to /home/vyom/ros2_ws/install/py_pubsub/lib/py_pubsub
[6.136s] Installing m2C script to /home/vyom/ros2_ws/install/py_pubsub/lib/py_pubsub
[6.136s] Installing slam_d script to /home/vyom/ros2_ws/install/py_pubsub/lib/py_pubsub
[6.137s] 
[6.138s] Installed /home/vyom/ros2_ws/build/py_pubsub
[6.140s] running symlink_data
[6.247s] Invoked command in '/home/vyom/ros2_ws/build/py_pubsub' returned '0': PYTHONPATH=/home/vyom/ros2_ws/build/py_pubsub/prefix_override:/usr/lib/python3/dist-packages/colcon_core/task/python/colcon_distutils_commands:/home/vyom/ros2_ws/install/py_pubsub/lib/python3.10/site-packages:${PYTHONPATH} /usr/bin/python3 -W ignore:setup.py install is deprecated -W ignore:easy_install command is deprecated setup.py develop --editable --build-directory /home/vyom/ros2_ws/build/py_pubsub/build --no-deps symlink_data
