[1.012s] Invoking command in '/home/vyom/ros2_ws/src/py_pubsub': PYTHONPATH=/home/vyom/ros2_ws/build/py_pubsub/prefix_override:/usr/lib/python3/dist-packages/colcon_core/task/python/colcon_distutils_commands:/home/vyom/ros2_ws/install/py_pubsub/lib/python3.10/site-packages:${PYTHONPATH} /usr/bin/python3 -W ignore:setup.py install is deprecated -W ignore:easy_install command is deprecated setup.py egg_info --egg-base ../../build/py_pubsub build --build-base /home/vyom/ros2_ws/build/py_pubsub/build install --record /home/vyom/ros2_ws/build/py_pubsub/install.log --single-version-externally-managed install_data
[1.298s] running egg_info
[1.298s] creating ../../build/py_pubsub/py_pubsub.egg-info
[1.298s] writing ../../build/py_pubsub/py_pubsub.egg-info/PKG-INFO
[1.299s] writing dependency_links to ../../build/py_pubsub/py_pubsub.egg-info/dependency_links.txt
[1.299s] writing entry points to ../../build/py_pubsub/py_pubsub.egg-info/entry_points.txt
[1.299s] writing requirements to ../../build/py_pubsub/py_pubsub.egg-info/requires.txt
[1.299s] writing top-level names to ../../build/py_pubsub/py_pubsub.egg-info/top_level.txt
[1.299s] writing manifest file '../../build/py_pubsub/py_pubsub.egg-info/SOURCES.txt'
[1.301s] reading manifest file '../../build/py_pubsub/py_pubsub.egg-info/SOURCES.txt'
[1.301s] adding license file 'LICENSE'
[1.302s] writing manifest file '../../build/py_pubsub/py_pubsub.egg-info/SOURCES.txt'
[1.302s] running build
[1.302s] running build_py
[1.302s] creating /home/vyom/ros2_ws/build/py_pubsub/build
[1.302s] creating /home/vyom/ros2_ws/build/py_pubsub/build/lib
[1.302s] creating /home/vyom/ros2_ws/build/py_pubsub/build/lib/py_pubsub
[1.302s] copying py_pubsub/__init__.py -> /home/vyom/ros2_ws/build/py_pubsub/build/lib/py_pubsub
[1.302s] copying py_pubsub/m2C.py -> /home/vyom/ros2_ws/build/py_pubsub/build/lib/py_pubsub
[1.303s] copying py_pubsub/ekf_slam_d.py -> /home/vyom/ros2_ws/build/py_pubsub/build/lib/py_pubsub
[1.303s] copying py_pubsub/EKF_slam.py -> /home/vyom/ros2_ws/build/py_pubsub/build/lib/py_pubsub
[1.303s] copying py_pubsub/EKF_localization.py -> /home/vyom/ros2_ws/build/py_pubsub/build/lib/py_pubsub
[1.303s] copying py_pubsub/Ground_det.py -> /home/vyom/ros2_ws/build/py_pubsub/build/lib/py_pubsub
[1.304s] running install
[1.304s] running install_lib
[1.305s] creating /home/vyom/ros2_ws/install/py_pubsub/lib/python3.10/site-packages/py_pubsub
[1.305s] copying /home/vyom/ros2_ws/build/py_pubsub/build/lib/py_pubsub/__init__.py -> /home/vyom/ros2_ws/install/py_pubsub/lib/python3.10/site-packages/py_pubsub
[1.305s] copying /home/vyom/ros2_ws/build/py_pubsub/build/lib/py_pubsub/m2C.py -> /home/vyom/ros2_ws/install/py_pubsub/lib/python3.10/site-packages/py_pubsub
[1.306s] copying /home/vyom/ros2_ws/build/py_pubsub/build/lib/py_pubsub/ekf_slam_d.py -> /home/vyom/ros2_ws/install/py_pubsub/lib/python3.10/site-packages/py_pubsub
[1.306s] copying /home/vyom/ros2_ws/build/py_pubsub/build/lib/py_pubsub/EKF_slam.py -> /home/vyom/ros2_ws/install/py_pubsub/lib/python3.10/site-packages/py_pubsub
[1.306s] copying /home/vyom/ros2_ws/build/py_pubsub/build/lib/py_pubsub/EKF_localization.py -> /home/vyom/ros2_ws/install/py_pubsub/lib/python3.10/site-packages/py_pubsub
[1.306s] copying /home/vyom/ros2_ws/build/py_pubsub/build/lib/py_pubsub/Ground_det.py -> /home/vyom/ros2_ws/install/py_pubsub/lib/python3.10/site-packages/py_pubsub
[1.306s] byte-compiling /home/vyom/ros2_ws/install/py_pubsub/lib/python3.10/site-packages/py_pubsub/__init__.py to __init__.cpython-310.pyc
[1.307s] byte-compiling /home/vyom/ros2_ws/install/py_pubsub/lib/python3.10/site-packages/py_pubsub/m2C.py to m2C.cpython-310.pyc
[1.307s] byte-compiling /home/vyom/ros2_ws/install/py_pubsub/lib/python3.10/site-packages/py_pubsub/ekf_slam_d.py to ekf_slam_d.cpython-310.pyc
[1.311s] byte-compiling /home/vyom/ros2_ws/install/py_pubsub/lib/python3.10/site-packages/py_pubsub/EKF_slam.py to EKF_slam.cpython-310.pyc
[1.313s] byte-compiling /home/vyom/ros2_ws/install/py_pubsub/lib/python3.10/site-packages/py_pubsub/EKF_localization.py to EKF_localization.cpython-310.pyc
[1.317s] byte-compiling /home/vyom/ros2_ws/install/py_pubsub/lib/python3.10/site-packages/py_pubsub/Ground_det.py to Ground_det.cpython-310.pyc
[1.320s] running install_data
[1.320s] creating /home/vyom/ros2_ws/install/py_pubsub/share/ament_index
[1.320s] creating /home/vyom/ros2_ws/install/py_pubsub/share/ament_index/resource_index
[1.320s] creating /home/vyom/ros2_ws/install/py_pubsub/share/ament_index/resource_index/packages
[1.320s] copying resource/py_pubsub -> /home/vyom/ros2_ws/install/py_pubsub/share/ament_index/resource_index/packages
[1.320s] copying package.xml -> /home/vyom/ros2_ws/install/py_pubsub/share/py_pubsub
[1.320s] running install_egg_info
[1.322s] Copying ../../build/py_pubsub/py_pubsub.egg-info to /home/vyom/ros2_ws/install/py_pubsub/lib/python3.10/site-packages/py_pubsub-0.0.0-py3.10.egg-info
[1.322s] running install_scripts
[1.344s] Installing ekf_slam script to /home/vyom/ros2_ws/install/py_pubsub/lib/py_pubsub
[1.344s] Installing gd script to /home/vyom/ros2_ws/install/py_pubsub/lib/py_pubsub
[1.344s] Installing localization script to /home/vyom/ros2_ws/install/py_pubsub/lib/py_pubsub
[1.344s] Installing m2C script to /home/vyom/ros2_ws/install/py_pubsub/lib/py_pubsub
[1.344s] Installing slam_d script to /home/vyom/ros2_ws/install/py_pubsub/lib/py_pubsub
[1.345s] writing list of installed files to '/home/vyom/ros2_ws/build/py_pubsub/install.log'
[1.382s] Invoked command in '/home/vyom/ros2_ws/src/py_pubsub' returned '0': PYTHONPATH=/home/vyom/ros2_ws/build/py_pubsub/prefix_override:/usr/lib/python3/dist-packages/colcon_core/task/python/colcon_distutils_commands:/home/vyom/ros2_ws/install/py_pubsub/lib/python3.10/site-packages:${PYTHONPATH} /usr/bin/python3 -W ignore:setup.py install is deprecated -W ignore:easy_install command is deprecated setup.py egg_info --egg-base ../../build/py_pubsub build --build-base /home/vyom/ros2_ws/build/py_pubsub/build install --record /home/vyom/ros2_ws/build/py_pubsub/install.log --single-version-externally-managed install_data
