[1.036s] Invoking command in '/home/vyom/ros2_ws/build/py_pubsub': PYTHONPATH=/home/vyom/ros2_ws/build/py_pubsub/prefix_override:/usr/lib/python3/dist-packages/colcon_core/task/python/colcon_distutils_commands:/home/vyom/ros2_ws/install/py_pubsub/lib/python3.10/site-packages:${PYTHONPATH} /usr/bin/python3 -W ignore:setup.py install is deprecated -W ignore:easy_install command is deprecated setup.py develop --editable --build-directory /home/vyom/ros2_ws/build/py_pubsub/build --no-deps symlink_data
[1.359s] running develop
[1.567s] running egg_info
[1.567s] creating py_pubsub.egg-info
[1.567s] writing py_pubsub.egg-info/PKG-INFO
[1.567s] writing dependency_links to py_pubsub.egg-info/dependency_links.txt
[1.567s] writing entry points to py_pubsub.egg-info/entry_points.txt
[1.567s] writing requirements to py_pubsub.egg-info/requires.txt
[1.567s] writing top-level names to py_pubsub.egg-info/top_level.txt
[1.568s] writing manifest file 'py_pubsub.egg-info/SOURCES.txt'
[1.570s] reading manifest file 'py_pubsub.egg-info/SOURCES.txt'
[1.571s] writing manifest file 'py_pubsub.egg-info/SOURCES.txt'
[1.572s] running build_ext
[1.573s] Creating /home/vyom/ros2_ws/install/py_pubsub/lib/python3.10/site-packages/py-pubsub.egg-link (link to .)
[1.573s] Installing ekf_slam script to /home/vyom/ros2_ws/install/py_pubsub/lib/py_pubsub
[1.574s] Installing gd script to /home/vyom/ros2_ws/install/py_pubsub/lib/py_pubsub
[1.574s] Installing localization script to /home/vyom/ros2_ws/install/py_pubsub/lib/py_pubsub
[1.574s] Installing m2C script to /home/vyom/ros2_ws/install/py_pubsub/lib/py_pubsub
[1.574s] Installing slam_d script to /home/vyom/ros2_ws/install/py_pubsub/lib/py_pubsub
[1.574s] 
[1.574s] Installed /home/vyom/ros2_ws/build/py_pubsub
[1.574s] running symlink_data
[1.574s] creating /home/vyom/ros2_ws/install/py_pubsub/share/ament_index
[1.574s] creating /home/vyom/ros2_ws/install/py_pubsub/share/ament_index/resource_index
[1.575s] creating /home/vyom/ros2_ws/install/py_pubsub/share/ament_index/resource_index/packages
[1.575s] symbolically linking /home/vyom/ros2_ws/build/py_pubsub/resource/py_pubsub -> /home/vyom/ros2_ws/install/py_pubsub/share/ament_index/resource_index/packages
[1.575s] symbolically linking /home/vyom/ros2_ws/build/py_pubsub/package.xml -> /home/vyom/ros2_ws/install/py_pubsub/share/py_pubsub
[1.632s] Invoked command in '/home/vyom/ros2_ws/build/py_pubsub' returned '0': PYTHONPATH=/home/vyom/ros2_ws/build/py_pubsub/prefix_override:/usr/lib/python3/dist-packages/colcon_core/task/python/colcon_distutils_commands:/home/vyom/ros2_ws/install/py_pubsub/lib/python3.10/site-packages:${PYTHONPATH} /usr/bin/python3 -W ignore:setup.py install is deprecated -W ignore:easy_install command is deprecated setup.py develop --editable --build-directory /home/vyom/ros2_ws/build/py_pubsub/build --no-deps symlink_data
