[1.262s] Invoking command in '/home/vyom/ros2_ws/build/py_pubsub': PYTHONPATH=/home/vyom/ros2_ws/build/py_pubsub/prefix_override:/usr/lib/python3/dist-packages/colcon_core/task/python/colcon_distutils_commands:/home/vyom/ros2_ws/install/py_pubsub/lib/python3.10/site-packages:${PYTHONPATH} /usr/bin/python3 -W ignore:setup.py install is deprecated -W ignore:easy_install command is deprecated setup.py develop --editable --build-directory /home/vyom/ros2_ws/build/py_pubsub/build --no-deps symlink_data
[1.631s] running develop
[1.877s] running egg_info
[1.892s] writing py_pubsub.egg-info/PKG-INFO
[1.893s] writing dependency_links to py_pubsub.egg-info/dependency_links.txt
[1.893s] writing entry points to py_pubsub.egg-info/entry_points.txt
[1.893s] writing requirements to py_pubsub.egg-info/requires.txt
[1.894s] writing top-level names to py_pubsub.egg-info/top_level.txt
[1.937s] reading manifest file 'py_pubsub.egg-info/SOURCES.txt'
[1.938s] writing manifest file 'py_pubsub.egg-info/SOURCES.txt'
[1.958s] running build_ext
[1.958s] Creating /home/vyom/ros2_ws/install/py_pubsub/lib/python3.10/site-packages/py-pubsub.egg-link (link to .)
[1.959s] Installing binary_im script to /home/vyom/ros2_ws/install/py_pubsub/lib/py_pubsub
[1.959s] Installing ekf_slam script to /home/vyom/ros2_ws/install/py_pubsub/lib/py_pubsub
[1.959s] Installing gd script to /home/vyom/ros2_ws/install/py_pubsub/lib/py_pubsub
[1.959s] Installing localization script to /home/vyom/ros2_ws/install/py_pubsub/lib/py_pubsub
[1.960s] Installing m2C script to /home/vyom/ros2_ws/install/py_pubsub/lib/py_pubsub
[1.960s] Installing slam_d script to /home/vyom/ros2_ws/install/py_pubsub/lib/py_pubsub
[1.960s] 
[1.960s] Installed /home/vyom/ros2_ws/build/py_pubsub
[1.960s] running symlink_data
[2.004s] Invoked command in '/home/vyom/ros2_ws/build/py_pubsub' returned '0': PYTHONPATH=/home/vyom/ros2_ws/build/py_pubsub/prefix_override:/usr/lib/python3/dist-packages/colcon_core/task/python/colcon_distutils_commands:/home/vyom/ros2_ws/install/py_pubsub/lib/python3.10/site-packages:${PYTHONPATH} /usr/bin/python3 -W ignore:setup.py install is deprecated -W ignore:easy_install command is deprecated setup.py develop --editable --build-directory /home/vyom/ros2_ws/build/py_pubsub/build --no-deps symlink_data
