[1.064s] Invoking command in '/home/vyom/ros2_ws/src/my_launch_files': PYTHONPATH=/home/vyom/ros2_ws/build/my_launch_files/prefix_override:/usr/lib/python3/dist-packages/colcon_core/task/python/colcon_distutils_commands:/home/vyom/ros2_ws/install/my_launch_files/lib/python3.10/site-packages:${PYTHONPATH} /usr/bin/python3 -W ignore:setup.py install is deprecated -W ignore:easy_install command is deprecated setup.py egg_info --egg-base ../../build/my_launch_files build --build-base /home/vyom/ros2_ws/build/my_launch_files/build install --record /home/vyom/ros2_ws/build/my_launch_files/install.log --single-version-externally-managed install_data
[1.357s] running egg_info
[1.357s] writing ../../build/my_launch_files/my_launch_files.egg-info/PKG-INFO
[1.357s] writing dependency_links to ../../build/my_launch_files/my_launch_files.egg-info/dependency_links.txt
[1.357s] writing entry points to ../../build/my_launch_files/my_launch_files.egg-info/entry_points.txt
[1.358s] writing requirements to ../../build/my_launch_files/my_launch_files.egg-info/requires.txt
[1.358s] writing top-level names to ../../build/my_launch_files/my_launch_files.egg-info/top_level.txt
[1.360s] reading manifest file '../../build/my_launch_files/my_launch_files.egg-info/SOURCES.txt'
[1.360s] writing manifest file '../../build/my_launch_files/my_launch_files.egg-info/SOURCES.txt'
[1.361s] running build
[1.361s] running build_py
[1.361s] running install
[1.361s] running install_lib
[1.362s] running install_data
[1.363s] copying launch/ekf_launch.py -> /home/vyom/ros2_ws/install/my_launch_files/share/my_launch_files/launch
[1.363s] running install_egg_info
[1.365s] removing '/home/vyom/ros2_ws/install/my_launch_files/lib/python3.10/site-packages/my_launch_files-0.0.0-py3.10.egg-info' (and everything under it)
[1.365s] Copying ../../build/my_launch_files/my_launch_files.egg-info to /home/vyom/ros2_ws/install/my_launch_files/lib/python3.10/site-packages/my_launch_files-0.0.0-py3.10.egg-info
[1.366s] running install_scripts
[1.387s] writing list of installed files to '/home/vyom/ros2_ws/build/my_launch_files/install.log'
[1.421s] Invoked command in '/home/vyom/ros2_ws/src/my_launch_files' returned '0': PYTHONPATH=/home/vyom/ros2_ws/build/my_launch_files/prefix_override:/usr/lib/python3/dist-packages/colcon_core/task/python/colcon_distutils_commands:/home/vyom/ros2_ws/install/my_launch_files/lib/python3.10/site-packages:${PYTHONPATH} /usr/bin/python3 -W ignore:setup.py install is deprecated -W ignore:easy_install command is deprecated setup.py egg_info --egg-base ../../build/my_launch_files build --build-base /home/vyom/ros2_ws/build/my_launch_files/build install --record /home/vyom/ros2_ws/build/my_launch_files/install.log --single-version-externally-managed install_data
