[ 25%] [32mBuilding CXX object CMakeFiles/autoNode.dir/src/autonomous.cpp.o[0m
[ 25%] [32mBuilding CXX object CMakeFiles/tb3Node.dir/src/first_node.cpp.o[0m
[ 25%] [32mBuilding CXX object CMakeFiles/gpsNode.dir/src/gps.cpp.o[0m
[ 25%] [32mBuilding CXX object CMakeFiles/pstryNode.dir/src/ps4_try.cpp.o[0m
[ 25%] [32mBuilding CXX object CMakeFiles/finalNode.dir/src/g2g_obs_avoidance_software.cpp.o[0m
[ 25%] [32mBuilding CXX object CMakeFiles/dNode.dir/src/g2g_obs_avoidance_hardware.cpp.o[0m
[ 28%] [32mBuilding CXX object CMakeFiles/xbox_node.dir/src/xbox_node.cpp.o[0m
[ 25%] [32mBuilding CXX object CMakeFiles/ps4Node.dir/src/ps4.cpp.o[0m
[ 32%] [32m[1mLinking CXX executable gpsNode[0m
[ 35%] [32m[1mLinking CXX executable ps4Node[0m
[ 39%] [32m[1mLinking CXX executable pstryNode[0m
[ 42%] [32m[1mLinking CXX executable xbox_node[0m
[ 42%] Built target gpsNode
[ 46%] [32mBuilding CXX object CMakeFiles/armNode.dir/src/arm.cpp.o[0m
[ 46%] Built target ps4Node
[ 50%] [32mBuilding CXX object CMakeFiles/ircNode.dir/src/autex.cpp.o[0m
[ 50%] Built target pstryNode
[ 50%] Built target xbox_node
[ 53%] [32mBuilding CXX object CMakeFiles/IrcNode.dir/src/autex_hardware.cpp.o[0m
[ 57%] [32mBuilding CXX object CMakeFiles/CamNode.dir/src/3d_cam.cpp.o[0m
[ 60%] [32m[1mLinking CXX executable finalNode[0m
[ 64%] [32m[1mLinking CXX executable autoNode[0m
[ 67%] [32m[1mLinking CXX executable tb3Node[0m
[ 67%] Built target finalNode
[ 71%] [32mBuilding CXX object CMakeFiles/combine.dir/src/combined_drive_arm.cpp.o[0m
[ 71%] Built target autoNode
[ 75%] [32mBuilding CXX object CMakeFiles/lidar.dir/src/lidar.cpp.o[0m
[ 75%] Built target tb3Node
[ 78%] [32m[1mLinking CXX executable armNode[0m
[ 78%] Built target armNode
[ 82%] [32m[1mLinking CXX executable dNode[0m
[ 82%] Built target dNode
[ 85%] [32m[1mLinking CXX executable CamNode[0m
[ 85%] Built target CamNode
[ 89%] [32m[1mLinking CXX executable IrcNode[0m
[ 89%] Built target IrcNode
[ 92%] [32m[1mLinking CXX executable combine[0m
[ 92%] Built target combine
[ 96%] [32m[1mLinking CXX executable lidar[0m
[ 96%] Built target lidar
[100%] [32m[1mLinking CXX executable ircNode[0m
[100%] Built target ircNode
-- Install configuration: ""
-- Execute custom install script
-- Symlinking: /home/vyom/ros2_ws/install/cpp_pubsub/lib/cpp_pubsub/xbox_node
-- Symlinking: /home/vyom/ros2_ws/install/cpp_pubsub/lib/cpp_pubsub/finalNode
-- Symlinking: /home/vyom/ros2_ws/install/cpp_pubsub/lib/cpp_pubsub/tb3Node
-- Symlinking: /home/vyom/ros2_ws/install/cpp_pubsub/lib/cpp_pubsub/ps4Node
-- Symlinking: /home/vyom/ros2_ws/install/cpp_pubsub/lib/cpp_pubsub/pstryNode
-- Symlinking: /home/vyom/ros2_ws/install/cpp_pubsub/lib/cpp_pubsub/autoNode
-- Symlinking: /home/vyom/ros2_ws/install/cpp_pubsub/lib/cpp_pubsub/gpsNode
-- Symlinking: /home/vyom/ros2_ws/install/cpp_pubsub/lib/cpp_pubsub/dNode
-- Symlinking: /home/vyom/ros2_ws/install/cpp_pubsub/lib/cpp_pubsub/armNode
-- Symlinking: /home/vyom/ros2_ws/install/cpp_pubsub/lib/cpp_pubsub/ircNode
-- Symlinking: /home/vyom/ros2_ws/install/cpp_pubsub/lib/cpp_pubsub/IrcNode
-- Symlinking: /home/vyom/ros2_ws/install/cpp_pubsub/lib/cpp_pubsub/CamNode
-- Symlinking: /home/vyom/ros2_ws/install/cpp_pubsub/lib/cpp_pubsub/combine
-- Symlinking: /home/vyom/ros2_ws/install/cpp_pubsub/lib/cpp_pubsub/lidar
-- Symlinking: /home/vyom/ros2_ws/install/cpp_pubsub/share/ament_index/resource_index/package_run_dependencies/cpp_pubsub
-- Symlinking: /home/vyom/ros2_ws/install/cpp_pubsub/share/ament_index/resource_index/parent_prefix_path/cpp_pubsub
-- Symlinking: /home/vyom/ros2_ws/install/cpp_pubsub/share/cpp_pubsub/environment/ament_prefix_path.sh
-- Symlinking: /home/vyom/ros2_ws/install/cpp_pubsub/share/cpp_pubsub/environment/ament_prefix_path.dsv
-- Symlinking: /home/vyom/ros2_ws/install/cpp_pubsub/share/cpp_pubsub/environment/path.sh
-- Symlinking: /home/vyom/ros2_ws/install/cpp_pubsub/share/cpp_pubsub/environment/path.dsv
-- Symlinking: /home/vyom/ros2_ws/install/cpp_pubsub/share/cpp_pubsub/local_setup.bash
-- Symlinking: /home/vyom/ros2_ws/install/cpp_pubsub/share/cpp_pubsub/local_setup.sh
-- Symlinking: /home/vyom/ros2_ws/install/cpp_pubsub/share/cpp_pubsub/local_setup.zsh
-- Symlinking: /home/vyom/ros2_ws/install/cpp_pubsub/share/cpp_pubsub/local_setup.dsv
-- Symlinking: /home/vyom/ros2_ws/install/cpp_pubsub/share/cpp_pubsub/package.dsv
-- Symlinking: /home/vyom/ros2_ws/install/cpp_pubsub/share/ament_index/resource_index/packages/cpp_pubsub
-- Symlinking: /home/vyom/ros2_ws/install/cpp_pubsub/share/cpp_pubsub/cmake/cpp_pubsubConfig.cmake
-- Symlinking: /home/vyom/ros2_ws/install/cpp_pubsub/share/cpp_pubsub/cmake/cpp_pubsubConfig-version.cmake
-- Symlinking: /home/vyom/ros2_ws/install/cpp_pubsub/share/cpp_pubsub/package.xml
