[1.512s] Invoking command in '/home/vyom/ros2_ws/src/py_pubsub': PYTHONPATH=/home/vyom/ros2_ws/build/py_pubsub/prefix_override:/usr/lib/python3/dist-packages/colcon_core/task/python/colcon_distutils_commands:/home/vyom/ros2_ws/install/py_pubsub/lib/python3.10/site-packages:${PYTHONPATH} /usr/bin/python3 -W ignore:setup.py install is deprecated -W ignore:easy_install command is deprecated setup.py egg_info --egg-base ../../build/py_pubsub build --build-base /home/vyom/ros2_ws/build/py_pubsub/build install --record /home/vyom/ros2_ws/build/py_pubsub/install.log --single-version-externally-managed install_data
[2.111s] running egg_info
[2.111s] writing ../../build/py_pubsub/py_pubsub.egg-info/PKG-INFO
[2.112s] writing dependency_links to ../../build/py_pubsub/py_pubsub.egg-info/dependency_links.txt
[2.112s] writing entry points to ../../build/py_pubsub/py_pubsub.egg-info/entry_points.txt
[2.112s] writing requirements to ../../build/py_pubsub/py_pubsub.egg-info/requires.txt
[2.112s] writing top-level names to ../../build/py_pubsub/py_pubsub.egg-info/top_level.txt
[2.115s] reading manifest file '../../build/py_pubsub/py_pubsub.egg-info/SOURCES.txt'
[2.117s] adding license file 'LICENSE'
[2.120s] writing manifest file '../../build/py_pubsub/py_pubsub.egg-info/SOURCES.txt'
[2.121s] running build
[2.121s] running build_py
[2.121s] copying py_pubsub/gnd_obj_det.py -> /home/vyom/ros2_ws/build/py_pubsub/build/lib/py_pubsub
[2.122s] running install
[2.122s] running install_lib
[2.124s] copying /home/vyom/ros2_ws/build/py_pubsub/build/lib/py_pubsub/gnd_obj_det.py -> /home/vyom/ros2_ws/install/py_pubsub/lib/python3.10/site-packages/py_pubsub
[2.125s] byte-compiling /home/vyom/ros2_ws/install/py_pubsub/lib/python3.10/site-packages/py_pubsub/gnd_obj_det.py to gnd_obj_det.cpython-310.pyc
[2.127s] running install_data
[2.127s] running install_egg_info
[2.130s] removing '/home/vyom/ros2_ws/install/py_pubsub/lib/python3.10/site-packages/py_pubsub-0.0.0-py3.10.egg-info' (and everything under it)
[2.131s] Copying ../../build/py_pubsub/py_pubsub.egg-info to /home/vyom/ros2_ws/install/py_pubsub/lib/python3.10/site-packages/py_pubsub-0.0.0-py3.10.egg-info
[2.132s] running install_scripts
[2.174s] Installing binary_im script to /home/vyom/ros2_ws/install/py_pubsub/lib/py_pubsub
[2.175s] Installing ekf_slam script to /home/vyom/ros2_ws/install/py_pubsub/lib/py_pubsub
[2.175s] Installing gd script to /home/vyom/ros2_ws/install/py_pubsub/lib/py_pubsub
[2.175s] Installing localization script to /home/vyom/ros2_ws/install/py_pubsub/lib/py_pubsub
[2.175s] Installing m2C script to /home/vyom/ros2_ws/install/py_pubsub/lib/py_pubsub
[2.175s] Installing slam_d script to /home/vyom/ros2_ws/install/py_pubsub/lib/py_pubsub
[2.176s] writing list of installed files to '/home/vyom/ros2_ws/build/py_pubsub/install.log'
[2.236s] Invoked command in '/home/vyom/ros2_ws/src/py_pubsub' returned '0': PYTHONPATH=/home/vyom/ros2_ws/build/py_pubsub/prefix_override:/usr/lib/python3/dist-packages/colcon_core/task/python/colcon_distutils_commands:/home/vyom/ros2_ws/install/py_pubsub/lib/python3.10/site-packages:${PYTHONPATH} /usr/bin/python3 -W ignore:setup.py install is deprecated -W ignore:easy_install command is deprecated setup.py egg_info --egg-base ../../build/py_pubsub build --build-base /home/vyom/ros2_ws/build/py_pubsub/build install --record /home/vyom/ros2_ws/build/py_pubsub/install.log --single-version-externally-managed install_data
