[1.477s] Invoking command in '/home/vyom/ros2_ws/build/py_pubsub': PYTHONPATH=/home/vyom/ros2_ws/build/py_pubsub/prefix_override:/usr/lib/python3/dist-packages/colcon_core/task/python/colcon_distutils_commands:/home/vyom/ros2_ws/install/py_pubsub/lib/python3.10/site-packages:${PYTHONPATH} /usr/bin/python3 -W ignore:setup.py install is deprecated -W ignore:easy_install command is deprecated setup.py develop --editable --build-directory /home/vyom/ros2_ws/build/py_pubsub/build --no-deps symlink_data
[1.937s] running develop
[2.216s] running egg_info
[2.216s] creating py_pubsub.egg-info
[2.236s] writing py_pubsub.egg-info/PKG-INFO
[2.236s] writing dependency_links to py_pubsub.egg-info/dependency_links.txt
[2.236s] writing entry points to py_pubsub.egg-info/entry_points.txt
[2.237s] writing requirements to py_pubsub.egg-info/requires.txt
[2.237s] writing top-level names to py_pubsub.egg-info/top_level.txt
[2.237s] writing manifest file 'py_pubsub.egg-info/SOURCES.txt'
[2.289s] reading manifest file 'py_pubsub.egg-info/SOURCES.txt'
[2.290s] writing manifest file 'py_pubsub.egg-info/SOURCES.txt'
[2.314s] running build_ext
[2.314s] Creating /home/vyom/ros2_ws/install/py_pubsub/lib/python3.10/site-packages/py-pubsub.egg-link (link to .)
[2.316s] Installing binary_im script to /home/vyom/ros2_ws/install/py_pubsub/lib/py_pubsub
[2.317s] Installing ekf_slam script to /home/vyom/ros2_ws/install/py_pubsub/lib/py_pubsub
[2.317s] Installing gd script to /home/vyom/ros2_ws/install/py_pubsub/lib/py_pubsub
[2.317s] Installing localization script to /home/vyom/ros2_ws/install/py_pubsub/lib/py_pubsub
[2.317s] Installing m2C script to /home/vyom/ros2_ws/install/py_pubsub/lib/py_pubsub
[2.317s] Installing slam_d script to /home/vyom/ros2_ws/install/py_pubsub/lib/py_pubsub
[2.318s] 
[2.318s] Installed /home/vyom/ros2_ws/build/py_pubsub
[2.318s] running symlink_data
[2.318s] creating /home/vyom/ros2_ws/install/py_pubsub/share/ament_index
[2.318s] creating /home/vyom/ros2_ws/install/py_pubsub/share/ament_index/resource_index
[2.319s] creating /home/vyom/ros2_ws/install/py_pubsub/share/ament_index/resource_index/packages
[2.319s] symbolically linking /home/vyom/ros2_ws/build/py_pubsub/resource/py_pubsub -> /home/vyom/ros2_ws/install/py_pubsub/share/ament_index/resource_index/packages
[2.319s] symbolically linking /home/vyom/ros2_ws/build/py_pubsub/package.xml -> /home/vyom/ros2_ws/install/py_pubsub/share/py_pubsub
[2.368s] Invoked command in '/home/vyom/ros2_ws/build/py_pubsub' returned '0': PYTHONPATH=/home/vyom/ros2_ws/build/py_pubsub/prefix_override:/usr/lib/python3/dist-packages/colcon_core/task/python/colcon_distutils_commands:/home/vyom/ros2_ws/install/py_pubsub/lib/python3.10/site-packages:${PYTHONPATH} /usr/bin/python3 -W ignore:setup.py install is deprecated -W ignore:easy_install command is deprecated setup.py develop --editable --build-directory /home/vyom/ros2_ws/build/py_pubsub/build --no-deps symlink_data
