-- Found ament_cmake: 1.3.11 (/opt/ros/humble/share/ament_cmake/cmake)
-- Override CMake install command with custom implementation using symlinks instead of copying resources
-- Found rclcpp: 16.0.11 (/opt/ros/humble/share/rclcpp/cmake)
-- Found rosidl_generator_c: 3.1.6 (/opt/ros/humble/share/rosidl_generator_c/cmake)
-- Found rosidl_adapter: 3.1.6 (/opt/ros/humble/share/rosidl_adapter/cmake)
-- Found rosidl_generator_cpp: 3.1.6 (/opt/ros/humble/share/rosidl_generator_cpp/cmake)
-- Using all available rosidl_typesupport_c: rosidl_typesupport_fastrtps_c;rosidl_typesupport_introspection_c
-- Using all available rosidl_typesupport_cpp: rosidl_typesupport_fastrtps_cpp;rosidl_typesupport_introspection_cpp
-- Found rmw_implementation_cmake: 6.1.2 (/opt/ros/humble/share/rmw_implementation_cmake/cmake)
-- Found rmw_cyclonedds_cpp: 1.3.4 (/opt/ros/humble/share/rmw_cyclonedds_cpp/cmake)
-- Using RMW implementation 'rmw_cyclonedds_cpp' as default
-- Found turtlesim: 1.4.2 (/opt/ros/humble/share/turtlesim/cmake)
-- Found geometry_msgs: 4.2.4 (/opt/ros/humble/share/geometry_msgs/cmake)
-- Found nav_msgs: 4.2.4 (/opt/ros/humble/share/nav_msgs/cmake)
-- Found nmea_msgs: 2.0.0 (/opt/ros/humble/share/nmea_msgs/cmake)
-- Found sensor_msgs: 4.2.4 (/opt/ros/humble/share/sensor_msgs/cmake)
-- Found tf2: 0.25.12 (/opt/ros/humble/share/tf2/cmake)
-- Found tf2_geometry_msgs: 0.25.12 (/opt/ros/humble/share/tf2_geometry_msgs/cmake)
-- Found eigen3_cmake_module: 0.1.1 (/opt/ros/humble/share/eigen3_cmake_module/cmake)
-- Ensuring Eigen3 include directory is part of orocos-kdl CMake target
-- Found ament_lint_auto: 0.12.11 (/opt/ros/humble/share/ament_lint_auto/cmake)
-- Added test 'cppcheck' to perform static code analysis on C / C++ code
-- Configured cppcheck include dirs: /home/vyom/ros2_ws/src/cpp_pubsub/include
-- Configured cppcheck exclude dirs and/or files: 
-- Added test 'lint_cmake' to check CMake code style
-- Added test 'uncrustify' to check C / C++ code style
-- Configured uncrustify additional arguments: 
-- Added test 'xmllint' to check XML markup files
-- Configuring done
-- Generating done
-- Build files have been written to: /home/vyom/ros2_ws/build/cpp_pubsub
[  3%] [32mBuilding CXX object CMakeFiles/tb3Node.dir/src/first_node.cpp.o[0m
[  7%] [32m[1mLinking CXX executable tb3Node[0m
[  7%] Built target tb3Node
[ 10%] [32mBuilding CXX object CMakeFiles/dNode.dir/src/g2g_obs_avoidance_hardware.cpp.o[0m
[ 14%] [32m[1mLinking CXX executable dNode[0m
[ 14%] Built target dNode
[ 17%] [32mBuilding CXX object CMakeFiles/armNode.dir/src/arm.cpp.o[0m
[ 21%] [32m[1mLinking CXX executable armNode[0m
[ 21%] Built target armNode
[ 25%] [32mBuilding CXX object CMakeFiles/ircNode.dir/src/autex.cpp.o[0m
[ 28%] [32m[1mLinking CXX executable ircNode[0m
[ 28%] Built target ircNode
[ 32%] [32mBuilding CXX object CMakeFiles/IrcNode.dir/src/autex_hardware.cpp.o[0m
[ 35%] [32m[1mLinking CXX executable IrcNode[0m
[ 35%] Built target IrcNode
[ 39%] [32mBuilding CXX object CMakeFiles/CamNode.dir/src/3d_cam.cpp.o[0m
[ 42%] [32m[1mLinking CXX executable CamNode[0m
[ 42%] Built target CamNode
[ 46%] [32mBuilding CXX object CMakeFiles/combine.dir/src/combined_drive_arm.cpp.o[0m
[ 50%] [32m[1mLinking CXX executable combine[0m
[ 50%] Built target combine
[ 53%] [32mBuilding CXX object CMakeFiles/lidar.dir/src/lidar.cpp.o[0m
[ 57%] [32m[1mLinking CXX executable lidar[0m
[ 57%] Built target lidar
[ 60%] [32mBuilding CXX object CMakeFiles/gpsNode.dir/src/gps.cpp.o[0m
[ 64%] [32m[1mLinking CXX executable gpsNode[0m
[ 64%] Built target gpsNode
[ 67%] [32mBuilding CXX object CMakeFiles/finalNode.dir/src/g2g_obs_avoidance_software.cpp.o[0m
[ 71%] [32m[1mLinking CXX executable finalNode[0m
[ 71%] Built target finalNode
[ 75%] [32mBuilding CXX object CMakeFiles/autoNode.dir/src/autonomous.cpp.o[0m
[ 78%] [32m[1mLinking CXX executable autoNode[0m
[ 78%] Built target autoNode
[ 89%] [32mBuilding CXX object CMakeFiles/pstryNode.dir/src/ps4_try.cpp.o[0m
[ 89%] [32mBuilding CXX object CMakeFiles/ps4Node.dir/src/ps4.cpp.o[0m
[ 89%] [32mBuilding CXX object CMakeFiles/xbox_node.dir/src/xbox_node.cpp.o[0m
[ 92%] [32m[1mLinking CXX executable pstryNode[0m
[ 96%] [32m[1mLinking CXX executable xbox_node[0m
[100%] [32m[1mLinking CXX executable ps4Node[0m
[100%] Built target pstryNode
[100%] Built target xbox_node
[100%] Built target ps4Node
-- Install configuration: ""
-- Execute custom install script
-- Symlinking: /home/vyom/ros2_ws/install/cpp_pubsub/lib/cpp_pubsub/xbox_node
-- Symlinking: /home/vyom/ros2_ws/install/cpp_pubsub/lib/cpp_pubsub/finalNode
-- Symlinking: /home/vyom/ros2_ws/install/cpp_pubsub/lib/cpp_pubsub/tb3Node
-- Symlinking: /home/vyom/ros2_ws/install/cpp_pubsub/lib/cpp_pubsub/ps4Node
-- Symlinking: /home/vyom/ros2_ws/install/cpp_pubsub/lib/cpp_pubsub/pstryNode
-- Symlinking: /home/vyom/ros2_ws/install/cpp_pubsub/lib/cpp_pubsub/autoNode
-- Symlinking: /home/vyom/ros2_ws/install/cpp_pubsub/lib/cpp_pubsub/gpsNode
-- Symlinking: /home/vyom/ros2_ws/install/cpp_pubsub/lib/cpp_pubsub/dNode
-- Symlinking: /home/vyom/ros2_ws/install/cpp_pubsub/lib/cpp_pubsub/armNode
-- Symlinking: /home/vyom/ros2_ws/install/cpp_pubsub/lib/cpp_pubsub/ircNode
-- Symlinking: /home/vyom/ros2_ws/install/cpp_pubsub/lib/cpp_pubsub/IrcNode
-- Symlinking: /home/vyom/ros2_ws/install/cpp_pubsub/lib/cpp_pubsub/CamNode
-- Symlinking: /home/vyom/ros2_ws/install/cpp_pubsub/lib/cpp_pubsub/combine
-- Symlinking: /home/vyom/ros2_ws/install/cpp_pubsub/lib/cpp_pubsub/lidar
-- Symlinking: /home/vyom/ros2_ws/install/cpp_pubsub/share/ament_index/resource_index/package_run_dependencies/cpp_pubsub
-- Symlinking: /home/vyom/ros2_ws/install/cpp_pubsub/share/ament_index/resource_index/parent_prefix_path/cpp_pubsub
-- Symlinking: /home/vyom/ros2_ws/install/cpp_pubsub/share/cpp_pubsub/environment/ament_prefix_path.sh
-- Symlinking: /home/vyom/ros2_ws/install/cpp_pubsub/share/cpp_pubsub/environment/ament_prefix_path.dsv
-- Symlinking: /home/vyom/ros2_ws/install/cpp_pubsub/share/cpp_pubsub/environment/path.sh
-- Symlinking: /home/vyom/ros2_ws/install/cpp_pubsub/share/cpp_pubsub/environment/path.dsv
-- Symlinking: /home/vyom/ros2_ws/install/cpp_pubsub/share/cpp_pubsub/local_setup.bash
-- Symlinking: /home/vyom/ros2_ws/install/cpp_pubsub/share/cpp_pubsub/local_setup.sh
-- Symlinking: /home/vyom/ros2_ws/install/cpp_pubsub/share/cpp_pubsub/local_setup.zsh
-- Symlinking: /home/vyom/ros2_ws/install/cpp_pubsub/share/cpp_pubsub/local_setup.dsv
-- Symlinking: /home/vyom/ros2_ws/install/cpp_pubsub/share/cpp_pubsub/package.dsv
-- Symlinking: /home/vyom/ros2_ws/install/cpp_pubsub/share/ament_index/resource_index/packages/cpp_pubsub
-- Symlinking: /home/vyom/ros2_ws/install/cpp_pubsub/share/cpp_pubsub/cmake/cpp_pubsubConfig.cmake
-- Symlinking: /home/vyom/ros2_ws/install/cpp_pubsub/share/cpp_pubsub/cmake/cpp_pubsubConfig-version.cmake
-- Symlinking: /home/vyom/ros2_ws/install/cpp_pubsub/share/cpp_pubsub/package.xml
