[1.794s] Invoking command in '/home/vyom/ros2_ws/src/py_pubsub': PYTHONPATH=/home/vyom/ros2_ws/build/py_pubsub/prefix_override:/usr/lib/python3/dist-packages/colcon_core/task/python/colcon_distutils_commands:/home/vyom/ros2_ws/install/py_pubsub/lib/python3.10/site-packages:${PYTHONPATH} /usr/bin/python3 -W ignore:setup.py install is deprecated -W ignore:easy_install command is deprecated setup.py egg_info --egg-base ../../build/py_pubsub build --build-base /home/vyom/ros2_ws/build/py_pubsub/build install --record /home/vyom/ros2_ws/build/py_pubsub/install.log --single-version-externally-managed install_data
[2.515s] running egg_info
[2.518s] writing ../../build/py_pubsub/py_pubsub.egg-info/PKG-INFO
[2.519s] writing dependency_links to ../../build/py_pubsub/py_pubsub.egg-info/dependency_links.txt
[2.520s] writing entry points to ../../build/py_pubsub/py_pubsub.egg-info/entry_points.txt
[2.521s] writing requirements to ../../build/py_pubsub/py_pubsub.egg-info/requires.txt
[2.521s] writing top-level names to ../../build/py_pubsub/py_pubsub.egg-info/top_level.txt
[2.525s] reading manifest file '../../build/py_pubsub/py_pubsub.egg-info/SOURCES.txt'
[2.525s] adding license file 'LICENSE'
[2.526s] writing manifest file '../../build/py_pubsub/py_pubsub.egg-info/SOURCES.txt'
[2.526s] running build
[2.526s] running build_py
[2.527s] copying py_pubsub/Ground_det.py -> /home/vyom/ros2_ws/build/py_pubsub/build/lib/py_pubsub
[2.527s] running install
[2.528s] running install_lib
[2.529s] copying /home/vyom/ros2_ws/build/py_pubsub/build/lib/py_pubsub/Ground_det.py -> /home/vyom/ros2_ws/install/py_pubsub/lib/python3.10/site-packages/py_pubsub
[2.530s] byte-compiling /home/vyom/ros2_ws/install/py_pubsub/lib/python3.10/site-packages/py_pubsub/Ground_det.py to Ground_det.cpython-310.pyc
[2.540s] running install_data
[2.540s] running install_egg_info
[2.543s] removing '/home/vyom/ros2_ws/install/py_pubsub/lib/python3.10/site-packages/py_pubsub-0.0.0-py3.10.egg-info' (and everything under it)
[2.543s] Copying ../../build/py_pubsub/py_pubsub.egg-info to /home/vyom/ros2_ws/install/py_pubsub/lib/python3.10/site-packages/py_pubsub-0.0.0-py3.10.egg-info
[2.544s] running install_scripts
[2.594s] Installing binary_im script to /home/vyom/ros2_ws/install/py_pubsub/lib/py_pubsub
[2.595s] Installing ekf_slam script to /home/vyom/ros2_ws/install/py_pubsub/lib/py_pubsub
[2.595s] Installing gd script to /home/vyom/ros2_ws/install/py_pubsub/lib/py_pubsub
[2.595s] Installing localization script to /home/vyom/ros2_ws/install/py_pubsub/lib/py_pubsub
[2.595s] Installing m2C script to /home/vyom/ros2_ws/install/py_pubsub/lib/py_pubsub
[2.596s] Installing slam_d script to /home/vyom/ros2_ws/install/py_pubsub/lib/py_pubsub
[2.600s] writing list of installed files to '/home/vyom/ros2_ws/build/py_pubsub/install.log'
[2.659s] Invoked command in '/home/vyom/ros2_ws/src/py_pubsub' returned '0': PYTHONPATH=/home/vyom/ros2_ws/build/py_pubsub/prefix_override:/usr/lib/python3/dist-packages/colcon_core/task/python/colcon_distutils_commands:/home/vyom/ros2_ws/install/py_pubsub/lib/python3.10/site-packages:${PYTHONPATH} /usr/bin/python3 -W ignore:setup.py install is deprecated -W ignore:easy_install command is deprecated setup.py egg_info --egg-base ../../build/py_pubsub build --build-base /home/vyom/ros2_ws/build/py_pubsub/build install --record /home/vyom/ros2_ws/build/py_pubsub/install.log --single-version-externally-managed install_data
