[0.320s] DEBUG:colcon:Command line arguments: ['/usr/bin/colcon', 'build', '--packages-select', 'py_pubsub']
[0.320s] DEBUG:colcon:Parsed command line arguments: Namespace(log_base=None, log_level=None, verb_name='build', build_base='build', install_base='install', merge_install=False, symlink_install=False, test_result_base=None, continue_on_error=False, executor='parallel', parallel_workers=8, event_handlers=None, ignore_user_meta=False, metas=['./colcon.meta'], base_paths=['.'], packages_ignore=None, packages_ignore_regex=None, paths=None, packages_up_to=None, packages_up_to_regex=None, packages_above=None, packages_above_and_dependencies=None, packages_above_depth=None, packages_select_by_dep=None, packages_skip_by_dep=None, packages_skip_up_to=None, packages_select_build_failed=False, packages_skip_build_finished=False, packages_select_test_failures=False, packages_skip_test_passed=False, packages_select=['py_pubsub'], packages_skip=None, packages_select_regex=None, packages_skip_regex=None, packages_start=None, packages_end=None, allow_overriding=[], cmake_args=None, cmake_target=None, cmake_target_skip_unavailable=False, cmake_clean_cache=False, cmake_clean_first=False, cmake_force_configure=False, ament_cmake_args=None, catkin_cmake_args=None, catkin_skip_building_tests=False, mixin_files=None, mixin=None, verb_parser=<colcon_mixin.mixin.mixin_argument.MixinArgumentDecorator object at 0x7cf2b9981630>, verb_extension=<colcon_core.verb.build.BuildVerb object at 0x7cf2b9980c70>, main=<bound method BuildVerb.main of <colcon_core.verb.build.BuildVerb object at 0x7cf2b9980c70>>, mixin_verb=('build',))
[0.837s] Level 1:colcon.colcon_core.package_discovery:discover_packages(colcon_meta) check parameters
[0.838s] Level 1:colcon.colcon_core.package_discovery:discover_packages(recursive) check parameters
[0.838s] Level 1:colcon.colcon_core.package_discovery:discover_packages(ignore) check parameters
[0.838s] Level 1:colcon.colcon_core.package_discovery:discover_packages(path) check parameters
[0.838s] Level 1:colcon.colcon_core.package_discovery:discover_packages(colcon_meta) discover
[0.838s] Level 1:colcon.colcon_core.package_discovery:discover_packages(recursive) discover
[0.838s] INFO:colcon.colcon_core.package_discovery:Crawling recursively for packages in '/home/vyom/ros2_ws'
[0.844s] Level 1:colcon.colcon_core.package_identification:_identify(.) by extensions ['ignore', 'ignore_ament_install']
[0.844s] Level 1:colcon.colcon_core.package_identification:_identify(.) by extension 'ignore'
[0.844s] Level 1:colcon.colcon_core.package_identification:_identify(.) by extension 'ignore_ament_install'
[0.845s] Level 1:colcon.colcon_core.package_identification:_identify(.) by extensions ['colcon_pkg']
[0.845s] Level 1:colcon.colcon_core.package_identification:_identify(.) by extension 'colcon_pkg'
[0.845s] Level 1:colcon.colcon_core.package_identification:_identify(.) by extensions ['colcon_meta']
[0.845s] Level 1:colcon.colcon_core.package_identification:_identify(.) by extension 'colcon_meta'
[0.845s] Level 1:colcon.colcon_core.package_identification:_identify(.) by extensions ['ros']
[0.845s] Level 1:colcon.colcon_core.package_identification:_identify(.) by extension 'ros'
[0.891s] Level 1:colcon.colcon_core.package_identification:_identify(.) by extensions ['cmake', 'python']
[0.891s] Level 1:colcon.colcon_core.package_identification:_identify(.) by extension 'cmake'
[0.891s] Level 1:colcon.colcon_core.package_identification:_identify(.) by extension 'python'
[0.892s] Level 1:colcon.colcon_core.package_identification:_identify(.) by extensions ['python_setup_py']
[0.892s] Level 1:colcon.colcon_core.package_identification:_identify(.) by extension 'python_setup_py'
[0.892s] Level 1:colcon.colcon_core.package_identification:_identify(build) by extensions ['ignore', 'ignore_ament_install']
[0.892s] Level 1:colcon.colcon_core.package_identification:_identify(build) by extension 'ignore'
[0.892s] Level 1:colcon.colcon_core.package_identification:_identify(build) ignored
[0.893s] Level 1:colcon.colcon_core.package_identification:_identify(install) by extensions ['ignore', 'ignore_ament_install']
[0.893s] Level 1:colcon.colcon_core.package_identification:_identify(install) by extension 'ignore'
[0.893s] Level 1:colcon.colcon_core.package_identification:_identify(install) ignored
[0.894s] Level 1:colcon.colcon_core.package_identification:_identify(log) by extensions ['ignore', 'ignore_ament_install']
[0.894s] Level 1:colcon.colcon_core.package_identification:_identify(log) by extension 'ignore'
[0.894s] Level 1:colcon.colcon_core.package_identification:_identify(log) ignored
[0.894s] Level 1:colcon.colcon_core.package_identification:_identify(media) by extensions ['ignore', 'ignore_ament_install']
[0.895s] Level 1:colcon.colcon_core.package_identification:_identify(media) by extension 'ignore'
[0.895s] Level 1:colcon.colcon_core.package_identification:_identify(media) by extension 'ignore_ament_install'
[0.895s] Level 1:colcon.colcon_core.package_identification:_identify(media) by extensions ['colcon_pkg']
[0.895s] Level 1:colcon.colcon_core.package_identification:_identify(media) by extension 'colcon_pkg'
[0.895s] Level 1:colcon.colcon_core.package_identification:_identify(media) by extensions ['colcon_meta']
[0.895s] Level 1:colcon.colcon_core.package_identification:_identify(media) by extension 'colcon_meta'
[0.895s] Level 1:colcon.colcon_core.package_identification:_identify(media) by extensions ['ros']
[0.895s] Level 1:colcon.colcon_core.package_identification:_identify(media) by extension 'ros'
[0.895s] Level 1:colcon.colcon_core.package_identification:_identify(media) by extensions ['cmake', 'python']
[0.895s] Level 1:colcon.colcon_core.package_identification:_identify(media) by extension 'cmake'
[0.895s] Level 1:colcon.colcon_core.package_identification:_identify(media) by extension 'python'
[0.895s] Level 1:colcon.colcon_core.package_identification:_identify(media) by extensions ['python_setup_py']
[0.896s] Level 1:colcon.colcon_core.package_identification:_identify(media) by extension 'python_setup_py'
[0.896s] Level 1:colcon.colcon_core.package_identification:_identify(src) by extensions ['ignore', 'ignore_ament_install']
[0.896s] Level 1:colcon.colcon_core.package_identification:_identify(src) by extension 'ignore'
[0.896s] Level 1:colcon.colcon_core.package_identification:_identify(src) by extension 'ignore_ament_install'
[0.896s] Level 1:colcon.colcon_core.package_identification:_identify(src) by extensions ['colcon_pkg']
[0.896s] Level 1:colcon.colcon_core.package_identification:_identify(src) by extension 'colcon_pkg'
[0.896s] Level 1:colcon.colcon_core.package_identification:_identify(src) by extensions ['colcon_meta']
[0.896s] Level 1:colcon.colcon_core.package_identification:_identify(src) by extension 'colcon_meta'
[0.896s] Level 1:colcon.colcon_core.package_identification:_identify(src) by extensions ['ros']
[0.896s] Level 1:colcon.colcon_core.package_identification:_identify(src) by extension 'ros'
[0.896s] Level 1:colcon.colcon_core.package_identification:_identify(src) by extensions ['cmake', 'python']
[0.896s] Level 1:colcon.colcon_core.package_identification:_identify(src) by extension 'cmake'
[0.897s] Level 1:colcon.colcon_core.package_identification:_identify(src) by extension 'python'
[0.897s] Level 1:colcon.colcon_core.package_identification:_identify(src) by extensions ['python_setup_py']
[0.897s] Level 1:colcon.colcon_core.package_identification:_identify(src) by extension 'python_setup_py'
[0.897s] Level 1:colcon.colcon_core.package_identification:_identify(src/cpp_pubsub) by extensions ['ignore', 'ignore_ament_install']
[0.897s] Level 1:colcon.colcon_core.package_identification:_identify(src/cpp_pubsub) by extension 'ignore'
[0.897s] Level 1:colcon.colcon_core.package_identification:_identify(src/cpp_pubsub) by extension 'ignore_ament_install'
[0.897s] Level 1:colcon.colcon_core.package_identification:_identify(src/cpp_pubsub) by extensions ['colcon_pkg']
[0.897s] Level 1:colcon.colcon_core.package_identification:_identify(src/cpp_pubsub) by extension 'colcon_pkg'
[0.897s] Level 1:colcon.colcon_core.package_identification:_identify(src/cpp_pubsub) by extensions ['colcon_meta']
[0.897s] Level 1:colcon.colcon_core.package_identification:_identify(src/cpp_pubsub) by extension 'colcon_meta'
[0.897s] Level 1:colcon.colcon_core.package_identification:_identify(src/cpp_pubsub) by extensions ['ros']
[0.897s] Level 1:colcon.colcon_core.package_identification:_identify(src/cpp_pubsub) by extension 'ros'
[0.903s] DEBUG:colcon.colcon_core.package_identification:Package 'src/cpp_pubsub' with type 'ros.ament_cmake' and name 'cpp_pubsub'
[0.904s] Level 1:colcon.colcon_core.package_identification:_identify(src/maps) by extensions ['ignore', 'ignore_ament_install']
[0.904s] Level 1:colcon.colcon_core.package_identification:_identify(src/maps) by extension 'ignore'
[0.905s] Level 1:colcon.colcon_core.package_identification:_identify(src/maps) by extension 'ignore_ament_install'
[0.905s] Level 1:colcon.colcon_core.package_identification:_identify(src/maps) by extensions ['colcon_pkg']
[0.906s] Level 1:colcon.colcon_core.package_identification:_identify(src/maps) by extension 'colcon_pkg'
[0.906s] Level 1:colcon.colcon_core.package_identification:_identify(src/maps) by extensions ['colcon_meta']
[0.907s] Level 1:colcon.colcon_core.package_identification:_identify(src/maps) by extension 'colcon_meta'
[0.907s] Level 1:colcon.colcon_core.package_identification:_identify(src/maps) by extensions ['ros']
[0.907s] Level 1:colcon.colcon_core.package_identification:_identify(src/maps) by extension 'ros'
[0.908s] Level 1:colcon.colcon_core.package_identification:_identify(src/maps) by extensions ['cmake', 'python']
[0.908s] Level 1:colcon.colcon_core.package_identification:_identify(src/maps) by extension 'cmake'
[0.908s] Level 1:colcon.colcon_core.package_identification:_identify(src/maps) by extension 'python'
[0.908s] Level 1:colcon.colcon_core.package_identification:_identify(src/maps) by extensions ['python_setup_py']
[0.908s] Level 1:colcon.colcon_core.package_identification:_identify(src/maps) by extension 'python_setup_py'
[0.908s] Level 1:colcon.colcon_core.package_identification:_identify(src/my_launch_files) by extensions ['ignore', 'ignore_ament_install']
[0.909s] Level 1:colcon.colcon_core.package_identification:_identify(src/my_launch_files) by extension 'ignore'
[0.909s] Level 1:colcon.colcon_core.package_identification:_identify(src/my_launch_files) by extension 'ignore_ament_install'
[0.909s] Level 1:colcon.colcon_core.package_identification:_identify(src/my_launch_files) by extensions ['colcon_pkg']
[0.909s] Level 1:colcon.colcon_core.package_identification:_identify(src/my_launch_files) by extension 'colcon_pkg'
[0.909s] Level 1:colcon.colcon_core.package_identification:_identify(src/my_launch_files) by extensions ['colcon_meta']
[0.909s] Level 1:colcon.colcon_core.package_identification:_identify(src/my_launch_files) by extension 'colcon_meta'
[0.909s] Level 1:colcon.colcon_core.package_identification:_identify(src/my_launch_files) by extensions ['ros']
[0.909s] Level 1:colcon.colcon_core.package_identification:_identify(src/my_launch_files) by extension 'ros'
[0.911s] DEBUG:colcon.colcon_core.package_identification:Package 'src/my_launch_files' with type 'ros.ament_python' and name 'my_launch_files'
[0.912s] Level 1:colcon.colcon_core.package_identification:_identify(src/py_pubsub) by extensions ['ignore', 'ignore_ament_install']
[0.912s] Level 1:colcon.colcon_core.package_identification:_identify(src/py_pubsub) by extension 'ignore'
[0.912s] Level 1:colcon.colcon_core.package_identification:_identify(src/py_pubsub) by extension 'ignore_ament_install'
[0.912s] Level 1:colcon.colcon_core.package_identification:_identify(src/py_pubsub) by extensions ['colcon_pkg']
[0.912s] Level 1:colcon.colcon_core.package_identification:_identify(src/py_pubsub) by extension 'colcon_pkg'
[0.912s] Level 1:colcon.colcon_core.package_identification:_identify(src/py_pubsub) by extensions ['colcon_meta']
[0.912s] Level 1:colcon.colcon_core.package_identification:_identify(src/py_pubsub) by extension 'colcon_meta'
[0.912s] Level 1:colcon.colcon_core.package_identification:_identify(src/py_pubsub) by extensions ['ros']
[0.912s] Level 1:colcon.colcon_core.package_identification:_identify(src/py_pubsub) by extension 'ros'
[0.913s] DEBUG:colcon.colcon_core.package_identification:Package 'src/py_pubsub' with type 'ros.ament_python' and name 'py_pubsub'
[0.913s] Level 1:colcon.colcon_core.package_identification:_identify(src/worlds) by extensions ['ignore', 'ignore_ament_install']
[0.914s] Level 1:colcon.colcon_core.package_identification:_identify(src/worlds) by extension 'ignore'
[0.914s] Level 1:colcon.colcon_core.package_identification:_identify(src/worlds) by extension 'ignore_ament_install'
[0.914s] Level 1:colcon.colcon_core.package_identification:_identify(src/worlds) by extensions ['colcon_pkg']
[0.914s] Level 1:colcon.colcon_core.package_identification:_identify(src/worlds) by extension 'colcon_pkg'
[0.914s] Level 1:colcon.colcon_core.package_identification:_identify(src/worlds) by extensions ['colcon_meta']
[0.914s] Level 1:colcon.colcon_core.package_identification:_identify(src/worlds) by extension 'colcon_meta'
[0.914s] Level 1:colcon.colcon_core.package_identification:_identify(src/worlds) by extensions ['ros']
[0.914s] Level 1:colcon.colcon_core.package_identification:_identify(src/worlds) by extension 'ros'
[0.914s] Level 1:colcon.colcon_core.package_identification:_identify(src/worlds) by extensions ['cmake', 'python']
[0.914s] Level 1:colcon.colcon_core.package_identification:_identify(src/worlds) by extension 'cmake'
[0.914s] Level 1:colcon.colcon_core.package_identification:_identify(src/worlds) by extension 'python'
[0.914s] Level 1:colcon.colcon_core.package_identification:_identify(src/worlds) by extensions ['python_setup_py']
[0.914s] Level 1:colcon.colcon_core.package_identification:_identify(src/worlds) by extension 'python_setup_py'
[0.915s] Level 1:colcon.colcon_core.package_discovery:discover_packages(recursive) using defaults
[0.915s] Level 1:colcon.colcon_core.package_discovery:discover_packages(ignore) discover
[0.915s] Level 1:colcon.colcon_core.package_discovery:discover_packages(ignore) using defaults
[0.915s] Level 1:colcon.colcon_core.package_discovery:discover_packages(path) discover
[0.915s] Level 1:colcon.colcon_core.package_discovery:discover_packages(path) using defaults
[0.966s] INFO:colcon.colcon_core.package_selection:Skipping not selected package 'cpp_pubsub' in 'src/cpp_pubsub'
[0.966s] INFO:colcon.colcon_core.package_selection:Skipping not selected package 'my_launch_files' in 'src/my_launch_files'
[0.969s] Level 1:colcon.colcon_core.package_discovery:discover_packages(prefix_path) check parameters
[0.969s] Level 1:colcon.colcon_core.package_discovery:discover_packages(prefix_path) discover
[0.982s] DEBUG:colcon.colcon_installed_package_information.package_discovery:Found 1 installed packages in /home/vyom/ldlidar_ros2_ws/install
[0.984s] DEBUG:colcon.colcon_installed_package_information.package_discovery:Found 1 installed packages in /home/vyom/ydlidar_ros2_ws/install
[0.987s] DEBUG:colcon.colcon_installed_package_information.package_discovery:Found 3 installed packages in /home/vyom/turtlebot3_ws/install
[0.988s] DEBUG:colcon.colcon_installed_package_information.package_discovery:Found 3 installed packages in /home/vyom/ros2_ws/install
[0.990s] DEBUG:colcon.colcon_installed_package_information.package_discovery:Found 22 installed packages in /home/vyom/install
[0.991s] DEBUG:colcon.colcon_installed_package_information.package_discovery:Found 3 installed packages in /home/vyom/microros_ws/install
[0.992s] DEBUG:colcon.colcon_installed_package_information.package_discovery:Found 2 installed packages in /home/vyom/drishti_6otu(1)/install
[0.995s] DEBUG:colcon.colcon_installed_package_information.package_discovery:Found 396 installed packages in /opt/ros/humble
[1.003s] Level 1:colcon.colcon_core.package_discovery:discover_packages(prefix_path) using defaults
[1.189s] Level 5:colcon.colcon_core.verb:set package 'py_pubsub' build argument 'cmake_args' from command line to 'None'
[1.189s] Level 5:colcon.colcon_core.verb:set package 'py_pubsub' build argument 'cmake_target' from command line to 'None'
[1.189s] Level 5:colcon.colcon_core.verb:set package 'py_pubsub' build argument 'cmake_target_skip_unavailable' from command line to 'False'
[1.189s] Level 5:colcon.colcon_core.verb:set package 'py_pubsub' build argument 'cmake_clean_cache' from command line to 'False'
[1.189s] Level 5:colcon.colcon_core.verb:set package 'py_pubsub' build argument 'cmake_clean_first' from command line to 'False'
[1.189s] Level 5:colcon.colcon_core.verb:set package 'py_pubsub' build argument 'cmake_force_configure' from command line to 'False'
[1.189s] Level 5:colcon.colcon_core.verb:set package 'py_pubsub' build argument 'ament_cmake_args' from command line to 'None'
[1.189s] Level 5:colcon.colcon_core.verb:set package 'py_pubsub' build argument 'catkin_cmake_args' from command line to 'None'
[1.189s] Level 5:colcon.colcon_core.verb:set package 'py_pubsub' build argument 'catkin_skip_building_tests' from command line to 'False'
[1.189s] DEBUG:colcon.colcon_core.verb:Building package 'py_pubsub' with the following arguments: {'ament_cmake_args': None, 'build_base': '/home/vyom/ros2_ws/build/py_pubsub', 'catkin_cmake_args': None, 'catkin_skip_building_tests': False, 'cmake_args': None, 'cmake_clean_cache': False, 'cmake_clean_first': False, 'cmake_force_configure': False, 'cmake_target': None, 'cmake_target_skip_unavailable': False, 'install_base': '/home/vyom/ros2_ws/install/py_pubsub', 'merge_install': False, 'path': '/home/vyom/ros2_ws/src/py_pubsub', 'symlink_install': False, 'test_result_base': None}
[1.190s] INFO:colcon.colcon_core.executor:Executing jobs using 'parallel' executor
[1.194s] DEBUG:colcon.colcon_parallel_executor.executor.parallel:run_until_complete
[1.195s] INFO:colcon.colcon_ros.task.ament_python.build:Building ROS package in '/home/vyom/ros2_ws/src/py_pubsub' with build type 'ament_python'
[1.195s] Level 1:colcon.colcon_core.shell:create_environment_hook('py_pubsub', 'ament_prefix_path')
[1.200s] INFO:colcon.colcon_core.plugin_system:Skipping extension 'colcon_core.shell.bat': Not used on non-Windows systems
[1.200s] INFO:colcon.colcon_core.shell:Creating environment hook '/home/vyom/ros2_ws/install/py_pubsub/share/py_pubsub/hook/ament_prefix_path.ps1'
[1.201s] INFO:colcon.colcon_core.shell:Creating environment descriptor '/home/vyom/ros2_ws/install/py_pubsub/share/py_pubsub/hook/ament_prefix_path.dsv'
[1.202s] INFO:colcon.colcon_core.shell:Creating environment hook '/home/vyom/ros2_ws/install/py_pubsub/share/py_pubsub/hook/ament_prefix_path.sh'
[1.203s] INFO:colcon.colcon_core.shell:Skip shell extension 'powershell' for command environment: Not usable outside of PowerShell
[1.203s] DEBUG:colcon.colcon_core.shell:Skip shell extension 'dsv' for command environment
[2.023s] INFO:colcon.colcon_core.task.python.build:Building Python package in '/home/vyom/ros2_ws/src/py_pubsub'
[2.025s] INFO:colcon.colcon_core.shell:Skip shell extension 'powershell' for command environment: Not usable outside of PowerShell
[2.026s] DEBUG:colcon.colcon_core.shell:Skip shell extension 'dsv' for command environment
[3.095s] DEBUG:colcon.colcon_core.event_handler.log_command:Invoking command in '/home/vyom/ros2_ws/src/py_pubsub': PYTHONPATH=/home/vyom/ros2_ws/build/py_pubsub/prefix_override:/usr/lib/python3/dist-packages/colcon_core/task/python/colcon_distutils_commands:/home/vyom/ros2_ws/install/py_pubsub/lib/python3.10/site-packages:${PYTHONPATH} /usr/bin/python3 -W ignore:setup.py install is deprecated -W ignore:easy_install command is deprecated setup.py egg_info --egg-base ../../build/py_pubsub build --build-base /home/vyom/ros2_ws/build/py_pubsub/build install --record /home/vyom/ros2_ws/build/py_pubsub/install.log --single-version-externally-managed install_data
[3.960s] DEBUG:colcon.colcon_core.event_handler.log_command:Invoked command in '/home/vyom/ros2_ws/src/py_pubsub' returned '0': PYTHONPATH=/home/vyom/ros2_ws/build/py_pubsub/prefix_override:/usr/lib/python3/dist-packages/colcon_core/task/python/colcon_distutils_commands:/home/vyom/ros2_ws/install/py_pubsub/lib/python3.10/site-packages:${PYTHONPATH} /usr/bin/python3 -W ignore:setup.py install is deprecated -W ignore:easy_install command is deprecated setup.py egg_info --egg-base ../../build/py_pubsub build --build-base /home/vyom/ros2_ws/build/py_pubsub/build install --record /home/vyom/ros2_ws/build/py_pubsub/install.log --single-version-externally-managed install_data
[3.968s] Level 1:colcon.colcon_core.environment:checking '/home/vyom/ros2_ws/install/py_pubsub' for CMake module files
[3.969s] Level 1:colcon.colcon_core.environment:checking '/home/vyom/ros2_ws/install/py_pubsub' for CMake config files
[3.972s] Level 1:colcon.colcon_core.environment:checking '/home/vyom/ros2_ws/install/py_pubsub/lib'
[3.972s] Level 1:colcon.colcon_core.environment:checking '/home/vyom/ros2_ws/install/py_pubsub/bin'
[3.972s] Level 1:colcon.colcon_core.environment:checking '/home/vyom/ros2_ws/install/py_pubsub/lib/pkgconfig/py_pubsub.pc'
[3.973s] Level 1:colcon.colcon_core.environment:checking '/home/vyom/ros2_ws/install/py_pubsub/lib/python3.10/site-packages'
[3.973s] Level 1:colcon.colcon_core.shell:create_environment_hook('py_pubsub', 'pythonpath')
[3.973s] INFO:colcon.colcon_core.shell:Creating environment hook '/home/vyom/ros2_ws/install/py_pubsub/share/py_pubsub/hook/pythonpath.ps1'
[3.974s] INFO:colcon.colcon_core.shell:Creating environment descriptor '/home/vyom/ros2_ws/install/py_pubsub/share/py_pubsub/hook/pythonpath.dsv'
[3.975s] INFO:colcon.colcon_core.shell:Creating environment hook '/home/vyom/ros2_ws/install/py_pubsub/share/py_pubsub/hook/pythonpath.sh'
[3.978s] Level 1:colcon.colcon_core.environment:checking '/home/vyom/ros2_ws/install/py_pubsub/bin'
[3.979s] Level 1:colcon.colcon_core.environment:create_environment_scripts_only(py_pubsub)
[3.980s] INFO:colcon.colcon_core.shell:Creating package script '/home/vyom/ros2_ws/install/py_pubsub/share/py_pubsub/package.ps1'
[3.982s] INFO:colcon.colcon_core.shell:Creating package descriptor '/home/vyom/ros2_ws/install/py_pubsub/share/py_pubsub/package.dsv'
[3.983s] INFO:colcon.colcon_core.shell:Creating package script '/home/vyom/ros2_ws/install/py_pubsub/share/py_pubsub/package.sh'
[3.985s] INFO:colcon.colcon_core.shell:Creating package script '/home/vyom/ros2_ws/install/py_pubsub/share/py_pubsub/package.bash'
[3.986s] INFO:colcon.colcon_core.shell:Creating package script '/home/vyom/ros2_ws/install/py_pubsub/share/py_pubsub/package.zsh'
[3.987s] Level 1:colcon.colcon_core.environment:create_file_with_runtime_dependencies(/home/vyom/ros2_ws/install/py_pubsub/share/colcon-core/packages/py_pubsub)
[3.988s] DEBUG:colcon.colcon_parallel_executor.executor.parallel:closing loop
[3.988s] DEBUG:colcon.colcon_parallel_executor.executor.parallel:loop closed
[3.989s] DEBUG:colcon.colcon_parallel_executor.executor.parallel:run_until_complete finished with '0'
[3.989s] DEBUG:colcon.colcon_core.event_reactor:joining thread
[4.002s] INFO:colcon.colcon_core.plugin_system:Skipping extension 'colcon_notification.desktop_notification.terminal_notifier': Not used on non-Darwin systems
[4.002s] INFO:colcon.colcon_core.plugin_system:Skipping extension 'colcon_notification.desktop_notification.win32': Not used on non-Windows systems
[4.002s] INFO:colcon.colcon_notification.desktop_notification:Sending desktop notification using 'notify2'
[4.023s] DEBUG:colcon.colcon_core.event_reactor:joined thread
[4.024s] INFO:colcon.colcon_core.shell:Creating prefix script '/home/vyom/ros2_ws/install/local_setup.ps1'
[4.029s] INFO:colcon.colcon_core.shell:Creating prefix util module '/home/vyom/ros2_ws/install/_local_setup_util_ps1.py'
[4.032s] INFO:colcon.colcon_core.shell:Creating prefix chain script '/home/vyom/ros2_ws/install/setup.ps1'
[4.038s] INFO:colcon.colcon_core.shell:Creating prefix script '/home/vyom/ros2_ws/install/local_setup.sh'
[4.040s] INFO:colcon.colcon_core.shell:Creating prefix util module '/home/vyom/ros2_ws/install/_local_setup_util_sh.py'
[4.043s] INFO:colcon.colcon_core.shell:Creating prefix chain script '/home/vyom/ros2_ws/install/setup.sh'
[4.051s] INFO:colcon.colcon_core.shell:Creating prefix script '/home/vyom/ros2_ws/install/local_setup.bash'
[4.051s] INFO:colcon.colcon_core.shell:Creating prefix chain script '/home/vyom/ros2_ws/install/setup.bash'
[4.058s] INFO:colcon.colcon_core.shell:Creating prefix script '/home/vyom/ros2_ws/install/local_setup.zsh'
[4.060s] INFO:colcon.colcon_core.shell:Creating prefix chain script '/home/vyom/ros2_ws/install/setup.zsh'
