-- Found ament_cmake: 1.3.11 (/opt/ros/humble/share/ament_cmake/cmake)
-- Found rclcpp: 16.0.11 (/opt/ros/humble/share/rclcpp/cmake)
-- Found rosidl_generator_c: 3.1.6 (/opt/ros/humble/share/rosidl_generator_c/cmake)
-- Found rosidl_adapter: 3.1.6 (/opt/ros/humble/share/rosidl_adapter/cmake)
-- Found rosidl_generator_cpp: 3.1.6 (/opt/ros/humble/share/rosidl_generator_cpp/cmake)
-- Using all available rosidl_typesupport_c: rosidl_typesupport_fastrtps_c;rosidl_typesupport_introspection_c
-- Using all available rosidl_typesupport_cpp: rosidl_typesupport_fastrtps_cpp;rosidl_typesupport_introspection_cpp
-- Found rmw_implementation_cmake: 6.1.2 (/opt/ros/humble/share/rmw_implementation_cmake/cmake)
-- Found rmw_cyclonedds_cpp: 1.3.4 (/opt/ros/humble/share/rmw_cyclonedds_cpp/cmake)
-- Using RMW implementation 'rmw_cyclonedds_cpp' as default
-- Found turtlesim: 1.4.2 (/opt/ros/humble/share/turtlesim/cmake)
-- Found geometry_msgs: 4.2.4 (/opt/ros/humble/share/geometry_msgs/cmake)
-- Found nav_msgs: 4.2.4 (/opt/ros/humble/share/nav_msgs/cmake)
-- Found nmea_msgs: 2.0.0 (/opt/ros/humble/share/nmea_msgs/cmake)
-- Found sensor_msgs: 4.2.4 (/opt/ros/humble/share/sensor_msgs/cmake)
-- Found tf2: 0.25.12 (/opt/ros/humble/share/tf2/cmake)
-- Found tf2_geometry_msgs: 0.25.12 (/opt/ros/humble/share/tf2_geometry_msgs/cmake)
-- Found eigen3_cmake_module: 0.1.1 (/opt/ros/humble/share/eigen3_cmake_module/cmake)
-- Ensuring Eigen3 include directory is part of orocos-kdl CMake target
-- Found ament_lint_auto: 0.12.11 (/opt/ros/humble/share/ament_lint_auto/cmake)
-- Added test 'cppcheck' to perform static code analysis on C / C++ code
-- Configured cppcheck include dirs: /home/vyom/ros2_ws/src/cpp_pubsub/include
-- Configured cppcheck exclude dirs and/or files: 
-- Added test 'lint_cmake' to check CMake code style
-- Added test 'uncrustify' to check C / C++ code style
-- Configured uncrustify additional arguments: 
-- Added test 'xmllint' to check XML markup files
-- Configuring done
-- Generating done
-- Build files have been written to: /home/vyom/ros2_ws/build/cpp_pubsub
[35m[1mConsolidate compiler generated dependencies of target ps4Node[0m
[35m[1mConsolidate compiler generated dependencies of target pstryNode[0m
[35m[1mConsolidate compiler generated dependencies of target tb3Node[0m
[35m[1mConsolidate compiler generated dependencies of target finalNode[0m
[35m[1mConsolidate compiler generated dependencies of target autoNode[0m
[35m[1mConsolidate compiler generated dependencies of target xbox_node[0m
[35m[1mConsolidate compiler generated dependencies of target dNode[0m
[35m[1mConsolidate compiler generated dependencies of target gpsNode[0m
[  7%] Built target ps4Node
[ 14%] Built target pstryNode
[ 21%] Built target xbox_node
[ 28%] Built target finalNode
[ 35%] Built target gpsNode
[ 50%] Built target autoNode
[ 50%] Built target tb3Node
[ 57%] Built target dNode
[35m[1mConsolidate compiler generated dependencies of target armNode[0m
[35m[1mConsolidate compiler generated dependencies of target ircNode[0m
[35m[1mConsolidate compiler generated dependencies of target CamNode[0m
[35m[1mConsolidate compiler generated dependencies of target IrcNode[0m
[35m[1mConsolidate compiler generated dependencies of target combine[0m
[35m[1mConsolidate compiler generated dependencies of target lidar[0m
[ 64%] Built target armNode
[ 71%] Built target ircNode
[ 78%] Built target combine
[ 85%] Built target IrcNode
[ 92%] Built target CamNode
[100%] Built target lidar
-- Install configuration: ""
-- Up-to-date: /home/vyom/ros2_ws/install/cpp_pubsub/lib/cpp_pubsub/xbox_node
-- Up-to-date: /home/vyom/ros2_ws/install/cpp_pubsub/lib/cpp_pubsub/finalNode
-- Up-to-date: /home/vyom/ros2_ws/install/cpp_pubsub/lib/cpp_pubsub/tb3Node
-- Up-to-date: /home/vyom/ros2_ws/install/cpp_pubsub/lib/cpp_pubsub/ps4Node
-- Up-to-date: /home/vyom/ros2_ws/install/cpp_pubsub/lib/cpp_pubsub/pstryNode
-- Up-to-date: /home/vyom/ros2_ws/install/cpp_pubsub/lib/cpp_pubsub/autoNode
-- Up-to-date: /home/vyom/ros2_ws/install/cpp_pubsub/lib/cpp_pubsub/gpsNode
-- Up-to-date: /home/vyom/ros2_ws/install/cpp_pubsub/lib/cpp_pubsub/dNode
-- Up-to-date: /home/vyom/ros2_ws/install/cpp_pubsub/lib/cpp_pubsub/armNode
-- Up-to-date: /home/vyom/ros2_ws/install/cpp_pubsub/lib/cpp_pubsub/ircNode
-- Up-to-date: /home/vyom/ros2_ws/install/cpp_pubsub/lib/cpp_pubsub/IrcNode
-- Up-to-date: /home/vyom/ros2_ws/install/cpp_pubsub/lib/cpp_pubsub/CamNode
-- Up-to-date: /home/vyom/ros2_ws/install/cpp_pubsub/lib/cpp_pubsub/combine
-- Up-to-date: /home/vyom/ros2_ws/install/cpp_pubsub/lib/cpp_pubsub/lidar
-- Installing: /home/vyom/ros2_ws/install/cpp_pubsub/share/ament_index/resource_index/package_run_dependencies/cpp_pubsub
-- Installing: /home/vyom/ros2_ws/install/cpp_pubsub/share/ament_index/resource_index/parent_prefix_path/cpp_pubsub
-- Installing: /home/vyom/ros2_ws/install/cpp_pubsub/share/cpp_pubsub/environment/ament_prefix_path.sh
-- Installing: /home/vyom/ros2_ws/install/cpp_pubsub/share/cpp_pubsub/environment/ament_prefix_path.dsv
-- Installing: /home/vyom/ros2_ws/install/cpp_pubsub/share/cpp_pubsub/environment/path.sh
-- Installing: /home/vyom/ros2_ws/install/cpp_pubsub/share/cpp_pubsub/environment/path.dsv
-- Installing: /home/vyom/ros2_ws/install/cpp_pubsub/share/cpp_pubsub/local_setup.bash
-- Installing: /home/vyom/ros2_ws/install/cpp_pubsub/share/cpp_pubsub/local_setup.sh
-- Installing: /home/vyom/ros2_ws/install/cpp_pubsub/share/cpp_pubsub/local_setup.zsh
-- Installing: /home/vyom/ros2_ws/install/cpp_pubsub/share/cpp_pubsub/local_setup.dsv
-- Installing: /home/vyom/ros2_ws/install/cpp_pubsub/share/cpp_pubsub/package.dsv
-- Installing: /home/vyom/ros2_ws/install/cpp_pubsub/share/ament_index/resource_index/packages/cpp_pubsub
-- Installing: /home/vyom/ros2_ws/install/cpp_pubsub/share/cpp_pubsub/cmake/cpp_pubsubConfig.cmake
-- Installing: /home/vyom/ros2_ws/install/cpp_pubsub/share/cpp_pubsub/cmake/cpp_pubsubConfig-version.cmake
-- Installing: /home/vyom/ros2_ws/install/cpp_pubsub/share/cpp_pubsub/package.xml
