[0.042s] Invoking command in '/home/vyom/ros2_ws/build/cpp_pubsub': CMAKE_PREFIX_PATH=${CMAKE_PREFIX_PATH}:/home/vyom/ros2_ws/install/py_pubsub:/home/vyom/ros2_ws/install/my_launch_files:/home/vyom/install/launch_testing_examples:/home/vyom/install/examples_rclpy_pointcloud_publisher:/home/vyom/install/examples_rclpy_minimal_subscriber:/home/vyom/install/examples_rclpy_minimal_service:/home/vyom/install/examples_rclpy_minimal_publisher:/home/vyom/install/examples_rclpy_minimal_client:/home/vyom/install/examples_rclpy_minimal_action_server:/home/vyom/install/examples_rclpy_minimal_action_client:/home/vyom/install/examples_rclpy_guard_conditions:/home/vyom/install/examples_rclpy_executors:/opt/ros/humble /usr/bin/cmake --build /home/vyom/ros2_ws/build/cpp_pubsub -- -j8 -l8
[0.416s] -- Found ament_cmake: 1.3.11 (/opt/ros/humble/share/ament_cmake/cmake)
[0.416s] -- Found rclcpp: 16.0.11 (/opt/ros/humble/share/rclcpp/cmake)
[0.416s] -- Found rosidl_generator_c: 3.1.6 (/opt/ros/humble/share/rosidl_generator_c/cmake)
[0.416s] -- Found rosidl_adapter: 3.1.6 (/opt/ros/humble/share/rosidl_adapter/cmake)
[0.416s] -- Found rosidl_generator_cpp: 3.1.6 (/opt/ros/humble/share/rosidl_generator_cpp/cmake)
[0.416s] -- Using all available rosidl_typesupport_c: rosidl_typesupport_fastrtps_c;rosidl_typesupport_introspection_c
[0.416s] -- Using all available rosidl_typesupport_cpp: rosidl_typesupport_fastrtps_cpp;rosidl_typesupport_introspection_cpp
[0.460s] -- Found rmw_implementation_cmake: 6.1.2 (/opt/ros/humble/share/rmw_implementation_cmake/cmake)
[0.464s] -- Found rmw_cyclonedds_cpp: 1.3.4 (/opt/ros/humble/share/rmw_cyclonedds_cpp/cmake)
[0.492s] -- Using RMW implementation 'rmw_cyclonedds_cpp' as default
[0.558s] -- Found turtlesim: 1.4.2 (/opt/ros/humble/share/turtlesim/cmake)
[0.606s] -- Found geometry_msgs: 4.2.4 (/opt/ros/humble/share/geometry_msgs/cmake)
[0.621s] -- Found nav_msgs: 4.2.4 (/opt/ros/humble/share/nav_msgs/cmake)
[0.644s] -- Found nmea_msgs: 2.0.0 (/opt/ros/humble/share/nmea_msgs/cmake)
[0.659s] -- Found sensor_msgs: 4.2.4 (/opt/ros/humble/share/sensor_msgs/cmake)
[0.681s] -- Found tf2: 0.25.12 (/opt/ros/humble/share/tf2/cmake)
[0.686s] -- Found tf2_geometry_msgs: 0.25.12 (/opt/ros/humble/share/tf2_geometry_msgs/cmake)
[0.692s] -- Found eigen3_cmake_module: 0.1.1 (/opt/ros/humble/share/eigen3_cmake_module/cmake)
[0.694s] -- Ensuring Eigen3 include directory is part of orocos-kdl CMake target
[0.902s] -- Found ament_lint_auto: 0.12.11 (/opt/ros/humble/share/ament_lint_auto/cmake)
[1.004s] -- Added test 'cppcheck' to perform static code analysis on C / C++ code
[1.006s] -- Configured cppcheck include dirs: /home/vyom/ros2_ws/src/cpp_pubsub/include
[1.006s] -- Configured cppcheck exclude dirs and/or files: 
[1.007s] -- Added test 'lint_cmake' to check CMake code style
[1.009s] -- Added test 'uncrustify' to check C / C++ code style
[1.009s] -- Configured uncrustify additional arguments: 
[1.009s] -- Added test 'xmllint' to check XML markup files
[1.011s] -- Configuring done
[1.102s] -- Generating done
[1.142s] -- Build files have been written to: /home/vyom/ros2_ws/build/cpp_pubsub
[1.189s] [35m[1mConsolidate compiler generated dependencies of target ps4Node[0m
[1.189s] [35m[1mConsolidate compiler generated dependencies of target pstryNode[0m
[1.191s] [35m[1mConsolidate compiler generated dependencies of target tb3Node[0m
[1.192s] [35m[1mConsolidate compiler generated dependencies of target finalNode[0m
[1.192s] [35m[1mConsolidate compiler generated dependencies of target autoNode[0m
[1.193s] [35m[1mConsolidate compiler generated dependencies of target xbox_node[0m
[1.199s] [35m[1mConsolidate compiler generated dependencies of target dNode[0m
[1.201s] [35m[1mConsolidate compiler generated dependencies of target gpsNode[0m
[1.227s] [  7%] Built target ps4Node
[1.227s] [ 14%] Built target pstryNode
[1.235s] [ 21%] Built target xbox_node
[1.235s] [ 28%] Built target finalNode
[1.245s] [ 35%] Built target gpsNode
[1.245s] [ 50%] Built target autoNode
[1.245s] [ 50%] Built target tb3Node
[1.247s] [ 57%] Built target dNode
[1.255s] [35m[1mConsolidate compiler generated dependencies of target armNode[0m
[1.259s] [35m[1mConsolidate compiler generated dependencies of target ircNode[0m
[1.264s] [35m[1mConsolidate compiler generated dependencies of target CamNode[0m
[1.264s] [35m[1mConsolidate compiler generated dependencies of target IrcNode[0m
[1.266s] [35m[1mConsolidate compiler generated dependencies of target combine[0m
[1.269s] [35m[1mConsolidate compiler generated dependencies of target lidar[0m
[1.286s] [ 64%] Built target armNode
[1.291s] [ 71%] Built target ircNode
[1.292s] [ 78%] Built target combine
[1.294s] [ 85%] Built target IrcNode
[1.297s] [ 92%] Built target CamNode
[1.299s] [100%] Built target lidar
[1.315s] Invoked command in '/home/vyom/ros2_ws/build/cpp_pubsub' returned '0': CMAKE_PREFIX_PATH=${CMAKE_PREFIX_PATH}:/home/vyom/ros2_ws/install/py_pubsub:/home/vyom/ros2_ws/install/my_launch_files:/home/vyom/install/launch_testing_examples:/home/vyom/install/examples_rclpy_pointcloud_publisher:/home/vyom/install/examples_rclpy_minimal_subscriber:/home/vyom/install/examples_rclpy_minimal_service:/home/vyom/install/examples_rclpy_minimal_publisher:/home/vyom/install/examples_rclpy_minimal_client:/home/vyom/install/examples_rclpy_minimal_action_server:/home/vyom/install/examples_rclpy_minimal_action_client:/home/vyom/install/examples_rclpy_guard_conditions:/home/vyom/install/examples_rclpy_executors:/opt/ros/humble /usr/bin/cmake --build /home/vyom/ros2_ws/build/cpp_pubsub -- -j8 -l8
[1.329s] Invoking command in '/home/vyom/ros2_ws/build/cpp_pubsub': CMAKE_PREFIX_PATH=${CMAKE_PREFIX_PATH}:/home/vyom/ros2_ws/install/py_pubsub:/home/vyom/ros2_ws/install/my_launch_files:/home/vyom/install/launch_testing_examples:/home/vyom/install/examples_rclpy_pointcloud_publisher:/home/vyom/install/examples_rclpy_minimal_subscriber:/home/vyom/install/examples_rclpy_minimal_service:/home/vyom/install/examples_rclpy_minimal_publisher:/home/vyom/install/examples_rclpy_minimal_client:/home/vyom/install/examples_rclpy_minimal_action_server:/home/vyom/install/examples_rclpy_minimal_action_client:/home/vyom/install/examples_rclpy_guard_conditions:/home/vyom/install/examples_rclpy_executors:/opt/ros/humble /usr/bin/cmake --install /home/vyom/ros2_ws/build/cpp_pubsub
[1.340s] -- Install configuration: ""
[1.341s] -- Up-to-date: /home/vyom/ros2_ws/install/cpp_pubsub/lib/cpp_pubsub/xbox_node
[1.342s] -- Up-to-date: /home/vyom/ros2_ws/install/cpp_pubsub/lib/cpp_pubsub/finalNode
[1.343s] -- Up-to-date: /home/vyom/ros2_ws/install/cpp_pubsub/lib/cpp_pubsub/tb3Node
[1.344s] -- Up-to-date: /home/vyom/ros2_ws/install/cpp_pubsub/lib/cpp_pubsub/ps4Node
[1.345s] -- Up-to-date: /home/vyom/ros2_ws/install/cpp_pubsub/lib/cpp_pubsub/pstryNode
[1.346s] -- Up-to-date: /home/vyom/ros2_ws/install/cpp_pubsub/lib/cpp_pubsub/autoNode
[1.347s] -- Up-to-date: /home/vyom/ros2_ws/install/cpp_pubsub/lib/cpp_pubsub/gpsNode
[1.348s] -- Up-to-date: /home/vyom/ros2_ws/install/cpp_pubsub/lib/cpp_pubsub/dNode
[1.349s] -- Up-to-date: /home/vyom/ros2_ws/install/cpp_pubsub/lib/cpp_pubsub/armNode
[1.350s] -- Up-to-date: /home/vyom/ros2_ws/install/cpp_pubsub/lib/cpp_pubsub/ircNode
[1.351s] -- Up-to-date: /home/vyom/ros2_ws/install/cpp_pubsub/lib/cpp_pubsub/IrcNode
[1.351s] -- Up-to-date: /home/vyom/ros2_ws/install/cpp_pubsub/lib/cpp_pubsub/CamNode
[1.352s] -- Up-to-date: /home/vyom/ros2_ws/install/cpp_pubsub/lib/cpp_pubsub/combine
[1.353s] -- Up-to-date: /home/vyom/ros2_ws/install/cpp_pubsub/lib/cpp_pubsub/lidar
[1.353s] -- Installing: /home/vyom/ros2_ws/install/cpp_pubsub/share/ament_index/resource_index/package_run_dependencies/cpp_pubsub
[1.353s] -- Installing: /home/vyom/ros2_ws/install/cpp_pubsub/share/ament_index/resource_index/parent_prefix_path/cpp_pubsub
[1.354s] -- Installing: /home/vyom/ros2_ws/install/cpp_pubsub/share/cpp_pubsub/environment/ament_prefix_path.sh
[1.354s] -- Installing: /home/vyom/ros2_ws/install/cpp_pubsub/share/cpp_pubsub/environment/ament_prefix_path.dsv
[1.354s] -- Installing: /home/vyom/ros2_ws/install/cpp_pubsub/share/cpp_pubsub/environment/path.sh
[1.354s] -- Installing: /home/vyom/ros2_ws/install/cpp_pubsub/share/cpp_pubsub/environment/path.dsv
[1.354s] -- Installing: /home/vyom/ros2_ws/install/cpp_pubsub/share/cpp_pubsub/local_setup.bash
[1.354s] -- Installing: /home/vyom/ros2_ws/install/cpp_pubsub/share/cpp_pubsub/local_setup.sh
[1.355s] -- Installing: /home/vyom/ros2_ws/install/cpp_pubsub/share/cpp_pubsub/local_setup.zsh
[1.355s] -- Installing: /home/vyom/ros2_ws/install/cpp_pubsub/share/cpp_pubsub/local_setup.dsv
[1.355s] -- Installing: /home/vyom/ros2_ws/install/cpp_pubsub/share/cpp_pubsub/package.dsv
[1.355s] -- Installing: /home/vyom/ros2_ws/install/cpp_pubsub/share/ament_index/resource_index/packages/cpp_pubsub
[1.355s] -- Installing: /home/vyom/ros2_ws/install/cpp_pubsub/share/cpp_pubsub/cmake/cpp_pubsubConfig.cmake
[1.356s] -- Installing: /home/vyom/ros2_ws/install/cpp_pubsub/share/cpp_pubsub/cmake/cpp_pubsubConfig-version.cmake
[1.356s] -- Installing: /home/vyom/ros2_ws/install/cpp_pubsub/share/cpp_pubsub/package.xml
[1.359s] Invoked command in '/home/vyom/ros2_ws/build/cpp_pubsub' returned '0': CMAKE_PREFIX_PATH=${CMAKE_PREFIX_PATH}:/home/vyom/ros2_ws/install/py_pubsub:/home/vyom/ros2_ws/install/my_launch_files:/home/vyom/install/launch_testing_examples:/home/vyom/install/examples_rclpy_pointcloud_publisher:/home/vyom/install/examples_rclpy_minimal_subscriber:/home/vyom/install/examples_rclpy_minimal_service:/home/vyom/install/examples_rclpy_minimal_publisher:/home/vyom/install/examples_rclpy_minimal_client:/home/vyom/install/examples_rclpy_minimal_action_server:/home/vyom/install/examples_rclpy_minimal_action_client:/home/vyom/install/examples_rclpy_guard_conditions:/home/vyom/install/examples_rclpy_executors:/opt/ros/humble /usr/bin/cmake --install /home/vyom/ros2_ws/build/cpp_pubsub
