running develop
Removing /home/vyom/ros2_ws/install/py_pubsub/lib/python3.10/site-packages/py-pubsub.egg-link (link to .)
running egg_info
writing ../../build/py_pubsub/py_pubsub.egg-info/PKG-INFO
writing dependency_links to ../../build/py_pubsub/py_pubsub.egg-info/dependency_links.txt
writing entry points to ../../build/py_pubsub/py_pubsub.egg-info/entry_points.txt
writing requirements to ../../build/py_pubsub/py_pubsub.egg-info/requires.txt
writing top-level names to ../../build/py_pubsub/py_pubsub.egg-info/top_level.txt
reading manifest file '../../build/py_pubsub/py_pubsub.egg-info/SOURCES.txt'
adding license file 'LICENSE'
writing manifest file '../../build/py_pubsub/py_pubsub.egg-info/SOURCES.txt'
running build
running build_py
creating /home/vyom/ros2_ws/build/py_pubsub/build
creating /home/vyom/ros2_ws/build/py_pubsub/build/lib
creating /home/vyom/ros2_ws/build/py_pubsub/build/lib/py_pubsub
copying py_pubsub/__init__.py -> /home/vyom/ros2_ws/build/py_pubsub/build/lib/py_pubsub
copying py_pubsub/gnd_try.py -> /home/vyom/ros2_ws/build/py_pubsub/build/lib/py_pubsub
copying py_pubsub/m2C.py -> /home/vyom/ros2_ws/build/py_pubsub/build/lib/py_pubsub
copying py_pubsub/ekf_slam_d.py -> /home/vyom/ros2_ws/build/py_pubsub/build/lib/py_pubsub
copying py_pubsub/EKF_slam.py -> /home/vyom/ros2_ws/build/py_pubsub/build/lib/py_pubsub
copying py_pubsub/gnd_obj_det.py -> /home/vyom/ros2_ws/build/py_pubsub/build/lib/py_pubsub
copying py_pubsub/EKF_localization.py -> /home/vyom/ros2_ws/build/py_pubsub/build/lib/py_pubsub
copying py_pubsub/Ground_det.py -> /home/vyom/ros2_ws/build/py_pubsub/build/lib/py_pubsub
running install
running install_lib
creating /home/vyom/ros2_ws/install/py_pubsub/lib/python3.10/site-packages/py_pubsub
copying /home/vyom/ros2_ws/build/py_pubsub/build/lib/py_pubsub/__init__.py -> /home/vyom/ros2_ws/install/py_pubsub/lib/python3.10/site-packages/py_pubsub
copying /home/vyom/ros2_ws/build/py_pubsub/build/lib/py_pubsub/gnd_try.py -> /home/vyom/ros2_ws/install/py_pubsub/lib/python3.10/site-packages/py_pubsub
copying /home/vyom/ros2_ws/build/py_pubsub/build/lib/py_pubsub/m2C.py -> /home/vyom/ros2_ws/install/py_pubsub/lib/python3.10/site-packages/py_pubsub
copying /home/vyom/ros2_ws/build/py_pubsub/build/lib/py_pubsub/ekf_slam_d.py -> /home/vyom/ros2_ws/install/py_pubsub/lib/python3.10/site-packages/py_pubsub
copying /home/vyom/ros2_ws/build/py_pubsub/build/lib/py_pubsub/EKF_slam.py -> /home/vyom/ros2_ws/install/py_pubsub/lib/python3.10/site-packages/py_pubsub
copying /home/vyom/ros2_ws/build/py_pubsub/build/lib/py_pubsub/gnd_obj_det.py -> /home/vyom/ros2_ws/install/py_pubsub/lib/python3.10/site-packages/py_pubsub
copying /home/vyom/ros2_ws/build/py_pubsub/build/lib/py_pubsub/EKF_localization.py -> /home/vyom/ros2_ws/install/py_pubsub/lib/python3.10/site-packages/py_pubsub
copying /home/vyom/ros2_ws/build/py_pubsub/build/lib/py_pubsub/Ground_det.py -> /home/vyom/ros2_ws/install/py_pubsub/lib/python3.10/site-packages/py_pubsub
byte-compiling /home/vyom/ros2_ws/install/py_pubsub/lib/python3.10/site-packages/py_pubsub/__init__.py to __init__.cpython-310.pyc
byte-compiling /home/vyom/ros2_ws/install/py_pubsub/lib/python3.10/site-packages/py_pubsub/gnd_try.py to gnd_try.cpython-310.pyc
byte-compiling /home/vyom/ros2_ws/install/py_pubsub/lib/python3.10/site-packages/py_pubsub/m2C.py to m2C.cpython-310.pyc
byte-compiling /home/vyom/ros2_ws/install/py_pubsub/lib/python3.10/site-packages/py_pubsub/ekf_slam_d.py to ekf_slam_d.cpython-310.pyc
byte-compiling /home/vyom/ros2_ws/install/py_pubsub/lib/python3.10/site-packages/py_pubsub/EKF_slam.py to EKF_slam.cpython-310.pyc
byte-compiling /home/vyom/ros2_ws/install/py_pubsub/lib/python3.10/site-packages/py_pubsub/gnd_obj_det.py to gnd_obj_det.cpython-310.pyc
byte-compiling /home/vyom/ros2_ws/install/py_pubsub/lib/python3.10/site-packages/py_pubsub/EKF_localization.py to EKF_localization.cpython-310.pyc
byte-compiling /home/vyom/ros2_ws/install/py_pubsub/lib/python3.10/site-packages/py_pubsub/Ground_det.py to Ground_det.cpython-310.pyc
running install_data
copying resource/py_pubsub -> /home/vyom/ros2_ws/install/py_pubsub/share/ament_index/resource_index/packages
copying package.xml -> /home/vyom/ros2_ws/install/py_pubsub/share/py_pubsub
running install_egg_info
Copying ../../build/py_pubsub/py_pubsub.egg-info to /home/vyom/ros2_ws/install/py_pubsub/lib/python3.10/site-packages/py_pubsub-0.0.0-py3.10.egg-info
running install_scripts
Installing binary_im script to /home/vyom/ros2_ws/install/py_pubsub/lib/py_pubsub
Installing ekf_slam script to /home/vyom/ros2_ws/install/py_pubsub/lib/py_pubsub
Installing gd script to /home/vyom/ros2_ws/install/py_pubsub/lib/py_pubsub
Installing localization script to /home/vyom/ros2_ws/install/py_pubsub/lib/py_pubsub
Installing m2C script to /home/vyom/ros2_ws/install/py_pubsub/lib/py_pubsub
Installing slam_d script to /home/vyom/ros2_ws/install/py_pubsub/lib/py_pubsub
writing list of installed files to '/home/vyom/ros2_ws/build/py_pubsub/install.log'
