[1.490s] Invoking command in '/home/vyom/ros2_ws/build/my_launch_files': PYTHONPATH=/home/vyom/ros2_ws/build/my_launch_files/prefix_override:/usr/lib/python3/dist-packages/colcon_core/task/python/colcon_distutils_commands:/home/vyom/ros2_ws/install/my_launch_files/lib/python3.10/site-packages:${PYTHONPATH} /usr/bin/python3 -W ignore:setup.py install is deprecated -W ignore:easy_install command is deprecated setup.py develop --editable --build-directory /home/vyom/ros2_ws/build/my_launch_files/build --no-deps symlink_data
[1.958s] running develop
[2.240s] running egg_info
[2.240s] creating my_launch_files.egg-info
[2.260s] writing my_launch_files.egg-info/PKG-INFO
[2.260s] writing dependency_links to my_launch_files.egg-info/dependency_links.txt
[2.261s] writing requirements to my_launch_files.egg-info/requires.txt
[2.261s] writing top-level names to my_launch_files.egg-info/top_level.txt
[2.261s] writing manifest file 'my_launch_files.egg-info/SOURCES.txt'
[2.314s] reading manifest file 'my_launch_files.egg-info/SOURCES.txt'
[2.315s] writing manifest file 'my_launch_files.egg-info/SOURCES.txt'
[2.341s] running build_ext
[2.341s] Creating /home/vyom/ros2_ws/install/my_launch_files/lib/python3.10/site-packages/my-launch-files.egg-link (link to .)
[2.342s] 
[2.342s] Installed /home/vyom/ros2_ws/build/my_launch_files
[2.343s] running symlink_data
[2.343s] creating /home/vyom/ros2_ws/install/my_launch_files/share/ament_index
[2.343s] creating /home/vyom/ros2_ws/install/my_launch_files/share/ament_index/resource_index
[2.343s] creating /home/vyom/ros2_ws/install/my_launch_files/share/ament_index/resource_index/packages
[2.343s] symbolically linking /home/vyom/ros2_ws/build/my_launch_files/resource/my_launch_files -> /home/vyom/ros2_ws/install/my_launch_files/share/ament_index/resource_index/packages
[2.343s] symbolically linking /home/vyom/ros2_ws/build/my_launch_files/package.xml -> /home/vyom/ros2_ws/install/my_launch_files/share/my_launch_files
[2.343s] creating /home/vyom/ros2_ws/install/my_launch_files/share/my_launch_files/launch
[2.344s] symbolically linking /home/vyom/ros2_ws/build/my_launch_files/launch/cylin_world.launch.py -> /home/vyom/ros2_ws/install/my_launch_files/share/my_launch_files/launch
[2.344s] symbolically linking /home/vyom/ros2_ws/build/my_launch_files/launch/ekf_launch.py -> /home/vyom/ros2_ws/install/my_launch_files/share/my_launch_files/launch
[2.394s] Invoked command in '/home/vyom/ros2_ws/build/my_launch_files' returned '0': PYTHONPATH=/home/vyom/ros2_ws/build/my_launch_files/prefix_override:/usr/lib/python3/dist-packages/colcon_core/task/python/colcon_distutils_commands:/home/vyom/ros2_ws/install/my_launch_files/lib/python3.10/site-packages:${PYTHONPATH} /usr/bin/python3 -W ignore:setup.py install is deprecated -W ignore:easy_install command is deprecated setup.py develop --editable --build-directory /home/vyom/ros2_ws/build/my_launch_files/build --no-deps symlink_data
