[2.370s] Invoking command in '/home/vyom/ros2_ws/src/py_pubsub': PYTHONPATH=/home/vyom/ros2_ws/build/py_pubsub/prefix_override:/usr/lib/python3/dist-packages/colcon_core/task/python/colcon_distutils_commands:/home/vyom/ros2_ws/install/py_pubsub/lib/python3.10/site-packages:${PYTHONPATH} /usr/bin/python3 -W ignore:setup.py install is deprecated -W ignore:easy_install command is deprecated setup.py egg_info --egg-base ../../build/py_pubsub build --build-base /home/vyom/ros2_ws/build/py_pubsub/build install --record /home/vyom/ros2_ws/build/py_pubsub/install.log --single-version-externally-managed install_data
[3.290s] running egg_info
[3.293s] writing ../../build/py_pubsub/py_pubsub.egg-info/PKG-INFO
[3.293s] writing dependency_links to ../../build/py_pubsub/py_pubsub.egg-info/dependency_links.txt
[3.294s] writing entry points to ../../build/py_pubsub/py_pubsub.egg-info/entry_points.txt
[3.294s] writing requirements to ../../build/py_pubsub/py_pubsub.egg-info/requires.txt
[3.294s] writing top-level names to ../../build/py_pubsub/py_pubsub.egg-info/top_level.txt
[3.298s] reading manifest file '../../build/py_pubsub/py_pubsub.egg-info/SOURCES.txt'
[3.298s] adding license file 'LICENSE'
[3.300s] writing manifest file '../../build/py_pubsub/py_pubsub.egg-info/SOURCES.txt'
[3.301s] running build
[3.301s] running build_py
[3.301s] running install
[3.305s] running install_lib
[3.310s] running install_data
[3.310s] running install_egg_info
[3.313s] removing '/home/vyom/ros2_ws/install/py_pubsub/lib/python3.10/site-packages/py_pubsub-0.0.0-py3.10.egg-info' (and everything under it)
[3.314s] Copying ../../build/py_pubsub/py_pubsub.egg-info to /home/vyom/ros2_ws/install/py_pubsub/lib/python3.10/site-packages/py_pubsub-0.0.0-py3.10.egg-info
[3.316s] running install_scripts
[3.376s] Installing binary_im script to /home/vyom/ros2_ws/install/py_pubsub/lib/py_pubsub
[3.377s] Installing ekf_slam script to /home/vyom/ros2_ws/install/py_pubsub/lib/py_pubsub
[3.377s] Installing gd script to /home/vyom/ros2_ws/install/py_pubsub/lib/py_pubsub
[3.377s] Installing localization script to /home/vyom/ros2_ws/install/py_pubsub/lib/py_pubsub
[3.377s] Installing m2C script to /home/vyom/ros2_ws/install/py_pubsub/lib/py_pubsub
[3.377s] Installing slam_d script to /home/vyom/ros2_ws/install/py_pubsub/lib/py_pubsub
[3.378s] writing list of installed files to '/home/vyom/ros2_ws/build/py_pubsub/install.log'
[3.480s] Invoked command in '/home/vyom/ros2_ws/src/py_pubsub' returned '0': PYTHONPATH=/home/vyom/ros2_ws/build/py_pubsub/prefix_override:/usr/lib/python3/dist-packages/colcon_core/task/python/colcon_distutils_commands:/home/vyom/ros2_ws/install/py_pubsub/lib/python3.10/site-packages:${PYTHONPATH} /usr/bin/python3 -W ignore:setup.py install is deprecated -W ignore:easy_install command is deprecated setup.py egg_info --egg-base ../../build/py_pubsub build --build-base /home/vyom/ros2_ws/build/py_pubsub/build install --record /home/vyom/ros2_ws/build/py_pubsub/install.log --single-version-externally-managed install_data
