[0.036s] Invoking command in '/home/vyom/ros2_ws/build/cpp_pubsub': CMAKE_PREFIX_PATH=${CMAKE_PREFIX_PATH}:/home/vyom/ros2_ws/install/py_pubsub:/home/vyom/ros2_ws/install/my_launch_files:/home/vyom/install/launch_testing_examples:/home/vyom/install/examples_rclpy_pointcloud_publisher:/home/vyom/install/examples_rclpy_minimal_subscriber:/home/vyom/install/examples_rclpy_minimal_service:/home/vyom/install/examples_rclpy_minimal_publisher:/home/vyom/install/examples_rclpy_minimal_client:/home/vyom/install/examples_rclpy_minimal_action_server:/home/vyom/install/examples_rclpy_minimal_action_client:/home/vyom/install/examples_rclpy_guard_conditions:/home/vyom/install/examples_rclpy_executors:/opt/ros/humble /usr/bin/cmake /home/vyom/ros2_ws/src/cpp_pubsub -DCMAKE_INSTALL_PREFIX=/home/vyom/ros2_ws/install/cpp_pubsub
[0.261s] -- Found ament_cmake: 1.3.11 (/opt/ros/humble/share/ament_cmake/cmake)
[0.261s] -- Override CMake install command with custom implementation using symlinks instead of copying resources
[0.261s] -- Found rclcpp: 16.0.11 (/opt/ros/humble/share/rclcpp/cmake)
[0.261s] -- Found rosidl_generator_c: 3.1.6 (/opt/ros/humble/share/rosidl_generator_c/cmake)
[0.261s] -- Found rosidl_adapter: 3.1.6 (/opt/ros/humble/share/rosidl_adapter/cmake)
[0.261s] -- Found rosidl_generator_cpp: 3.1.6 (/opt/ros/humble/share/rosidl_generator_cpp/cmake)
[0.261s] -- Using all available rosidl_typesupport_c: rosidl_typesupport_fastrtps_c;rosidl_typesupport_introspection_c
[0.269s] -- Using all available rosidl_typesupport_cpp: rosidl_typesupport_fastrtps_cpp;rosidl_typesupport_introspection_cpp
[0.307s] -- Found rmw_implementation_cmake: 6.1.2 (/opt/ros/humble/share/rmw_implementation_cmake/cmake)
[0.310s] -- Found rmw_cyclonedds_cpp: 1.3.4 (/opt/ros/humble/share/rmw_cyclonedds_cpp/cmake)
[0.333s] -- Using RMW implementation 'rmw_cyclonedds_cpp' as default
[0.392s] -- Found turtlesim: 1.4.2 (/opt/ros/humble/share/turtlesim/cmake)
[0.432s] -- Found geometry_msgs: 4.2.4 (/opt/ros/humble/share/geometry_msgs/cmake)
[0.446s] -- Found nav_msgs: 4.2.4 (/opt/ros/humble/share/nav_msgs/cmake)
[0.463s] -- Found nmea_msgs: 2.0.0 (/opt/ros/humble/share/nmea_msgs/cmake)
[0.478s] -- Found sensor_msgs: 4.2.4 (/opt/ros/humble/share/sensor_msgs/cmake)
[0.496s] -- Found tf2: 0.25.12 (/opt/ros/humble/share/tf2/cmake)
[0.501s] -- Found tf2_geometry_msgs: 0.25.12 (/opt/ros/humble/share/tf2_geometry_msgs/cmake)
[0.506s] -- Found eigen3_cmake_module: 0.1.1 (/opt/ros/humble/share/eigen3_cmake_module/cmake)
[0.507s] -- Ensuring Eigen3 include directory is part of orocos-kdl CMake target
[0.660s] -- Found ament_lint_auto: 0.12.11 (/opt/ros/humble/share/ament_lint_auto/cmake)
[0.738s] -- Added test 'cppcheck' to perform static code analysis on C / C++ code
[0.739s] -- Configured cppcheck include dirs: /home/vyom/ros2_ws/src/cpp_pubsub/include
[0.739s] -- Configured cppcheck exclude dirs and/or files: 
[0.740s] -- Added test 'lint_cmake' to check CMake code style
[0.741s] -- Added test 'uncrustify' to check C / C++ code style
[0.742s] -- Configured uncrustify additional arguments: 
[0.742s] -- Added test 'xmllint' to check XML markup files
[0.744s] -- Configuring done
[0.805s] -- Generating done
[0.835s] -- Build files have been written to: /home/vyom/ros2_ws/build/cpp_pubsub
[0.845s] Invoked command in '/home/vyom/ros2_ws/build/cpp_pubsub' returned '0': CMAKE_PREFIX_PATH=${CMAKE_PREFIX_PATH}:/home/vyom/ros2_ws/install/py_pubsub:/home/vyom/ros2_ws/install/my_launch_files:/home/vyom/install/launch_testing_examples:/home/vyom/install/examples_rclpy_pointcloud_publisher:/home/vyom/install/examples_rclpy_minimal_subscriber:/home/vyom/install/examples_rclpy_minimal_service:/home/vyom/install/examples_rclpy_minimal_publisher:/home/vyom/install/examples_rclpy_minimal_client:/home/vyom/install/examples_rclpy_minimal_action_server:/home/vyom/install/examples_rclpy_minimal_action_client:/home/vyom/install/examples_rclpy_guard_conditions:/home/vyom/install/examples_rclpy_executors:/opt/ros/humble /usr/bin/cmake /home/vyom/ros2_ws/src/cpp_pubsub -DCMAKE_INSTALL_PREFIX=/home/vyom/ros2_ws/install/cpp_pubsub
[0.847s] Invoking command in '/home/vyom/ros2_ws/build/cpp_pubsub': CMAKE_PREFIX_PATH=${CMAKE_PREFIX_PATH}:/home/vyom/ros2_ws/install/py_pubsub:/home/vyom/ros2_ws/install/my_launch_files:/home/vyom/install/launch_testing_examples:/home/vyom/install/examples_rclpy_pointcloud_publisher:/home/vyom/install/examples_rclpy_minimal_subscriber:/home/vyom/install/examples_rclpy_minimal_service:/home/vyom/install/examples_rclpy_minimal_publisher:/home/vyom/install/examples_rclpy_minimal_client:/home/vyom/install/examples_rclpy_minimal_action_server:/home/vyom/install/examples_rclpy_minimal_action_client:/home/vyom/install/examples_rclpy_guard_conditions:/home/vyom/install/examples_rclpy_executors:/opt/ros/humble /usr/bin/cmake --build /home/vyom/ros2_ws/build/cpp_pubsub -- -j8 -l8
[0.898s] [35m[1mConsolidate compiler generated dependencies of target finalNode[0m
[0.898s] [35m[1mConsolidate compiler generated dependencies of target xbox_node[0m
[0.898s] [35m[1mConsolidate compiler generated dependencies of target pstryNode[0m
[0.898s] [35m[1mConsolidate compiler generated dependencies of target autoNode[0m
[0.901s] [35m[1mConsolidate compiler generated dependencies of target tb3Node[0m
[0.902s] [35m[1mConsolidate compiler generated dependencies of target ps4Node[0m
[0.902s] [35m[1mConsolidate compiler generated dependencies of target gpsNode[0m
[0.908s] [35m[1mConsolidate compiler generated dependencies of target dNode[0m
[0.927s] [ 14%] Built target pstryNode
[0.931s] [ 14%] Built target xbox_node
[0.940s] [ 21%] Built target ps4Node
[0.940s] [ 28%] Built target finalNode
[0.943s] [ 35%] Built target gpsNode
[0.947s] [ 42%] Built target tb3Node
[0.950s] [35m[1mConsolidate compiler generated dependencies of target ircNode[0m
[0.950s] [35m[1mConsolidate compiler generated dependencies of target armNode[0m
[0.958s] [ 50%] Built target dNode
[0.965s] [ 57%] Built target autoNode
[0.965s] [35m[1mConsolidate compiler generated dependencies of target combine[0m
[0.966s] [35m[1mConsolidate compiler generated dependencies of target IrcNode[0m
[0.969s] [35m[1mConsolidate compiler generated dependencies of target CamNode[0m
[0.973s] [35m[1mConsolidate compiler generated dependencies of target lidar[0m
[0.980s] [ 64%] Built target armNode
[0.986s] [ 71%] Built target ircNode
[0.992s] [ 78%] Built target combine
[0.995s] [ 92%] Built target CamNode
[0.995s] [ 92%] Built target IrcNode
[1.002s] [100%] Built target lidar
[1.013s] Invoked command in '/home/vyom/ros2_ws/build/cpp_pubsub' returned '0': CMAKE_PREFIX_PATH=${CMAKE_PREFIX_PATH}:/home/vyom/ros2_ws/install/py_pubsub:/home/vyom/ros2_ws/install/my_launch_files:/home/vyom/install/launch_testing_examples:/home/vyom/install/examples_rclpy_pointcloud_publisher:/home/vyom/install/examples_rclpy_minimal_subscriber:/home/vyom/install/examples_rclpy_minimal_service:/home/vyom/install/examples_rclpy_minimal_publisher:/home/vyom/install/examples_rclpy_minimal_client:/home/vyom/install/examples_rclpy_minimal_action_server:/home/vyom/install/examples_rclpy_minimal_action_client:/home/vyom/install/examples_rclpy_guard_conditions:/home/vyom/install/examples_rclpy_executors:/opt/ros/humble /usr/bin/cmake --build /home/vyom/ros2_ws/build/cpp_pubsub -- -j8 -l8
[1.022s] Invoking command in '/home/vyom/ros2_ws/build/cpp_pubsub': CMAKE_PREFIX_PATH=${CMAKE_PREFIX_PATH}:/home/vyom/ros2_ws/install/py_pubsub:/home/vyom/ros2_ws/install/my_launch_files:/home/vyom/install/launch_testing_examples:/home/vyom/install/examples_rclpy_pointcloud_publisher:/home/vyom/install/examples_rclpy_minimal_subscriber:/home/vyom/install/examples_rclpy_minimal_service:/home/vyom/install/examples_rclpy_minimal_publisher:/home/vyom/install/examples_rclpy_minimal_client:/home/vyom/install/examples_rclpy_minimal_action_server:/home/vyom/install/examples_rclpy_minimal_action_client:/home/vyom/install/examples_rclpy_guard_conditions:/home/vyom/install/examples_rclpy_executors:/opt/ros/humble /usr/bin/cmake --install /home/vyom/ros2_ws/build/cpp_pubsub
[1.030s] -- Install configuration: ""
[1.031s] -- Execute custom install script
[1.031s] -- Up-to-date symlink: /home/vyom/ros2_ws/install/cpp_pubsub/lib/cpp_pubsub/xbox_node
[1.031s] -- Up-to-date symlink: /home/vyom/ros2_ws/install/cpp_pubsub/lib/cpp_pubsub/finalNode
[1.031s] -- Up-to-date symlink: /home/vyom/ros2_ws/install/cpp_pubsub/lib/cpp_pubsub/tb3Node
[1.031s] -- Up-to-date symlink: /home/vyom/ros2_ws/install/cpp_pubsub/lib/cpp_pubsub/ps4Node
[1.032s] -- Up-to-date symlink: /home/vyom/ros2_ws/install/cpp_pubsub/lib/cpp_pubsub/pstryNode
[1.032s] -- Up-to-date symlink: /home/vyom/ros2_ws/install/cpp_pubsub/lib/cpp_pubsub/autoNode
[1.032s] -- Up-to-date symlink: /home/vyom/ros2_ws/install/cpp_pubsub/lib/cpp_pubsub/gpsNode
[1.032s] -- Up-to-date symlink: /home/vyom/ros2_ws/install/cpp_pubsub/lib/cpp_pubsub/dNode
[1.032s] -- Up-to-date symlink: /home/vyom/ros2_ws/install/cpp_pubsub/lib/cpp_pubsub/armNode
[1.032s] -- Up-to-date symlink: /home/vyom/ros2_ws/install/cpp_pubsub/lib/cpp_pubsub/ircNode
[1.032s] -- Up-to-date symlink: /home/vyom/ros2_ws/install/cpp_pubsub/lib/cpp_pubsub/IrcNode
[1.033s] -- Up-to-date symlink: /home/vyom/ros2_ws/install/cpp_pubsub/lib/cpp_pubsub/CamNode
[1.033s] -- Up-to-date symlink: /home/vyom/ros2_ws/install/cpp_pubsub/lib/cpp_pubsub/combine
[1.033s] -- Up-to-date symlink: /home/vyom/ros2_ws/install/cpp_pubsub/lib/cpp_pubsub/lidar
[1.033s] -- Up-to-date symlink: /home/vyom/ros2_ws/install/cpp_pubsub/share/ament_index/resource_index/package_run_dependencies/cpp_pubsub
[1.033s] -- Up-to-date symlink: /home/vyom/ros2_ws/install/cpp_pubsub/share/ament_index/resource_index/parent_prefix_path/cpp_pubsub
[1.034s] -- Up-to-date symlink: /home/vyom/ros2_ws/install/cpp_pubsub/share/cpp_pubsub/environment/ament_prefix_path.sh
[1.034s] -- Up-to-date symlink: /home/vyom/ros2_ws/install/cpp_pubsub/share/cpp_pubsub/environment/ament_prefix_path.dsv
[1.034s] -- Up-to-date symlink: /home/vyom/ros2_ws/install/cpp_pubsub/share/cpp_pubsub/environment/path.sh
[1.034s] -- Up-to-date symlink: /home/vyom/ros2_ws/install/cpp_pubsub/share/cpp_pubsub/environment/path.dsv
[1.034s] -- Up-to-date symlink: /home/vyom/ros2_ws/install/cpp_pubsub/share/cpp_pubsub/local_setup.bash
[1.034s] -- Up-to-date symlink: /home/vyom/ros2_ws/install/cpp_pubsub/share/cpp_pubsub/local_setup.sh
[1.035s] -- Up-to-date symlink: /home/vyom/ros2_ws/install/cpp_pubsub/share/cpp_pubsub/local_setup.zsh
[1.035s] -- Up-to-date symlink: /home/vyom/ros2_ws/install/cpp_pubsub/share/cpp_pubsub/local_setup.dsv
[1.035s] -- Symlinking: /home/vyom/ros2_ws/install/cpp_pubsub/share/cpp_pubsub/package.dsv
[1.044s] -- Up-to-date symlink: /home/vyom/ros2_ws/install/cpp_pubsub/share/ament_index/resource_index/packages/cpp_pubsub
[1.044s] -- Up-to-date symlink: /home/vyom/ros2_ws/install/cpp_pubsub/share/cpp_pubsub/cmake/cpp_pubsubConfig.cmake
[1.044s] -- Up-to-date symlink: /home/vyom/ros2_ws/install/cpp_pubsub/share/cpp_pubsub/cmake/cpp_pubsubConfig-version.cmake
[1.044s] -- Up-to-date symlink: /home/vyom/ros2_ws/install/cpp_pubsub/share/cpp_pubsub/package.xml
[1.046s] Invoked command in '/home/vyom/ros2_ws/build/cpp_pubsub' returned '0': CMAKE_PREFIX_PATH=${CMAKE_PREFIX_PATH}:/home/vyom/ros2_ws/install/py_pubsub:/home/vyom/ros2_ws/install/my_launch_files:/home/vyom/install/launch_testing_examples:/home/vyom/install/examples_rclpy_pointcloud_publisher:/home/vyom/install/examples_rclpy_minimal_subscriber:/home/vyom/install/examples_rclpy_minimal_service:/home/vyom/install/examples_rclpy_minimal_publisher:/home/vyom/install/examples_rclpy_minimal_client:/home/vyom/install/examples_rclpy_minimal_action_server:/home/vyom/install/examples_rclpy_minimal_action_client:/home/vyom/install/examples_rclpy_guard_conditions:/home/vyom/install/examples_rclpy_executors:/opt/ros/humble /usr/bin/cmake --install /home/vyom/ros2_ws/build/cpp_pubsub
