[0.026s] Invoking command in '/home/vyom/ros2_ws/build/cpp_pubsub': CMAKE_PREFIX_PATH=${CMAKE_PREFIX_PATH}:/home/vyom/install/launch_testing_examples:/home/vyom/install/examples_rclpy_pointcloud_publisher:/home/vyom/install/examples_rclpy_minimal_subscriber:/home/vyom/install/examples_rclpy_minimal_service:/home/vyom/install/examples_rclpy_minimal_publisher:/home/vyom/install/examples_rclpy_minimal_client:/home/vyom/install/examples_rclpy_minimal_action_server:/home/vyom/install/examples_rclpy_minimal_action_client:/home/vyom/install/examples_rclpy_guard_conditions:/home/vyom/install/examples_rclpy_executors:/opt/ros/humble /usr/bin/cmake /home/vyom/ros2_ws/src/cpp_pubsub -DAMENT_CMAKE_SYMLINK_INSTALL=1 -DCMAKE_INSTALL_PREFIX=/home/vyom/ros2_ws/install/cpp_pubsub
[0.318s] -- The C compiler identification is GNU 11.4.0
[0.318s] -- The CXX compiler identification is GNU 11.4.0
[0.318s] -- Detecting C compiler ABI info
[0.318s] -- Detecting C compiler ABI info - done
[0.318s] -- Check for working C compiler: /usr/bin/cc - skipped
[0.318s] -- Detecting C compile features
[0.318s] -- Detecting C compile features - done
[0.318s] -- Detecting CXX compiler ABI info
[0.319s] -- Detecting CXX compiler ABI info - done
[0.319s] -- Check for working CXX compiler: /usr/bin/c++ - skipped
[0.319s] -- Detecting CXX compile features
[0.319s] -- Detecting CXX compile features - done
[0.319s] -- Found ament_cmake: 1.3.11 (/opt/ros/humble/share/ament_cmake/cmake)
[0.460s] -- Found Python3: /usr/bin/python3 (found version "3.10.12") found components: Interpreter 
[0.524s] -- Override CMake install command with custom implementation using symlinks instead of copying resources
[0.582s] -- Found rclcpp: 16.0.11 (/opt/ros/humble/share/rclcpp/cmake)
[0.645s] -- Found rosidl_generator_c: 3.1.6 (/opt/ros/humble/share/rosidl_generator_c/cmake)
[0.655s] -- Found rosidl_adapter: 3.1.6 (/opt/ros/humble/share/rosidl_adapter/cmake)
[0.669s] -- Found rosidl_generator_cpp: 3.1.6 (/opt/ros/humble/share/rosidl_generator_cpp/cmake)
[0.688s] -- Using all available rosidl_typesupport_c: rosidl_typesupport_fastrtps_c;rosidl_typesupport_introspection_c
[0.714s] -- Using all available rosidl_typesupport_cpp: rosidl_typesupport_fastrtps_cpp;rosidl_typesupport_introspection_cpp
[0.786s] -- Found rmw_implementation_cmake: 6.1.2 (/opt/ros/humble/share/rmw_implementation_cmake/cmake)
[0.792s] -- Found rmw_cyclonedds_cpp: 1.3.4 (/opt/ros/humble/share/rmw_cyclonedds_cpp/cmake)
[0.827s] -- Using RMW implementation 'rmw_cyclonedds_cpp' as default
[0.843s] -- Looking for pthread.h
[0.919s] -- Looking for pthread.h - found
[0.919s] -- Performing Test CMAKE_HAVE_LIBC_PTHREAD
[0.996s] -- Performing Test CMAKE_HAVE_LIBC_PTHREAD - Success
[0.997s] -- Found Threads: TRUE  
[1.066s] -- Found turtlesim: 1.4.2 (/opt/ros/humble/share/turtlesim/cmake)
[1.117s] -- Found geometry_msgs: 4.2.4 (/opt/ros/humble/share/geometry_msgs/cmake)
[1.135s] -- Found nav_msgs: 4.2.4 (/opt/ros/humble/share/nav_msgs/cmake)
[1.157s] -- Found nmea_msgs: 2.0.0 (/opt/ros/humble/share/nmea_msgs/cmake)
[1.173s] -- Found sensor_msgs: 4.2.4 (/opt/ros/humble/share/sensor_msgs/cmake)
[1.194s] -- Found tf2: 0.25.12 (/opt/ros/humble/share/tf2/cmake)
[1.211s] -- Found tf2_geometry_msgs: 0.25.12 (/opt/ros/humble/share/tf2_geometry_msgs/cmake)
[1.236s] -- Found eigen3_cmake_module: 0.1.1 (/opt/ros/humble/share/eigen3_cmake_module/cmake)
[1.238s] -- Found Eigen3: TRUE (found version "3.4.0") 
[1.238s] -- Ensuring Eigen3 include directory is part of orocos-kdl CMake target
[1.427s] -- Found ament_lint_auto: 0.12.11 (/opt/ros/humble/share/ament_lint_auto/cmake)
[1.535s] -- Added test 'cppcheck' to perform static code analysis on C / C++ code
[1.537s] -- Configured cppcheck include dirs: /home/vyom/ros2_ws/src/cpp_pubsub/include
[1.537s] -- Configured cppcheck exclude dirs and/or files: 
[1.538s] -- Added test 'lint_cmake' to check CMake code style
[1.540s] -- Added test 'uncrustify' to check C / C++ code style
[1.540s] -- Configured uncrustify additional arguments: 
[1.541s] -- Added test 'xmllint' to check XML markup files
[1.544s] -- Configuring done
[1.615s] -- Generating done
[1.653s] -- Build files have been written to: /home/vyom/ros2_ws/build/cpp_pubsub
[1.664s] Invoked command in '/home/vyom/ros2_ws/build/cpp_pubsub' returned '0': CMAKE_PREFIX_PATH=${CMAKE_PREFIX_PATH}:/home/vyom/install/launch_testing_examples:/home/vyom/install/examples_rclpy_pointcloud_publisher:/home/vyom/install/examples_rclpy_minimal_subscriber:/home/vyom/install/examples_rclpy_minimal_service:/home/vyom/install/examples_rclpy_minimal_publisher:/home/vyom/install/examples_rclpy_minimal_client:/home/vyom/install/examples_rclpy_minimal_action_server:/home/vyom/install/examples_rclpy_minimal_action_client:/home/vyom/install/examples_rclpy_guard_conditions:/home/vyom/install/examples_rclpy_executors:/opt/ros/humble /usr/bin/cmake /home/vyom/ros2_ws/src/cpp_pubsub -DAMENT_CMAKE_SYMLINK_INSTALL=1 -DCMAKE_INSTALL_PREFIX=/home/vyom/ros2_ws/install/cpp_pubsub
[1.665s] Invoking command in '/home/vyom/ros2_ws/build/cpp_pubsub': CMAKE_PREFIX_PATH=${CMAKE_PREFIX_PATH}:/home/vyom/install/launch_testing_examples:/home/vyom/install/examples_rclpy_pointcloud_publisher:/home/vyom/install/examples_rclpy_minimal_subscriber:/home/vyom/install/examples_rclpy_minimal_service:/home/vyom/install/examples_rclpy_minimal_publisher:/home/vyom/install/examples_rclpy_minimal_client:/home/vyom/install/examples_rclpy_minimal_action_server:/home/vyom/install/examples_rclpy_minimal_action_client:/home/vyom/install/examples_rclpy_guard_conditions:/home/vyom/install/examples_rclpy_executors:/opt/ros/humble /usr/bin/cmake --build /home/vyom/ros2_ws/build/cpp_pubsub -- -j8 -l8
[1.731s] [  7%] [32mBuilding CXX object CMakeFiles/ps4Node.dir/src/ps4.cpp.o[0m
[1.731s] [  7%] [32mBuilding CXX object CMakeFiles/tb3Node.dir/src/first_node.cpp.o[0m
[1.731s] [ 14%] [32mBuilding CXX object CMakeFiles/autoNode.dir/src/autonomous.cpp.o[0m
[1.732s] [ 17%] [32mBuilding CXX object CMakeFiles/gpsNode.dir/src/gps.cpp.o[0m
[1.732s] [ 17%] [32mBuilding CXX object CMakeFiles/finalNode.dir/src/g2g_obs_avoidance_software.cpp.o[0m
[1.732s] [ 21%] [32mBuilding CXX object CMakeFiles/dNode.dir/src/g2g_obs_avoidance_hardware.cpp.o[0m
[1.732s] [ 25%] [32mBuilding CXX object CMakeFiles/xbox_node.dir/src/xbox_node.cpp.o[0m
[1.732s] [ 28%] [32mBuilding CXX object CMakeFiles/pstryNode.dir/src/ps4_try.cpp.o[0m
[19.119s] [ 32%] [32m[1mLinking CXX executable gpsNode[0m
[19.887s] [ 35%] [32m[1mLinking CXX executable xbox_node[0m
[20.092s] [ 39%] [32m[1mLinking CXX executable pstryNode[0m
[20.333s] [ 39%] Built target gpsNode
[20.398s] [ 42%] [32mBuilding CXX object CMakeFiles/armNode.dir/src/arm.cpp.o[0m
[20.469s] [ 46%] [32m[1mLinking CXX executable ps4Node[0m
[21.036s] [ 46%] Built target xbox_node
[21.082s] [ 50%] [32mBuilding CXX object CMakeFiles/ircNode.dir/src/autex.cpp.o[0m
[21.203s] [ 50%] Built target pstryNode
[21.258s] [ 53%] [32mBuilding CXX object CMakeFiles/IrcNode.dir/src/autex_hardware.cpp.o[0m
[21.464s] [ 53%] Built target ps4Node
[21.514s] [ 57%] [32mBuilding CXX object CMakeFiles/CamNode.dir/src/3d_cam.cpp.o[0m
[29.336s] [ 60%] [32m[1mLinking CXX executable autoNode[0m
[29.337s] [ 64%] [32m[1mLinking CXX executable finalNode[0m
[31.134s] [ 64%] Built target finalNode
[31.174s] [ 64%] Built target autoNode
[31.186s] [ 67%] [32mBuilding CXX object CMakeFiles/combine.dir/src/combined_drive_arm.cpp.o[0m
[31.236s] [ 71%] [32mBuilding CXX object CMakeFiles/lidar.dir/src/lidar.cpp.o[0m
[31.262s] [ 75%] [32m[1mLinking CXX executable tb3Node[0m
[32.464s] [ 78%] [32m[1mLinking CXX executable armNode[0m
[32.979s] [ 78%] Built target tb3Node
[33.024s] [ 78%] Built target armNode
[35.301s] [ 82%] [32m[1mLinking CXX executable dNode[0m
[36.716s] [ 82%] Built target dNode
[41.905s] [ 85%] [32m[1mLinking CXX executable CamNode[0m
[42.640s] [ 85%] Built target CamNode
[46.263s] [ 89%] [32m[1mLinking CXX executable IrcNode[0m
[46.486s] [ 92%] [32m[1mLinking CXX executable lidar[0m
[46.652s] [ 96%] [32m[1mLinking CXX executable combine[0m
[47.332s] [ 96%] Built target lidar
[47.394s] [ 96%] Built target IrcNode
[47.445s] [ 96%] Built target combine
[49.763s] [100%] [32m[1mLinking CXX executable ircNode[0m
[50.684s] [100%] Built target ircNode
[50.695s] Invoked command in '/home/vyom/ros2_ws/build/cpp_pubsub' returned '0': CMAKE_PREFIX_PATH=${CMAKE_PREFIX_PATH}:/home/vyom/install/launch_testing_examples:/home/vyom/install/examples_rclpy_pointcloud_publisher:/home/vyom/install/examples_rclpy_minimal_subscriber:/home/vyom/install/examples_rclpy_minimal_service:/home/vyom/install/examples_rclpy_minimal_publisher:/home/vyom/install/examples_rclpy_minimal_client:/home/vyom/install/examples_rclpy_minimal_action_server:/home/vyom/install/examples_rclpy_minimal_action_client:/home/vyom/install/examples_rclpy_guard_conditions:/home/vyom/install/examples_rclpy_executors:/opt/ros/humble /usr/bin/cmake --build /home/vyom/ros2_ws/build/cpp_pubsub -- -j8 -l8
[50.705s] Invoking command in '/home/vyom/ros2_ws/build/cpp_pubsub': CMAKE_PREFIX_PATH=${CMAKE_PREFIX_PATH}:/home/vyom/install/launch_testing_examples:/home/vyom/install/examples_rclpy_pointcloud_publisher:/home/vyom/install/examples_rclpy_minimal_subscriber:/home/vyom/install/examples_rclpy_minimal_service:/home/vyom/install/examples_rclpy_minimal_publisher:/home/vyom/install/examples_rclpy_minimal_client:/home/vyom/install/examples_rclpy_minimal_action_server:/home/vyom/install/examples_rclpy_minimal_action_client:/home/vyom/install/examples_rclpy_guard_conditions:/home/vyom/install/examples_rclpy_executors:/opt/ros/humble /usr/bin/cmake --install /home/vyom/ros2_ws/build/cpp_pubsub
[50.712s] -- Install configuration: ""
[50.712s] -- Execute custom install script
[50.713s] -- Symlinking: /home/vyom/ros2_ws/install/cpp_pubsub/lib/cpp_pubsub/xbox_node
[50.721s] -- Symlinking: /home/vyom/ros2_ws/install/cpp_pubsub/lib/cpp_pubsub/finalNode
[50.729s] -- Symlinking: /home/vyom/ros2_ws/install/cpp_pubsub/lib/cpp_pubsub/tb3Node
[50.737s] -- Symlinking: /home/vyom/ros2_ws/install/cpp_pubsub/lib/cpp_pubsub/ps4Node
[50.746s] -- Symlinking: /home/vyom/ros2_ws/install/cpp_pubsub/lib/cpp_pubsub/pstryNode
[50.754s] -- Symlinking: /home/vyom/ros2_ws/install/cpp_pubsub/lib/cpp_pubsub/autoNode
[50.764s] -- Symlinking: /home/vyom/ros2_ws/install/cpp_pubsub/lib/cpp_pubsub/gpsNode
[50.773s] -- Symlinking: /home/vyom/ros2_ws/install/cpp_pubsub/lib/cpp_pubsub/dNode
[50.783s] -- Symlinking: /home/vyom/ros2_ws/install/cpp_pubsub/lib/cpp_pubsub/armNode
[50.793s] -- Symlinking: /home/vyom/ros2_ws/install/cpp_pubsub/lib/cpp_pubsub/ircNode
[50.803s] -- Symlinking: /home/vyom/ros2_ws/install/cpp_pubsub/lib/cpp_pubsub/IrcNode
[50.813s] -- Symlinking: /home/vyom/ros2_ws/install/cpp_pubsub/lib/cpp_pubsub/CamNode
[50.823s] -- Symlinking: /home/vyom/ros2_ws/install/cpp_pubsub/lib/cpp_pubsub/combine
[50.833s] -- Symlinking: /home/vyom/ros2_ws/install/cpp_pubsub/lib/cpp_pubsub/lidar
[50.842s] -- Symlinking: /home/vyom/ros2_ws/install/cpp_pubsub/share/ament_index/resource_index/package_run_dependencies/cpp_pubsub
[50.851s] -- Symlinking: /home/vyom/ros2_ws/install/cpp_pubsub/share/ament_index/resource_index/parent_prefix_path/cpp_pubsub
[50.860s] -- Symlinking: /home/vyom/ros2_ws/install/cpp_pubsub/share/cpp_pubsub/environment/ament_prefix_path.sh
[50.870s] -- Symlinking: /home/vyom/ros2_ws/install/cpp_pubsub/share/cpp_pubsub/environment/ament_prefix_path.dsv
[50.880s] -- Symlinking: /home/vyom/ros2_ws/install/cpp_pubsub/share/cpp_pubsub/environment/path.sh
[50.890s] -- Symlinking: /home/vyom/ros2_ws/install/cpp_pubsub/share/cpp_pubsub/environment/path.dsv
[50.901s] -- Symlinking: /home/vyom/ros2_ws/install/cpp_pubsub/share/cpp_pubsub/local_setup.bash
[50.911s] -- Symlinking: /home/vyom/ros2_ws/install/cpp_pubsub/share/cpp_pubsub/local_setup.sh
[50.920s] -- Symlinking: /home/vyom/ros2_ws/install/cpp_pubsub/share/cpp_pubsub/local_setup.zsh
[50.929s] -- Symlinking: /home/vyom/ros2_ws/install/cpp_pubsub/share/cpp_pubsub/local_setup.dsv
[50.938s] -- Symlinking: /home/vyom/ros2_ws/install/cpp_pubsub/share/cpp_pubsub/package.dsv
[50.947s] -- Symlinking: /home/vyom/ros2_ws/install/cpp_pubsub/share/ament_index/resource_index/packages/cpp_pubsub
[50.955s] -- Symlinking: /home/vyom/ros2_ws/install/cpp_pubsub/share/cpp_pubsub/cmake/cpp_pubsubConfig.cmake
[50.963s] -- Symlinking: /home/vyom/ros2_ws/install/cpp_pubsub/share/cpp_pubsub/cmake/cpp_pubsubConfig-version.cmake
[50.971s] -- Symlinking: /home/vyom/ros2_ws/install/cpp_pubsub/share/cpp_pubsub/package.xml
[50.981s] Invoked command in '/home/vyom/ros2_ws/build/cpp_pubsub' returned '0': CMAKE_PREFIX_PATH=${CMAKE_PREFIX_PATH}:/home/vyom/install/launch_testing_examples:/home/vyom/install/examples_rclpy_pointcloud_publisher:/home/vyom/install/examples_rclpy_minimal_subscriber:/home/vyom/install/examples_rclpy_minimal_service:/home/vyom/install/examples_rclpy_minimal_publisher:/home/vyom/install/examples_rclpy_minimal_client:/home/vyom/install/examples_rclpy_minimal_action_server:/home/vyom/install/examples_rclpy_minimal_action_client:/home/vyom/install/examples_rclpy_guard_conditions:/home/vyom/install/examples_rclpy_executors:/opt/ros/humble /usr/bin/cmake --install /home/vyom/ros2_ws/build/cpp_pubsub
