[1.036s] Invoking command in '/home/vyom/ros2_ws/src/my_launch_files': PYTHONPATH=/home/vyom/ros2_ws/build/my_launch_files/prefix_override:/usr/lib/python3/dist-packages/colcon_core/task/python/colcon_distutils_commands:/home/vyom/ros2_ws/install/my_launch_files/lib/python3.10/site-packages:${PYTHONPATH} /usr/bin/python3 -W ignore:setup.py install is deprecated -W ignore:easy_install command is deprecated setup.py egg_info --egg-base ../../build/my_launch_files build --build-base /home/vyom/ros2_ws/build/my_launch_files/build install --record /home/vyom/ros2_ws/build/my_launch_files/install.log --single-version-externally-managed install_data
[1.320s] running egg_info
[1.321s] creating ../../build/my_launch_files/my_launch_files.egg-info
[1.321s] writing ../../build/my_launch_files/my_launch_files.egg-info/PKG-INFO
[1.321s] writing dependency_links to ../../build/my_launch_files/my_launch_files.egg-info/dependency_links.txt
[1.321s] writing entry points to ../../build/my_launch_files/my_launch_files.egg-info/entry_points.txt
[1.321s] writing requirements to ../../build/my_launch_files/my_launch_files.egg-info/requires.txt
[1.321s] writing top-level names to ../../build/my_launch_files/my_launch_files.egg-info/top_level.txt
[1.322s] writing manifest file '../../build/my_launch_files/my_launch_files.egg-info/SOURCES.txt'
[1.323s] reading manifest file '../../build/my_launch_files/my_launch_files.egg-info/SOURCES.txt'
[1.324s] writing manifest file '../../build/my_launch_files/my_launch_files.egg-info/SOURCES.txt'
[1.324s] running build
[1.324s] running build_py
[1.324s] creating /home/vyom/ros2_ws/build/my_launch_files/build
[1.325s] creating /home/vyom/ros2_ws/build/my_launch_files/build/lib
[1.325s] creating /home/vyom/ros2_ws/build/my_launch_files/build/lib/my_launch_files
[1.325s] copying my_launch_files/__init__.py -> /home/vyom/ros2_ws/build/my_launch_files/build/lib/my_launch_files
[1.325s] running install
[1.325s] running install_lib
[1.326s] creating /home/vyom/ros2_ws/install/my_launch_files/lib/python3.10/site-packages/my_launch_files
[1.326s] copying /home/vyom/ros2_ws/build/my_launch_files/build/lib/my_launch_files/__init__.py -> /home/vyom/ros2_ws/install/my_launch_files/lib/python3.10/site-packages/my_launch_files
[1.327s] byte-compiling /home/vyom/ros2_ws/install/my_launch_files/lib/python3.10/site-packages/my_launch_files/__init__.py to __init__.cpython-310.pyc
[1.327s] running install_data
[1.327s] creating /home/vyom/ros2_ws/install/my_launch_files/share/ament_index
[1.327s] creating /home/vyom/ros2_ws/install/my_launch_files/share/ament_index/resource_index
[1.327s] creating /home/vyom/ros2_ws/install/my_launch_files/share/ament_index/resource_index/packages
[1.327s] copying resource/my_launch_files -> /home/vyom/ros2_ws/install/my_launch_files/share/ament_index/resource_index/packages
[1.327s] copying package.xml -> /home/vyom/ros2_ws/install/my_launch_files/share/my_launch_files
[1.327s] creating /home/vyom/ros2_ws/install/my_launch_files/share/my_launch_files/launch
[1.327s] copying launch/cylin_world.launch.py -> /home/vyom/ros2_ws/install/my_launch_files/share/my_launch_files/launch
[1.327s] copying launch/ekf_launch.py -> /home/vyom/ros2_ws/install/my_launch_files/share/my_launch_files/launch
[1.327s] copying launch/ekf_launch_teleop.py -> /home/vyom/ros2_ws/install/my_launch_files/share/my_launch_files/launch
[1.327s] running install_egg_info
[1.330s] Copying ../../build/my_launch_files/my_launch_files.egg-info to /home/vyom/ros2_ws/install/my_launch_files/lib/python3.10/site-packages/my_launch_files-0.0.0-py3.10.egg-info
[1.330s] running install_scripts
[1.352s] writing list of installed files to '/home/vyom/ros2_ws/build/my_launch_files/install.log'
[1.404s] Invoked command in '/home/vyom/ros2_ws/src/my_launch_files' returned '0': PYTHONPATH=/home/vyom/ros2_ws/build/my_launch_files/prefix_override:/usr/lib/python3/dist-packages/colcon_core/task/python/colcon_distutils_commands:/home/vyom/ros2_ws/install/my_launch_files/lib/python3.10/site-packages:${PYTHONPATH} /usr/bin/python3 -W ignore:setup.py install is deprecated -W ignore:easy_install command is deprecated setup.py egg_info --egg-base ../../build/my_launch_files build --build-base /home/vyom/ros2_ws/build/my_launch_files/build install --record /home/vyom/ros2_ws/build/my_launch_files/install.log --single-version-externally-managed install_data
