[0.709s] Invoking command in '/home/vyom/ros2_ws/src/py_pubsub': PYTHONPATH=/home/vyom/ros2_ws/build/py_pubsub/prefix_override:/usr/lib/python3/dist-packages/colcon_core/task/python/colcon_distutils_commands:/home/vyom/ros2_ws/install/py_pubsub/lib/python3.10/site-packages:${PYTHONPATH} /usr/bin/python3 -W ignore:setup.py install is deprecated -W ignore:easy_install command is deprecated setup.py egg_info --egg-base ../../build/py_pubsub build --build-base /home/vyom/ros2_ws/build/py_pubsub/build install --record /home/vyom/ros2_ws/build/py_pubsub/install.log --single-version-externally-managed install_data
[0.948s] running egg_info
[0.948s] writing ../../build/py_pubsub/py_pubsub.egg-info/PKG-INFO
[0.949s] writing dependency_links to ../../build/py_pubsub/py_pubsub.egg-info/dependency_links.txt
[0.949s] writing entry points to ../../build/py_pubsub/py_pubsub.egg-info/entry_points.txt
[0.949s] writing requirements to ../../build/py_pubsub/py_pubsub.egg-info/requires.txt
[0.949s] writing top-level names to ../../build/py_pubsub/py_pubsub.egg-info/top_level.txt
[0.951s] reading manifest file '../../build/py_pubsub/py_pubsub.egg-info/SOURCES.txt'
[0.955s] adding license file 'LICENSE'
[0.955s] writing manifest file '../../build/py_pubsub/py_pubsub.egg-info/SOURCES.txt'
[0.955s] running build
[0.955s] running build_py
[0.956s] copying py_pubsub/gnd_obj_det.py -> /home/vyom/ros2_ws/build/py_pubsub/build/lib/py_pubsub
[0.956s] copying py_pubsub/Ground_det.py -> /home/vyom/ros2_ws/build/py_pubsub/build/lib/py_pubsub
[0.956s] running install
[0.957s] running install_lib
[0.958s] copying /home/vyom/ros2_ws/build/py_pubsub/build/lib/py_pubsub/gnd_obj_det.py -> /home/vyom/ros2_ws/install/py_pubsub/lib/python3.10/site-packages/py_pubsub
[0.958s] copying /home/vyom/ros2_ws/build/py_pubsub/build/lib/py_pubsub/Ground_det.py -> /home/vyom/ros2_ws/install/py_pubsub/lib/python3.10/site-packages/py_pubsub
[0.959s] byte-compiling /home/vyom/ros2_ws/install/py_pubsub/lib/python3.10/site-packages/py_pubsub/gnd_obj_det.py to gnd_obj_det.cpython-310.pyc
[0.960s] byte-compiling /home/vyom/ros2_ws/install/py_pubsub/lib/python3.10/site-packages/py_pubsub/Ground_det.py to Ground_det.cpython-310.pyc
[0.963s] running install_data
[0.963s] running install_egg_info
[0.965s] removing '/home/vyom/ros2_ws/install/py_pubsub/lib/python3.10/site-packages/py_pubsub-0.0.0-py3.10.egg-info' (and everything under it)
[0.965s] Copying ../../build/py_pubsub/py_pubsub.egg-info to /home/vyom/ros2_ws/install/py_pubsub/lib/python3.10/site-packages/py_pubsub-0.0.0-py3.10.egg-info
[0.967s] running install_scripts
[0.985s] Installing binary_im script to /home/vyom/ros2_ws/install/py_pubsub/lib/py_pubsub
[0.985s] Installing ekf_slam script to /home/vyom/ros2_ws/install/py_pubsub/lib/py_pubsub
[0.985s] Installing gd script to /home/vyom/ros2_ws/install/py_pubsub/lib/py_pubsub
[0.985s] Installing localization script to /home/vyom/ros2_ws/install/py_pubsub/lib/py_pubsub
[0.985s] Installing m2C script to /home/vyom/ros2_ws/install/py_pubsub/lib/py_pubsub
[0.985s] Installing slam_d script to /home/vyom/ros2_ws/install/py_pubsub/lib/py_pubsub
[0.986s] writing list of installed files to '/home/vyom/ros2_ws/build/py_pubsub/install.log'
[1.008s] Invoked command in '/home/vyom/ros2_ws/src/py_pubsub' returned '0': PYTHONPATH=/home/vyom/ros2_ws/build/py_pubsub/prefix_override:/usr/lib/python3/dist-packages/colcon_core/task/python/colcon_distutils_commands:/home/vyom/ros2_ws/install/py_pubsub/lib/python3.10/site-packages:${PYTHONPATH} /usr/bin/python3 -W ignore:setup.py install is deprecated -W ignore:easy_install command is deprecated setup.py egg_info --egg-base ../../build/py_pubsub build --build-base /home/vyom/ros2_ws/build/py_pubsub/build install --record /home/vyom/ros2_ws/build/py_pubsub/install.log --single-version-externally-managed install_data
