[0.030s] Invoking command in '/home/vyom/ros2_ws/build/cpp_pubsub': CMAKE_PREFIX_PATH=${CMAKE_PREFIX_PATH}:/home/vyom/ros2_ws/install/py_pubsub:/home/vyom/ros2_ws/install/my_launch_files:/home/vyom/install/launch_testing_examples:/home/vyom/install/examples_rclpy_pointcloud_publisher:/home/vyom/install/examples_rclpy_minimal_subscriber:/home/vyom/install/examples_rclpy_minimal_service:/home/vyom/install/examples_rclpy_minimal_publisher:/home/vyom/install/examples_rclpy_minimal_client:/home/vyom/install/examples_rclpy_minimal_action_server:/home/vyom/install/examples_rclpy_minimal_action_client:/home/vyom/install/examples_rclpy_guard_conditions:/home/vyom/install/examples_rclpy_executors:/opt/ros/humble /usr/bin/cmake --build /home/vyom/ros2_ws/build/cpp_pubsub -- -j8 -l8
[0.374s] [35m[1mConsolidate compiler generated dependencies of target ps4Node[0m
[0.375s] [35m[1mConsolidate compiler generated dependencies of target pstryNode[0m
[0.375s] [35m[1mConsolidate compiler generated dependencies of target xbox_node[0m
[0.375s] [35m[1mConsolidate compiler generated dependencies of target autoNode[0m
[0.375s] [35m[1mConsolidate compiler generated dependencies of target finalNode[0m
[0.375s] [35m[1mConsolidate compiler generated dependencies of target dNode[0m
[0.375s] [35m[1mConsolidate compiler generated dependencies of target tb3Node[0m
[0.375s] [35m[1mConsolidate compiler generated dependencies of target gpsNode[0m
[0.375s] [  7%] Built target pstryNode
[0.375s] [ 14%] Built target xbox_node
[0.375s] [ 21%] Built target ps4Node
[0.376s] [ 35%] Built target finalNode
[0.376s] [ 35%] Built target autoNode
[0.376s] [ 42%] Built target dNode
[0.376s] [ 50%] Built target tb3Node
[0.376s] [35m[1mConsolidate compiler generated dependencies of target armNode[0m
[0.376s] [35m[1mConsolidate compiler generated dependencies of target IrcNode[0m
[0.376s] [ 57%] Built target gpsNode
[0.376s] [35m[1mConsolidate compiler generated dependencies of target ircNode[0m
[0.376s] [35m[1mConsolidate compiler generated dependencies of target combine[0m
[0.376s] [35m[1mConsolidate compiler generated dependencies of target CamNode[0m
[0.376s] [35m[1mConsolidate compiler generated dependencies of target lidar[0m
[0.377s] [ 64%] Built target ircNode
[0.377s] [ 71%] Built target armNode
[0.377s] [ 78%] Built target IrcNode
[0.377s] [ 92%] Built target CamNode
[0.377s] [ 92%] Built target combine
[0.377s] [100%] Built target lidar
[0.670s] Invoked command in '/home/vyom/ros2_ws/build/cpp_pubsub' returned '0': CMAKE_PREFIX_PATH=${CMAKE_PREFIX_PATH}:/home/vyom/ros2_ws/install/py_pubsub:/home/vyom/ros2_ws/install/my_launch_files:/home/vyom/install/launch_testing_examples:/home/vyom/install/examples_rclpy_pointcloud_publisher:/home/vyom/install/examples_rclpy_minimal_subscriber:/home/vyom/install/examples_rclpy_minimal_service:/home/vyom/install/examples_rclpy_minimal_publisher:/home/vyom/install/examples_rclpy_minimal_client:/home/vyom/install/examples_rclpy_minimal_action_server:/home/vyom/install/examples_rclpy_minimal_action_client:/home/vyom/install/examples_rclpy_guard_conditions:/home/vyom/install/examples_rclpy_executors:/opt/ros/humble /usr/bin/cmake --build /home/vyom/ros2_ws/build/cpp_pubsub -- -j8 -l8
[0.680s] Invoking command in '/home/vyom/ros2_ws/build/cpp_pubsub': CMAKE_PREFIX_PATH=${CMAKE_PREFIX_PATH}:/home/vyom/ros2_ws/install/py_pubsub:/home/vyom/ros2_ws/install/my_launch_files:/home/vyom/install/launch_testing_examples:/home/vyom/install/examples_rclpy_pointcloud_publisher:/home/vyom/install/examples_rclpy_minimal_subscriber:/home/vyom/install/examples_rclpy_minimal_service:/home/vyom/install/examples_rclpy_minimal_publisher:/home/vyom/install/examples_rclpy_minimal_client:/home/vyom/install/examples_rclpy_minimal_action_server:/home/vyom/install/examples_rclpy_minimal_action_client:/home/vyom/install/examples_rclpy_guard_conditions:/home/vyom/install/examples_rclpy_executors:/opt/ros/humble /usr/bin/cmake --install /home/vyom/ros2_ws/build/cpp_pubsub
[0.687s] -- Install configuration: ""
[0.687s] -- Up-to-date: /home/vyom/ros2_ws/install/cpp_pubsub/lib/cpp_pubsub/xbox_node
[0.687s] -- Up-to-date: /home/vyom/ros2_ws/install/cpp_pubsub/lib/cpp_pubsub/finalNode
[0.687s] -- Up-to-date: /home/vyom/ros2_ws/install/cpp_pubsub/lib/cpp_pubsub/tb3Node
[0.687s] -- Up-to-date: /home/vyom/ros2_ws/install/cpp_pubsub/lib/cpp_pubsub/ps4Node
[0.688s] -- Up-to-date: /home/vyom/ros2_ws/install/cpp_pubsub/lib/cpp_pubsub/pstryNode
[0.688s] -- Up-to-date: /home/vyom/ros2_ws/install/cpp_pubsub/lib/cpp_pubsub/autoNode
[0.688s] -- Up-to-date: /home/vyom/ros2_ws/install/cpp_pubsub/lib/cpp_pubsub/gpsNode
[0.688s] -- Up-to-date: /home/vyom/ros2_ws/install/cpp_pubsub/lib/cpp_pubsub/dNode
[0.688s] -- Up-to-date: /home/vyom/ros2_ws/install/cpp_pubsub/lib/cpp_pubsub/armNode
[0.688s] -- Up-to-date: /home/vyom/ros2_ws/install/cpp_pubsub/lib/cpp_pubsub/ircNode
[0.689s] -- Up-to-date: /home/vyom/ros2_ws/install/cpp_pubsub/lib/cpp_pubsub/IrcNode
[0.689s] -- Up-to-date: /home/vyom/ros2_ws/install/cpp_pubsub/lib/cpp_pubsub/CamNode
[0.689s] -- Up-to-date: /home/vyom/ros2_ws/install/cpp_pubsub/lib/cpp_pubsub/combine
[0.689s] -- Up-to-date: /home/vyom/ros2_ws/install/cpp_pubsub/lib/cpp_pubsub/lidar
[0.689s] -- Up-to-date: /home/vyom/ros2_ws/install/cpp_pubsub/share/ament_index/resource_index/package_run_dependencies/cpp_pubsub
[0.689s] -- Up-to-date: /home/vyom/ros2_ws/install/cpp_pubsub/share/ament_index/resource_index/parent_prefix_path/cpp_pubsub
[0.689s] -- Up-to-date: /home/vyom/ros2_ws/install/cpp_pubsub/share/cpp_pubsub/environment/ament_prefix_path.sh
[0.690s] -- Up-to-date: /home/vyom/ros2_ws/install/cpp_pubsub/share/cpp_pubsub/environment/ament_prefix_path.dsv
[0.690s] -- Up-to-date: /home/vyom/ros2_ws/install/cpp_pubsub/share/cpp_pubsub/environment/path.sh
[0.690s] -- Up-to-date: /home/vyom/ros2_ws/install/cpp_pubsub/share/cpp_pubsub/environment/path.dsv
[0.690s] -- Up-to-date: /home/vyom/ros2_ws/install/cpp_pubsub/share/cpp_pubsub/local_setup.bash
[0.690s] -- Up-to-date: /home/vyom/ros2_ws/install/cpp_pubsub/share/cpp_pubsub/local_setup.sh
[0.690s] -- Up-to-date: /home/vyom/ros2_ws/install/cpp_pubsub/share/cpp_pubsub/local_setup.zsh
[0.690s] -- Up-to-date: /home/vyom/ros2_ws/install/cpp_pubsub/share/cpp_pubsub/local_setup.dsv
[0.690s] -- Installing: /home/vyom/ros2_ws/install/cpp_pubsub/share/cpp_pubsub/package.dsv
[0.690s] -- Up-to-date: /home/vyom/ros2_ws/install/cpp_pubsub/share/ament_index/resource_index/packages/cpp_pubsub
[0.690s] -- Up-to-date: /home/vyom/ros2_ws/install/cpp_pubsub/share/cpp_pubsub/cmake/cpp_pubsubConfig.cmake
[0.691s] -- Up-to-date: /home/vyom/ros2_ws/install/cpp_pubsub/share/cpp_pubsub/cmake/cpp_pubsubConfig-version.cmake
[0.691s] -- Up-to-date: /home/vyom/ros2_ws/install/cpp_pubsub/share/cpp_pubsub/package.xml
[0.692s] Invoked command in '/home/vyom/ros2_ws/build/cpp_pubsub' returned '0': CMAKE_PREFIX_PATH=${CMAKE_PREFIX_PATH}:/home/vyom/ros2_ws/install/py_pubsub:/home/vyom/ros2_ws/install/my_launch_files:/home/vyom/install/launch_testing_examples:/home/vyom/install/examples_rclpy_pointcloud_publisher:/home/vyom/install/examples_rclpy_minimal_subscriber:/home/vyom/install/examples_rclpy_minimal_service:/home/vyom/install/examples_rclpy_minimal_publisher:/home/vyom/install/examples_rclpy_minimal_client:/home/vyom/install/examples_rclpy_minimal_action_server:/home/vyom/install/examples_rclpy_minimal_action_client:/home/vyom/install/examples_rclpy_guard_conditions:/home/vyom/install/examples_rclpy_executors:/opt/ros/humble /usr/bin/cmake --install /home/vyom/ros2_ws/build/cpp_pubsub
