[1.690s] Invoking command in '/home/vyom/ros2_ws/build/py_pubsub': PYTHONPATH=/home/vyom/ros2_ws/build/py_pubsub/prefix_override:/usr/lib/python3/dist-packages/colcon_core/task/python/colcon_distutils_commands:/home/vyom/ros2_ws/install/py_pubsub/lib/python3.10/site-packages:${PYTHONPATH} /usr/bin/python3 -W ignore:setup.py install is deprecated -W ignore:easy_install command is deprecated setup.py develop --editable --build-directory /home/vyom/ros2_ws/build/py_pubsub/build --no-deps symlink_data --force
[2.149s] running develop
[2.417s] running egg_info
[2.435s] writing py_pubsub.egg-info/PKG-INFO
[2.441s] writing dependency_links to py_pubsub.egg-info/dependency_links.txt
[2.441s] writing entry points to py_pubsub.egg-info/entry_points.txt
[2.442s] writing requirements to py_pubsub.egg-info/requires.txt
[2.442s] writing top-level names to py_pubsub.egg-info/top_level.txt
[2.491s] reading manifest file 'py_pubsub.egg-info/SOURCES.txt'
[2.493s] writing manifest file 'py_pubsub.egg-info/SOURCES.txt'
[2.516s] running build_ext
[2.517s] Creating /home/vyom/ros2_ws/install/py_pubsub/lib/python3.10/site-packages/py-pubsub.egg-link (link to .)
[2.518s] Installing binary_im script to /home/vyom/ros2_ws/install/py_pubsub/lib/py_pubsub
[2.518s] Installing ekf_slam script to /home/vyom/ros2_ws/install/py_pubsub/lib/py_pubsub
[2.518s] Installing gd script to /home/vyom/ros2_ws/install/py_pubsub/lib/py_pubsub
[2.519s] Installing localization script to /home/vyom/ros2_ws/install/py_pubsub/lib/py_pubsub
[2.519s] Installing m2C script to /home/vyom/ros2_ws/install/py_pubsub/lib/py_pubsub
[2.519s] Installing slam_d script to /home/vyom/ros2_ws/install/py_pubsub/lib/py_pubsub
[2.519s] 
[2.519s] Installed /home/vyom/ros2_ws/build/py_pubsub
[2.519s] running symlink_data
[2.520s] symbolically linking /home/vyom/ros2_ws/build/py_pubsub/resource/py_pubsub -> /home/vyom/ros2_ws/install/py_pubsub/share/ament_index/resource_index/packages
[2.520s] symbolically linking /home/vyom/ros2_ws/build/py_pubsub/package.xml -> /home/vyom/ros2_ws/install/py_pubsub/share/py_pubsub
[2.571s] Invoked command in '/home/vyom/ros2_ws/build/py_pubsub' returned '0': PYTHONPATH=/home/vyom/ros2_ws/build/py_pubsub/prefix_override:/usr/lib/python3/dist-packages/colcon_core/task/python/colcon_distutils_commands:/home/vyom/ros2_ws/install/py_pubsub/lib/python3.10/site-packages:${PYTHONPATH} /usr/bin/python3 -W ignore:setup.py install is deprecated -W ignore:easy_install command is deprecated setup.py develop --editable --build-directory /home/vyom/ros2_ws/build/py_pubsub/build --no-deps symlink_data --force
