[2.197s] Invoking command in '/home/vyom/ros2_ws/src/py_pubsub': PYTHONPATH=/home/vyom/ros2_ws/build/py_pubsub/prefix_override:/usr/lib/python3/dist-packages/colcon_core/task/python/colcon_distutils_commands:/home/vyom/ros2_ws/install/py_pubsub/lib/python3.10/site-packages:${PYTHONPATH} /usr/bin/python3 -W ignore:setup.py install is deprecated -W ignore:easy_install command is deprecated setup.py egg_info --egg-base ../../build/py_pubsub build --build-base /home/vyom/ros2_ws/build/py_pubsub/build install --record /home/vyom/ros2_ws/build/py_pubsub/install.log --single-version-externally-managed install_data
[3.039s] running egg_info
[3.040s] writing ../../build/py_pubsub/py_pubsub.egg-info/PKG-INFO
[3.040s] writing dependency_links to ../../build/py_pubsub/py_pubsub.egg-info/dependency_links.txt
[3.041s] writing entry points to ../../build/py_pubsub/py_pubsub.egg-info/entry_points.txt
[3.041s] writing requirements to ../../build/py_pubsub/py_pubsub.egg-info/requires.txt
[3.041s] writing top-level names to ../../build/py_pubsub/py_pubsub.egg-info/top_level.txt
[3.045s] reading manifest file '../../build/py_pubsub/py_pubsub.egg-info/SOURCES.txt'
[3.045s] adding license file 'LICENSE'
[3.047s] writing manifest file '../../build/py_pubsub/py_pubsub.egg-info/SOURCES.txt'
[3.047s] running build
[3.047s] running build_py
[3.047s] copying py_pubsub/gnd_obj_det.py -> /home/vyom/ros2_ws/build/py_pubsub/build/lib/py_pubsub
[3.050s] running install
[3.053s] running install_lib
[3.058s] copying /home/vyom/ros2_ws/build/py_pubsub/build/lib/py_pubsub/gnd_obj_det.py -> /home/vyom/ros2_ws/install/py_pubsub/lib/python3.10/site-packages/py_pubsub
[3.059s] byte-compiling /home/vyom/ros2_ws/install/py_pubsub/lib/python3.10/site-packages/py_pubsub/gnd_obj_det.py to gnd_obj_det.cpython-310.pyc
[3.061s] running install_data
[3.062s] running install_egg_info
[3.069s] removing '/home/vyom/ros2_ws/install/py_pubsub/lib/python3.10/site-packages/py_pubsub-0.0.0-py3.10.egg-info' (and everything under it)
[3.070s] Copying ../../build/py_pubsub/py_pubsub.egg-info to /home/vyom/ros2_ws/install/py_pubsub/lib/python3.10/site-packages/py_pubsub-0.0.0-py3.10.egg-info
[3.072s] running install_scripts
[3.125s] Installing binary_im script to /home/vyom/ros2_ws/install/py_pubsub/lib/py_pubsub
[3.125s] Installing ekf_slam script to /home/vyom/ros2_ws/install/py_pubsub/lib/py_pubsub
[3.125s] Installing gd script to /home/vyom/ros2_ws/install/py_pubsub/lib/py_pubsub
[3.126s] Installing localization script to /home/vyom/ros2_ws/install/py_pubsub/lib/py_pubsub
[3.126s] Installing m2C script to /home/vyom/ros2_ws/install/py_pubsub/lib/py_pubsub
[3.126s] Installing slam_d script to /home/vyom/ros2_ws/install/py_pubsub/lib/py_pubsub
[3.127s] writing list of installed files to '/home/vyom/ros2_ws/build/py_pubsub/install.log'
[3.209s] Invoked command in '/home/vyom/ros2_ws/src/py_pubsub' returned '0': PYTHONPATH=/home/vyom/ros2_ws/build/py_pubsub/prefix_override:/usr/lib/python3/dist-packages/colcon_core/task/python/colcon_distutils_commands:/home/vyom/ros2_ws/install/py_pubsub/lib/python3.10/site-packages:${PYTHONPATH} /usr/bin/python3 -W ignore:setup.py install is deprecated -W ignore:easy_install command is deprecated setup.py egg_info --egg-base ../../build/py_pubsub build --build-base /home/vyom/ros2_ws/build/py_pubsub/build install --record /home/vyom/ros2_ws/build/py_pubsub/install.log --single-version-externally-managed install_data
