[3.344s] Invoking command in '/home/vyom/ros2_ws/src/py_pubsub': PYTHONPATH=/home/vyom/ros2_ws/build/py_pubsub/prefix_override:/usr/lib/python3/dist-packages/colcon_core/task/python/colcon_distutils_commands:/home/vyom/ros2_ws/install/py_pubsub/lib/python3.10/site-packages:${PYTHONPATH} /usr/bin/python3 -W ignore:setup.py install is deprecated -W ignore:easy_install command is deprecated setup.py egg_info --egg-base ../../build/py_pubsub build --build-base /home/vyom/ros2_ws/build/py_pubsub/build install --record /home/vyom/ros2_ws/build/py_pubsub/install.log --single-version-externally-managed install_data
[4.294s] running egg_info
[4.357s] writing ../../build/py_pubsub/py_pubsub.egg-info/PKG-INFO
[4.365s] writing dependency_links to ../../build/py_pubsub/py_pubsub.egg-info/dependency_links.txt
[4.366s] writing entry points to ../../build/py_pubsub/py_pubsub.egg-info/entry_points.txt
[4.367s] writing requirements to ../../build/py_pubsub/py_pubsub.egg-info/requires.txt
[4.367s] writing top-level names to ../../build/py_pubsub/py_pubsub.egg-info/top_level.txt
[4.500s] reading manifest file '../../build/py_pubsub/py_pubsub.egg-info/SOURCES.txt'
[4.501s] adding license file 'LICENSE'
[4.502s] writing manifest file '../../build/py_pubsub/py_pubsub.egg-info/SOURCES.txt'
[4.504s] running build
[4.506s] running build_py
[4.508s] copying py_pubsub/__init__.py -> /home/vyom/ros2_ws/build/py_pubsub/build/lib/py_pubsub
[4.509s] copying py_pubsub/gnd_try.py -> /home/vyom/ros2_ws/build/py_pubsub/build/lib/py_pubsub
[4.511s] copying py_pubsub/Untitled-2.py -> /home/vyom/ros2_ws/build/py_pubsub/build/lib/py_pubsub
[4.512s] copying py_pubsub/m2C.py -> /home/vyom/ros2_ws/build/py_pubsub/build/lib/py_pubsub
[4.512s] copying py_pubsub/Untitled-1.py -> /home/vyom/ros2_ws/build/py_pubsub/build/lib/py_pubsub
[4.512s] copying py_pubsub/Untitled-3.py -> /home/vyom/ros2_ws/build/py_pubsub/build/lib/py_pubsub
[4.513s] copying py_pubsub/ekf_slam_d.py -> /home/vyom/ros2_ws/build/py_pubsub/build/lib/py_pubsub
[4.513s] copying py_pubsub/EKF_slam.py -> /home/vyom/ros2_ws/build/py_pubsub/build/lib/py_pubsub
[4.514s] copying py_pubsub/gnd_obj_det.py -> /home/vyom/ros2_ws/build/py_pubsub/build/lib/py_pubsub
[4.515s] copying py_pubsub/EKF_localization.py -> /home/vyom/ros2_ws/build/py_pubsub/build/lib/py_pubsub
[4.516s] copying py_pubsub/Ground_det.py -> /home/vyom/ros2_ws/build/py_pubsub/build/lib/py_pubsub
[4.518s] running install
[4.534s] running install_lib
[4.592s] copying /home/vyom/ros2_ws/build/py_pubsub/build/lib/py_pubsub/Untitled-2.py -> /home/vyom/ros2_ws/install/py_pubsub/lib/python3.10/site-packages/py_pubsub
[4.592s] copying /home/vyom/ros2_ws/build/py_pubsub/build/lib/py_pubsub/Untitled-1.py -> /home/vyom/ros2_ws/install/py_pubsub/lib/python3.10/site-packages/py_pubsub
[4.593s] copying /home/vyom/ros2_ws/build/py_pubsub/build/lib/py_pubsub/Untitled-3.py -> /home/vyom/ros2_ws/install/py_pubsub/lib/python3.10/site-packages/py_pubsub
[4.594s] byte-compiling /home/vyom/ros2_ws/install/py_pubsub/lib/python3.10/site-packages/py_pubsub/Untitled-2.py to Untitled-2.cpython-310.pyc
[4.607s] byte-compiling /home/vyom/ros2_ws/install/py_pubsub/lib/python3.10/site-packages/py_pubsub/Untitled-1.py to Untitled-1.cpython-310.pyc
[4.610s] byte-compiling /home/vyom/ros2_ws/install/py_pubsub/lib/python3.10/site-packages/py_pubsub/Untitled-3.py to Untitled-3.cpython-310.pyc
[4.624s] running install_data
[4.624s] copying resource/py_pubsub -> /home/vyom/ros2_ws/install/py_pubsub/share/ament_index/resource_index/packages
[4.625s] copying package.xml -> /home/vyom/ros2_ws/install/py_pubsub/share/py_pubsub
[4.625s] running install_egg_info
[4.689s] removing '/home/vyom/ros2_ws/install/py_pubsub/lib/python3.10/site-packages/py_pubsub-0.0.0-py3.10.egg-info' (and everything under it)
[4.689s] Copying ../../build/py_pubsub/py_pubsub.egg-info to /home/vyom/ros2_ws/install/py_pubsub/lib/python3.10/site-packages/py_pubsub-0.0.0-py3.10.egg-info
[4.691s] running install_scripts
[5.310s] Installing binary_im script to /home/vyom/ros2_ws/install/py_pubsub/lib/py_pubsub
[5.311s] Installing ekf_slam script to /home/vyom/ros2_ws/install/py_pubsub/lib/py_pubsub
[5.311s] Installing gd script to /home/vyom/ros2_ws/install/py_pubsub/lib/py_pubsub
[5.311s] Installing localization script to /home/vyom/ros2_ws/install/py_pubsub/lib/py_pubsub
[5.311s] Installing m2C script to /home/vyom/ros2_ws/install/py_pubsub/lib/py_pubsub
[5.312s] Installing slam_d script to /home/vyom/ros2_ws/install/py_pubsub/lib/py_pubsub
[5.313s] writing list of installed files to '/home/vyom/ros2_ws/build/py_pubsub/install.log'
[5.428s] Invoked command in '/home/vyom/ros2_ws/src/py_pubsub' returned '0': PYTHONPATH=/home/vyom/ros2_ws/build/py_pubsub/prefix_override:/usr/lib/python3/dist-packages/colcon_core/task/python/colcon_distutils_commands:/home/vyom/ros2_ws/install/py_pubsub/lib/python3.10/site-packages:${PYTHONPATH} /usr/bin/python3 -W ignore:setup.py install is deprecated -W ignore:easy_install command is deprecated setup.py egg_info --egg-base ../../build/py_pubsub build --build-base /home/vyom/ros2_ws/build/py_pubsub/build install --record /home/vyom/ros2_ws/build/py_pubsub/install.log --single-version-externally-managed install_data
